Log file open, 10/20/16 09:46:58
LogInit:Display: Running engine for game: JiangHuPro
LogPlatformFile: Not using cached read wrapper
LogInit:Display: RandInit(2026430846) SRandInit(2026430847).
LogInit: Using version manifest at CL 0 with build ID 'caa277b9-0cf4-4a65-a119-a2600e1507bc'
LogTaskGraph: Started task graph with 4 named threads and 7 total threads with 1 sets of task threads.
LogStats: Stats thread started at 0.159431
LogInit: Version: 4.12.4-0+UE4
LogInit: API Version: 0
LogInit: Net Version: 0
LogDevObjectVersion: Number of dev versions registered: 13
LogDevObjectVersion:   Dev-Blueprints (B0D832E4-1F89-4F0D-ACCF-7EB736FD4AA2): 3
LogDevObjectVersion:   Dev-Build (E1C64328-A22C-4D53-A36C-8E866417BD8C): 0
LogDevObjectVersion:   Dev-Core (375EC13C-06E4-48FB-B500-84F0262A717E): 1
LogDevObjectVersion:   Dev-Editor (E4B068ED-F494-42E9-A231-DA0B2E46BB41): 2
LogDevObjectVersion:   Dev-Framework (CFFC743F-43B0-4480-9391-14DF171D2073): 6
LogDevObjectVersion:   Dev-Mobile (B02B49B5-BB20-44E9-A304-32B752E40360): 0
LogDevObjectVersion:   Dev-Networking (A4E4105C-59A1-49B5-A7C5-40C4547EDFEE): 0
LogDevObjectVersion:   Dev-Online (39C831C9-5AE6-47DC-9A44-9C173E1C8E7C): 0
LogDevObjectVersion:   Dev-Physics (78F01B33-EBEA-4F98-B9B4-84EACCB95AA2): 0
LogDevObjectVersion:   Dev-Platform (6631380F-2D4D-43E0-8009-CF276956A95A): 0
LogDevObjectVersion:   Dev-Rendering (12F88B9F-8875-4AFC-A67C-D90C383ABD29): 2
LogDevObjectVersion:   Dev-Sequencer (7B5AE74C-D270-4C10-A958-57980B212A5A): 0
LogDevObjectVersion:   Dev-VR (D7296918-1DD6-4BDD-9DE2-64A83CC13884): 0
LogInit: Compiled (64-bit): Oct 19 2016 18:18:56
LogInit: Compiled with Visual C++: 19.00.23026.00
LogInit: Build Configuration: Development
LogInit: Branch Name: UE4
LogInit: Command line:  
LogInit: Base directory: C:/Users/soco2/Desktop/UE4/UE4-Hairwroks/Engine/Binaries/Win64/
LogInit: Installed Engine Build: 0
LogInit: Using libcurl 7.41.0
LogInit:  - built for x86_64-pc-win32
LogInit:  - supports SSL with WinSSL
LogInit:  - other features:
LogInit:      CURL_VERSION_SSL
LogInit:      CURL_VERSION_IPV6
LogInit:      CURL_VERSION_ASYNCHDNS
LogInit:      CURL_VERSION_LARGEFILE
LogInit:      CURL_VERSION_IDN
LogInit:  CurlRequestOptions (configurable via config and command line):
LogInit:  - bVerifyPeer = true  - Libcurl will verify peer certificate
LogInit:  - bUseHttpProxy = false  - Libcurl will NOT use HTTP proxy
LogInit:  - bDontReuseConnections = false  - Libcurl will reuse connections
LogInit:  - CertBundlePath = nullptr  - Libcurl will use whatever was configured at build time.
LogInit: Presizing for max 8388607 objects, including 0 objects not considered by GC, pre-allocating 0 bytes for permanent pool.
LogInit: Object subsystem initialized
[2016.10.20-01.46.58:377][  0]LogInit: Selected Device Profile: [Windows]
[2016.10.20-01.46.58:377][  0]LogInit: Applying CVar settings loaded from the selected device profile: [Windows]
[2016.10.20-01.46.58:440][  0]LogInit: Computer: SOCO
[2016.10.20-01.46.58:440][  0]LogInit: User: soco2
[2016.10.20-01.46.58:440][  0]LogInit: CPU Page size=65536, Cores=4
[2016.10.20-01.46.58:440][  0]LogInit: High frequency timer resolution =3.117799 MHz
[2016.10.20-01.46.58:440][  0]LogMemory: Memory total: Physical=8.0GB (8GB approx)
[2016.10.20-01.46.58:440][  0]LogMemory: Platform Memory Stats for Windows
[2016.10.20-01.46.58:440][  0]LogMemory: Process Physical Memory: 190.06 MB used, 190.06 MB peak
[2016.10.20-01.46.58:440][  0]LogMemory: Process Virtual Memory: 194.93 MB used, 194.93 MB peak
[2016.10.20-01.46.58:440][  0]LogMemory: Physical Memory: 3419.82 MB used, 8142.95 MB total
[2016.10.20-01.46.58:440][  0]LogMemory: Virtual Memory: 550.34 MB used, 134217728.00 MB total
[2016.10.20-01.46.59:991][  0]LogTextLocalizationManager:Warning: Loaded localization resources contain conflicting entries for (Namespace:K2Node, Key:Target):
Localization Resource: (C:/Users/soco2/Desktop/UE4/UE4-Hairwroks/Engine/Content/Localization/EditorTutorials/zh-CN/EditorTutorials.locres) Source String Hash: (-1589014459) Localized String: (目标)
Localization Resource: (C:/Users/soco2/Desktop/UE4/UE4-Hairwroks/Engine/Content/Localization/Engine/zh-CN/Engine.locres) Source String Hash: (-1589014459) Localized String: (对象)
[2016.10.20-01.46.59:991][  0]LogTextLocalizationManager:Warning: Loaded localization resources contain conflicting entries for (Namespace:K2Node, Key:false):
Localization Resource: (C:/Users/soco2/Desktop/UE4/UE4-Hairwroks/Engine/Content/Localization/EditorTutorials/zh-CN/EditorTutorials.locres) Source String Hash: (816077464) Localized String: (假)
Localization Resource: (C:/Users/soco2/Desktop/UE4/UE4-Hairwroks/Engine/Content/Localization/Engine/zh-CN/Engine.locres) Source String Hash: (816077464) Localized String: (错误)
[2016.10.20-01.46.59:991][  0]LogTextLocalizationManager:Warning: Loaded localization resources contain conflicting entries for (Namespace:K2Node, Key:true):
Localization Resource: (C:/Users/soco2/Desktop/UE4/UE4-Hairwroks/Engine/Content/Localization/EditorTutorials/zh-CN/EditorTutorials.locres) Source String Hash: (-942328987) Localized String: (真)
Localization Resource: (C:/Users/soco2/Desktop/UE4/UE4-Hairwroks/Engine/Content/Localization/Engine/zh-CN/Engine.locres) Source String Hash: (-942328987) Localized String: (正确)
[2016.10.20-01.46.59:992][  0]LogTextLocalizationManager:Warning: Loaded localization resources contain conflicting entries for (Namespace:UObjectToolTips, Key:AnimNode_AssetPlayerBase:InternalTimeAccumulator):
Localization Resource: (C:/Users/soco2/Desktop/UE4/UE4-Hairwroks/Engine/Content/Localization/EditorTutorials/zh-CN/EditorTutorials.locres) Source String Hash: (502993589) Localized String: (用于引用此节点中的资源的累积时间)
Localization Resource: (C:/Users/soco2/Desktop/UE4/UE4-Hairwroks/Engine/Content/Localization/Engine/zh-CN/Engine.locres) Source String Hash: (502993589) Localized String: (引用该节点中资源所用的累计时间)
[2016.10.20-01.46.59:992][  0]LogTextLocalizationManager:Warning: Loaded localization resources contain conflicting entries for (Namespace:UObjectToolTips, Key:AnimNode_AssetPlayerBase:bIgnoreForRelevancyTest):
Localization Resource: (C:/Users/soco2/Desktop/UE4/UE4-Hairwroks/Engine/Content/Localization/EditorTutorials/zh-CN/EditorTutorials.locres) Source String Hash: (319969718) Localized String: (若为真，在状态中寻找最高权重动画的“相关动画”节点将忽视 此节点)
Localization Resource: (C:/Users/soco2/Desktop/UE4/UE4-Hairwroks/Engine/Content/Localization/Engine/zh-CN/Engine.locres) Source String Hash: (319969718) Localized String: (如果为真，那么将会忽略查找最高权重动画的"相关动画"节点。
这个节点)
[2016.10.20-01.46.59:992][  0]LogTextLocalizationManager:Warning: Loaded localization resources contain conflicting entries for (Namespace:UObjectToolTips, Key:AnimNode_AssetPlayerBase:BlendWeight):
Localization Resource: (C:/Users/soco2/Desktop/UE4/UE4-Hairwroks/Engine/Content/Localization/EditorTutorials/zh-CN/EditorTutorials.locres) Source String Hash: (-1232800293) Localized String: (此节点最后交会的混合权重)
Localization Resource: (C:/Users/soco2/Desktop/UE4/UE4-Hairwroks/Engine/Content/Localization/Engine/zh-CN/Engine.locres) Source String Hash: (-1232800293) Localized String: (该节点上一次遇到的混合权重)
[2016.10.20-01.47.00:341][  0]LogD3D11RHI: D3D11 adapters:
[2016.10.20-01.47.00:392][  0]LogD3D11RHI:    0. 'NVIDIA GeForce GTX 745' (Feature Level 11_0)
[2016.10.20-01.47.00:392][  0]LogD3D11RHI:       4062/0/4071 MB DedicatedVideo/DedicatedSystem/SharedSystem, Outputs:1, VendorId:0x10de
[2016.10.20-01.47.00:393][  0]LogD3D11RHI:    1. 'Microsoft Basic Render Driver' (Feature Level 11_0)
[2016.10.20-01.47.00:393][  0]LogD3D11RHI:       0/0/4071 MB DedicatedVideo/DedicatedSystem/SharedSystem, Outputs:0, VendorId:0x1414
[2016.10.20-01.47.00:393][  0]LogD3D11RHI: Chosen D3D11 Adapter: 0
[2016.10.20-01.47.00:397][  0]LogD3D11RHI: Creating new Direct3DDevice
[2016.10.20-01.47.00:397][  0]LogD3D11RHI:     GPU DeviceId: 0x1382 (for the marketing name, search the web for "GPU Device Id")
[2016.10.20-01.47.00:397][  0]LogWindows: EnumDisplayDevices:
[2016.10.20-01.47.00:397][  0]LogWindows:    0. 'NVIDIA GeForce GTX 745' (P:1 D:1)
[2016.10.20-01.47.00:397][  0]LogWindows:    1. 'NVIDIA GeForce GTX 745' (P:0 D:0)
[2016.10.20-01.47.00:398][  0]LogWindows:    2. 'NVIDIA GeForce GTX 745' (P:0 D:0)
[2016.10.20-01.47.00:398][  0]LogWindows: DebugString: FoundDriverCount:3 
[2016.10.20-01.47.00:398][  0]LogD3D11RHI:     Adapter Name: NVIDIA GeForce GTX 745
[2016.10.20-01.47.00:398][  0]LogD3D11RHI:   Driver Version: 369.09 (internal:21.21.13.6909, unified:369.09)
[2016.10.20-01.47.00:398][  0]LogD3D11RHI:      Driver Date: 8-1-2016
[2016.10.20-01.47.00:398][  0]LogRHI: Texture pool is 1361 MB (70% of 1945 MB)
[2016.10.20-01.47.00:411][  0]LogD3D11RHI: Async texture creation enabled
[2016.10.20-01.47.00:422][  0]LogD3D11RHI: GPU Timing Frequency: 1000.000000 (Debug: 2 1)
[2016.10.20-01.47.00:551][  0]LogHairWorks:Display: HairWorks SDK initialized OK
[2016.10.20-01.47.00:646][  0]LogShaderCompilers: Guid format shader working directory is 12 characters bigger than the processId version (../../../../JiangHuGit/JiangHuPro/Intermediate/Shaders/WorkingDirectory/10908/).
[2016.10.20-01.47.00:646][  0]LogShaderCompilers: Cleaned the shader compiler working directory 'C:/Users/soco2/AppData/Local/Temp/UnrealShaderWorkingDir/6691922B4F6C8C2C4FE5898ED694401A/'.
[2016.10.20-01.47.00:646][  0]LogShaderCompilers:Display: Using Local Shader Compiler.
[2016.10.20-01.47.04:588][  0]LogTemp:Display: Loaded TP WindowsTargetPlatform
[2016.10.20-01.47.04:596][  0]LogTemp:Display: Loaded TP WindowsNoEditorTargetPlatform
[2016.10.20-01.47.04:604][  0]LogTemp:Display: Loaded TP WindowsServerTargetPlatform
[2016.10.20-01.47.04:612][  0]LogTemp:Display: Loaded TP WindowsClientTargetPlatform
[2016.10.20-01.47.04:619][  0]LogTemp:Display: Loaded TP AllDesktopTargetPlatform
[2016.10.20-01.47.04:628][  0]LogTemp:Display: Loaded TP AndroidTargetPlatform
[2016.10.20-01.47.04:634][  0]LogTemp:Display: Loaded TP Android_PVRTCTargetPlatform
[2016.10.20-01.47.04:640][  0]LogTemp:Display: Loaded TP Android_ATCTargetPlatform
[2016.10.20-01.47.04:646][  0]LogTemp:Display: Loaded TP Android_DXTTargetPlatform
[2016.10.20-01.47.04:652][  0]LogTemp:Display: Loaded TP Android_ETC1TargetPlatform
[2016.10.20-01.47.04:658][  0]LogTemp:Display: Loaded TP Android_ETC2TargetPlatform
[2016.10.20-01.47.04:664][  0]LogTemp:Display: Loaded TP Android_ASTCTargetPlatform
[2016.10.20-01.47.04:670][  0]LogTemp:Display: Loaded TP Android_MultiTargetPlatform
[2016.10.20-01.47.04:671][  0]LogTemp:Display: Loaded TP HTML5TargetPlatform
[2016.10.20-01.47.04:762][  0]LogTemp:Display: Loaded TP IOSTargetPlatform
[2016.10.20-01.47.04:768][  0]LogTemp:Display: Loaded TP TVOSTargetPlatform
[2016.10.20-01.47.04:768][  0]LogTargetPlatformManager:Display: Building Assets For Windows
[2016.10.20-01.47.05:531][  0]LogDerivedDataCache:Display: Max Cache Size: 512 MB
[2016.10.20-01.47.05:953][  0]LogDerivedDataCache: Loaded boot cache 0.42s 48MB ../../../../JiangHuGit/JiangHuPro/DerivedDataCache/Boot.ddc.
[2016.10.20-01.47.05:953][  0]LogDerivedDataCache:Display: Loaded Boot cache: ../../../../JiangHuGit/JiangHuPro/DerivedDataCache/Boot.ddc
[2016.10.20-01.47.05:953][  0]LogDerivedDataCache: FDerivedDataBackendGraph:  Pak pak cache file ../../../../JiangHuGit/JiangHuPro/DerivedDataCache/DDC.ddp not found, will not use a pak cache.
[2016.10.20-01.47.05:953][  0]LogDerivedDataCache: Unable to find inner node Pak for hierarchical cache Hierarchy.
[2016.10.20-01.47.05:954][  0]LogDerivedDataCache: FDerivedDataBackendGraph:  EnginePak pak cache file ../../../Engine/DerivedDataCache/DDC.ddp not found, will not use a pak cache.
[2016.10.20-01.47.05:954][  0]LogDerivedDataCache: Unable to find inner node EnginePak for hierarchical cache Hierarchy.
[2016.10.20-01.47.05:966][  0]LogDerivedDataCache: Using Local data cache path ../../../Engine/DerivedDataCache: Writable
[2016.10.20-01.47.05:966][  0]LogDerivedDataCache: Shared data cache path not found in *engine.ini, will not use an Shared cache.
[2016.10.20-01.47.05:966][  0]LogDerivedDataCache: Unable to find inner node Shared for hierarchical cache Hierarchy.
[2016.10.20-01.47.13:083][  0]LogInit: Selected Device Profile: [Windows]
[2016.10.20-01.47.13:114][  0]LogContentStreaming: Texture pool size is 0.00 MB
[2016.10.20-01.47.14:186][  0]LogMeshUtilities: No automatic mesh reduction module available
[2016.10.20-01.47.14:186][  0]LogMeshUtilities: No automatic mesh merging module available
[2016.10.20-01.47.14:186][  0]LogMeshUtilities: No distributed automatic mesh merging module available
[2016.10.20-01.47.17:216][  0]LogAssetRegistry: FAssetRegistry took 0.0216 seconds to start up
[2016.10.20-01.47.17:523][  0]LogPackageLocalizationCache: Processed 3 localized package path(s) for 4 prioritized culture(s) in 0.301681 seconds
[2016.10.20-01.47.17:537][  0]LogUObjectArray: 28882 objects as part of root set at end of initial load.
[2016.10.20-01.47.17:537][  0]LogUObjectAllocator: 5878280 out of 0 bytes used by permanent object pool.
[2016.10.20-01.47.17:537][  0]LogUObjectArray: CloseDisregardForGC: 0/0 objects in disregard for GC pool
[2016.10.20-01.47.17:563][  0]LogInit: WinSock: version 1.1 (2.2), MaxSocks=32767, MaxUdp=65467
[2016.10.20-01.47.20:822][  0]LogSlate: SlateFontCache - WITH_FREETYPE: 1, WITH_HARFBUZZ: 1
[2016.10.20-01.47.20:822][  0]LogSlate: SlateFontCache - WITH_FREETYPE: 1, WITH_HARFBUZZ: 1
[2016.10.20-01.47.45:265][  0]LogUdpMessaging: Initializing bridge on interface 0.0.0.0:0 to multicast group 230.0.0.1:6666.
[2016.10.20-01.47.46:674][  0]SourceControl: 信息 源码控制已禁用
[2016.10.20-01.47.46:683][  0]SourceControl: 信息 源码控制已禁用
[2016.10.20-01.47.46:695][  0]SourceControl: 信息 源码控制已禁用
[2016.10.20-01.47.46:706][  0]SourceControl: 信息 源码控制已禁用
[2016.10.20-01.47.47:310][  0]LogEngine: Initializing Engine...
[2016.10.20-01.47.47:364][  0]LogHMD: SteamVR failed to initialize.  Err: 110
[2016.10.20-01.47.47:365][  0]LogHMD: SteamVR failed to initialize.  Err: 110
[2016.10.20-01.47.48:600][  0]LogAIModule: Creating AISystem for world NewWorld
[2016.10.20-01.47.48:608][  0]LogInit: XAudio2 using '扬声器 (Realtek High Definition Audio)' : 2 channels at 48 kHz using 32 bits per sample (channel mask 0x3)
[2016.10.20-01.47.48:755][  0]LogInit: FAudioDevice initialized.
[2016.10.20-01.47.48:821][  0]LogDerivedDataCache: Saved boot cache 0.06s 48MB ../../../../JiangHuGit/JiangHuPro/DerivedDataCache/Boot.ddc.
[2016.10.20-01.47.48:829][  0]LogInit: Texture streaming: Enabled
[2016.10.20-01.47.48:909][  0]LogInit: Transaction tracking system initialized
[2016.10.20-01.47.48:937][  0]BlueprintLog: New page: 编辑器加载
[2016.10.20-01.47.49:066][  0]LocalizationService: 信息 本地化服务已被禁用
[2016.10.20-01.47.49:302][  0]LogConsoleResponse:Display: 
[2016.10.20-01.47.52:224][  0]LogCook:Display: Max memory allowance for cook 8192mb
[2016.10.20-01.47.52:224][  0]LogCook:Display: Mobile HDR setting 1
[2016.10.20-01.47.52:967][  0]LogFileCache: Scanning file cache for directory 'C:/Users/soco2/Desktop/UE4/JiangHuGit/JiangHuPro/Content/' took 0.05s
[2016.10.20-01.47.53:526][  0]SourceControl: 信息 源码控制已禁用
[2016.10.20-01.47.53:526][  0]Cmd: MAP LOAD FILE="../../../../JiangHuGit/JiangHuPro/Content/MyCharacter/Minimal_Default.umap" TEMPLATE=0 SHOWPROGRESS=1 FEATURELEVEL=3
[2016.10.20-01.47.53:564][  0]LightingResults: New page: 光照构建
[2016.10.20-01.47.53:568][  0]MapCheck: New page: 地图检测
[2016.10.20-01.47.53:568][  0]LightingResults: New page: 光照构建
[2016.10.20-01.47.53:950][  0]LogLinker:Warning: 无法寻找到文件'/Game/MyCharacter/Blueprints/CharacterPlayerBP'
[2016.10.20-01.47.53:950][  0]LogLinker:Warning: 无法在加载../../../../JiangHuGit/JiangHuPro/Content/MyCharacter/Blueprints/MyGameMode.uasset时寻找到资源'/Game/MyCharacter/Blueprints/CharacterPlayerBP'的文件。
[2016.10.20-01.47.53:951][  0]LoadErrors:Error: 错误 /Game/MyCharacter/Blueprints/MyGameMode : 无法寻找到资源的文件。 /Game/MyCharacter/Blueprints/CharacterPlayerBP
[2016.10.20-01.47.55:945][  0]LogBlueprint:Warning: [CharacterAnim] CreatePinForVariable: 'DoAttack?' variable not found. Base class was probably changed.
[2016.10.20-01.47.55:945][  0]LogBlueprint:Warning: [CharacterAnim] CreatePinForVariable: 'DoJump?' variable not found. Base class was probably changed.
[2016.10.20-01.47.55:948][  0]LogBlueprint:Warning: [CharacterAnim] CreatePinForVariable: 'DoSkill?' variable not found. Base class was probably changed.
[2016.10.20-01.47.55:949][  0]LogBlueprint:Warning: [CharacterAnim] CreatePinForVariable: 'DoBlock?' variable not found. Base class was probably changed.
[2016.10.20-01.47.55:949][  0]LogBlueprint:Warning: [CharacterAnim] CreatePinForVariable: 'EqipState' variable not found. Base class was probably changed.
[2016.10.20-01.47.55:949][  0]LogBlueprint:Warning: [CharacterAnim] CreatePinForVariable: 'DoJump?' variable not found. Base class was probably changed.
[2016.10.20-01.47.55:985][  0]LogBlueprint:Warning: Compiler 警告 无法找到名称为"DoJump?"的函数于'CharacterBP_C'内。
请确保已经为 获得DoJump? 编译了'CharacterBP_C'
[2016.10.20-01.47.55:985][  0]LogBlueprint:Warning: Compiler 警告 无法找到名称为"DoBlock?"的函数于'CharacterBP_C'内。
请确保已经为 获得DoBlock? 编译了'CharacterBP_C'
[2016.10.20-01.47.56:002][  0]LogBlueprint:Warning: Compiler 警告 无法找到名称为"DoJump?"的函数于'CharacterBP_C'内。
请确保已经为 获得DoJump? 编译了'CharacterBP_C'
[2016.10.20-01.47.56:002][  0]LogBlueprint:Warning: Compiler 警告 无法找到名称为"DoBlock?"的函数于'CharacterBP_C'内。
请确保已经为 获得DoBlock? 编译了'CharacterBP_C'
[2016.10.20-01.47.56:013][  0]LogBlueprint:Error: Compiler 错误 没有找到和  Do Jump? 相关的属性
[2016.10.20-01.47.56:013][  0]LogBlueprint:Error: Compiler 错误 没有找到和  Do Block? 相关的属性
[2016.10.20-01.47.56:016][  0]LogBlueprint:Error: Compiler 错误 没有找到和  Do Attack? 相关的属性
[2016.10.20-01.47.56:017][  0]LogBlueprint:Error: Compiler 错误 没有找到和  Do Jump? 相关的属性
[2016.10.20-01.47.56:017][  0]LogBlueprint:Error: Compiler 错误 没有找到和  Eqip State 相关的属性
[2016.10.20-01.47.56:018][  0]LogBlueprint:Error: Compiler 错误 没有找到和  Do Skill? 相关的属性
[2016.10.20-01.47.56:062][  0]LogBlueprint:Warning: Compiler 警告 [0062.77] Compile of CharacterAnim failed. 6 Fatal Issue(s) 4 Warning(s) [in 106 ms] (/Game/MyCharacter/Animations/CharacterAnim.CharacterAnim)
[2016.10.20-01.47.56:063][  0]LogBlueprint:Warning: Compiler 警告 [0062.77] Compile of CharacterAnim failed. 6 Fatal Issue(s) 5 Warning(s) [in 0 ms] (/Game/MyCharacter/Animations/CharacterAnim.CharacterAnim)
[2016.10.20-01.47.56:063][  0]LogBlueprint:Warning: Compiler 警告 [0062.77] Compile of CharacterAnim failed. 6 Fatal Issue(s) 6 Warning(s) [in 0 ms] (/Game/MyCharacter/Animations/CharacterAnim.CharacterAnim)
[2016.10.20-01.47.56:944][  0]LogLinker:Warning: 无法寻找到文件'/Game/MyCharacter/Blueprints/CharacterPlayerBP'
[2016.10.20-01.47.56:944][  0]LogLinker:Warning: 无法在加载../../../../JiangHuGit/JiangHuPro/Content/MyCharacter/Blueprints/MyGameMode.uasset时寻找到资源'/Game/MyCharacter/Blueprints/CharacterPlayerBP'的文件。
[2016.10.20-01.47.56:944][  0]LoadErrors:Error: 错误 /Game/MyCharacter/Blueprints/MyGameMode : 无法寻找到资源的文件。 /Game/MyCharacter/Blueprints/CharacterPlayerBP
[2016.10.20-01.47.56:945][  0]LogLinker:Warning: 无法寻找到文件'/Game/MyCharacter/Blueprints/CharacterPlayerBP'
[2016.10.20-01.47.56:945][  0]LogLinker:Warning: 无法在加载../../../../JiangHuGit/JiangHuPro/Content/MyCharacter/Minimal_Default.umap时寻找到资源'/Game/MyCharacter/Blueprints/CharacterPlayerBP'的文件。
[2016.10.20-01.47.56:945][  0]LoadErrors:Error: 错误 /Game/MyCharacter/Minimal_Default : 无法寻找到资源的文件。 /Game/MyCharacter/Blueprints/CharacterPlayerBP
[2016.10.20-01.47.56:945][  0]LogLinker:Warning: 无法寻找到文件'/Game/MyCharacter/Blueprints/CharacterPlayerBP'
[2016.10.20-01.47.56:945][  0]LogLinker:Warning: 无法在加载../../../../JiangHuGit/JiangHuPro/Content/MyCharacter/Minimal_Default.umap时寻找到资源'/Game/MyCharacter/Blueprints/CharacterPlayerBP'的文件。
[2016.10.20-01.47.56:945][  0]LoadErrors:Error: 错误 /Game/MyCharacter/Minimal_Default : 无法寻找到资源的文件。 /Game/MyCharacter/Blueprints/CharacterPlayerBP
[2016.10.20-01.47.56:945][  0]LogLinker:Warning: 无法寻找到文件'/Game/MyCharacter/Blueprints/CharacterPlayerBP'
[2016.10.20-01.47.56:945][  0]LoadErrors: 信息 加载失败 /Game/MyCharacter/Blueprints/CharacterPlayerBP.CharacterPlayerBP_C 引用者 Default__MyGameMode_C
[2016.10.20-01.47.56:945][  0]LogLinker:Warning: 无法在加载../../../../JiangHuGit/JiangHuPro/Content/MyCharacter/Minimal_Default.umap时寻找到资源'/Game/MyCharacter/Blueprints/CharacterPlayerBP'的文件。
[2016.10.20-01.47.56:945][  0]LoadErrors: 信息 加载失败 /Game/MyCharacter/Blueprints/CharacterPlayerBP.CharacterPlayerBP_C 引用者 Default__MyGameMode_C
[2016.10.20-01.47.56:945][  0]LoadErrors:Error: 错误 /Game/MyCharacter/Minimal_Default : 无法寻找到资源的文件。 /Game/MyCharacter/Blueprints/CharacterPlayerBP
[2016.10.20-01.48.01:299][  0]LogAIModule: Creating AISystem for world Minimal_Default
[2016.10.20-01.48.01:600][  0]LogEditorServer: Finished looking for orphan Actors (0.000 secs)
[2016.10.20-01.48.01:647][  0]Cmd: MAP CHECKDEP NOCLEARLOG
[2016.10.20-01.48.01:719][  0]MapCheck: 信息 地图检测完成：0个错误，0 个警告，用时72.005毫秒完成。
[2016.10.20-01.48.01:719][  0]LogFileHelpers: Loading map 'Minimal_Default' took 8.193
[2016.10.20-01.48.01:942][  0]LogCollectionManager: Loaded 0 collections in 0.001883 seconds
[2016.10.20-01.48.01:981][  0]LogFileCache: Scanning file cache for directory 'C:/Users/soco2/Desktop/UE4/JiangHuGit/JiangHuPro/Saved/Collections/' took 0.01s
[2016.10.20-01.48.01:981][  0]LogFileCache: Scanning file cache for directory 'C:/Users/soco2/Desktop/UE4/JiangHuGit/JiangHuPro/Content/Developers/soco2/Collections/' took 0.01s
[2016.10.20-01.48.01:981][  0]LogFileCache: Scanning file cache for directory 'C:/Users/soco2/Desktop/UE4/JiangHuGit/JiangHuPro/Content/Collections/' took 0.01s
[2016.10.20-01.48.01:981][  0]LogCollectionManager: Rebuilt the GUID cache for 0 collections in 0.000003 seconds
[2016.10.20-01.48.01:988][  0]LogContentBrowser: Native class hierarchy populated in 0.0076 seconds. Added 2052 classes and 367 folders.
[2016.10.20-01.48.01:993][  0]LogStats: UGameplayTagsManager::ConstructGameplayTagTree: Construct from data asset -  0.000 s
[2016.10.20-01.48.01:993][  0]LogStats: UGameplayTagsManager::ConstructGameplayTagTree: GameplayTagTreeChangedEvent.Broadcast -  0.000 s
[2016.10.20-01.48.01:993][  0]LogContentBrowser: Native class hierarchy updated for 'GameplayTags' in 0.0004 seconds. Added 12 classes and 0 folders.
[2016.10.20-01.48.01:997][  0]LogContentBrowser: Native class hierarchy updated for 'WidgetCarousel' in 0.0003 seconds. Added 0 classes and 0 folders.
[2016.10.20-01.48.04:470][  0]LogContentBrowser: Native class hierarchy updated for 'AddContentDialog' in 0.0007 seconds. Added 0 classes and 0 folders.
[2016.10.20-01.48.04:476][  0]LogContentBrowser: Native class hierarchy updated for 'SceneOutliner' in 0.0006 seconds. Added 1 classes and 2 folders.
[2016.10.20-01.48.04:564][  0]LogCrashTracker: Crashtracker disabled due to settings.
[2016.10.20-01.48.04:570][  0]LogUObjectGlobals:Warning: 寻找对象'Class 无.'失败
[2016.10.20-01.48.04:595][  0]LogContentBrowser: Native class hierarchy updated for 'HierarchicalLODOutliner' in 0.0004 seconds. Added 1 classes and 2 folders.
[2016.10.20-01.48.04:595][  0]LogLoad: Full Startup: 71.30 seconds (BP compile: 0.51 seconds)
[2016.10.20-01.48.04:595][  0]LogExternalProfiler: No external profilers were discovered.  External profiling features will not be available.
[2016.10.20-01.48.04:936][  0]LogOcInput: OculusInput pre-init called
[2016.10.20-01.48.04:957][  0]LogContentStreaming: Texture pool size now 400 MB
[2016.10.20-01.48.05:482][  0]LogRenderer: Reallocating scene render targets to support 1140x644 (Frame:2).
[2016.10.20-01.48.05:658][  1]Cmd: UpdateLandscapeEditorData -warnings
[2016.10.20-01.48.06:237][  2]LogAssetRegistry: Asset discovery search completed in 49.0421 seconds
[2016.10.20-01.48.06:237][  2]LogCollectionManager: Rebuilt the object cache for 0 collections in 0.000001 seconds (found 0 objects)
[2016.10.20-01.48.06:237][  2]LogCollectionManager: Fixed up redirectors for 0 collections in 0.000019 seconds (updated 0 objects)
[2016.10.20-01.48.19:530][552]LogContentBrowser: Native class hierarchy updated for 'BlueprintGraph' in 0.0007 seconds. Added 111 classes and 0 folders.
[2016.10.20-01.48.49:082][841]LogActorComponent: UnregisterComponent: (/Engine/Transient.EditorFloorComp) Not registered. Aborting.
[2016.10.20-01.48.51:191][841]LogObjectTools:Warning: ForceReplaceReferences replaced references for a transient object 'DEADCLASS_InventoryCharacterBP_C_0' or package '/Engine/Transient'.
[2016.10.20-01.48.51:191][841]LogObjectTools:Warning: ForceReplaceReferences replaced references for a transient object 'DEADCLASS_InventoryCharacterBP_C_1' or package '/Engine/Transient'.
[2016.10.20-01.48.51:192][841]LogObjectTools:Warning: ForceReplaceReferences replaced references for a transient object 'REINST_SKEL_InventoryCharacterBP_C_52' or package '/Engine/Transient'.
[2016.10.20-01.48.51:192][841]LogObjectTools:Warning: ForceReplaceReferences replaced references for a transient object 'REINST_InventoryCharacterBP_C_51' or package '/Engine/Transient'.
[2016.10.20-01.50.14:851][852]BlueprintLog: New page: 编译CharacterBP
[2016.10.20-01.50.16:150][852]BlueprintEditorCompileResults: 信息 执行路径不是以返回节点结束的。 假 
[2016.10.20-01.50.16:150][852]BlueprintEditorCompileResults: 信息 [0202.84] Compile of CharacterBP successful! [in 1,281 ms] (/Game/MyCharacter/Blueprints/CharacterBP.CharacterBP)
[2016.10.20-01.50.17:144][897]Cmd: OBJ SAVEPACKAGE PACKAGE="/Game/MyCharacter/Blueprints/CharacterBP" FILE="../../../../JiangHuGit/JiangHuPro/Content/MyCharacter/Blueprints/CharacterBP.uasset" SILENT=true
[2016.10.20-01.50.17:739][897]LogSavePackage: Save=264.74ms
[2016.10.20-01.50.17:739][897]LogSavePackage: Moving '../../../../JiangHuGit/JiangHuPro/Saved/CharacterBP8B8E3F294CCAA90979E4F1B37CC4B9AF.tmp' to '../../../../JiangHuGit/JiangHuPro/Content/MyCharacter/Blueprints/CharacterBP.uasset'
[2016.10.20-01.50.17:751][897]LogSavePackage:Display: Finished SavePackage ../../../../JiangHuGit/JiangHuPro/Content/MyCharacter/Blueprints/CharacterBP.uasset
[2016.10.20-01.50.21:746][161]LogBlueprintUserMessages: Early PlayInEditor Detection: Level '/Game/MyCharacter/Minimal_Default.Minimal_Default:PersistentLevel' has LevelScriptBlueprint '/Game/MyCharacter/Minimal_Default.Minimal_Default:PersistentLevel.Minimal_Default' with GeneratedClass '/Game/MyCharacter/Minimal_Default.Minimal_Default_C' with ClassGeneratedBy '/Game/MyCharacter/Minimal_Default.Minimal_Default:PersistentLevel.Minimal_Default'
[2016.10.20-01.50.21:746][161]LogPlayLevel: PlayLevel: No blueprints needed recompiling
[2016.10.20-01.50.21:808][161]PIE: New page: PIE会话: Minimal_Default (2016年10月20日 下午5:50:21)
[2016.10.20-01.50.21:819][161]LogPlayLevel: Creating play world package: /Game/MyCharacter/UEDPIE_0_Minimal_Default
[2016.10.20-01.50.21:908][161]LogPlayLevel: PIE: StaticDuplicateObject took: (0.088519s)
[2016.10.20-01.50.21:908][161]LogAIModule: Creating AISystem for world Minimal_Default
[2016.10.20-01.50.21:908][161]LogPlayLevel: PIE: World Init took: (0.000596s)
[2016.10.20-01.50.21:928][161]LogPlayLevel: PIE: Created PIE world by copying editor world from /Game/MyCharacter/Minimal_Default.Minimal_Default to /Game/MyCharacter/UEDPIE_0_Minimal_Default.Minimal_Default (0.108984s)
[2016.10.20-01.50.21:999][161]LogInit: XAudio2 using '扬声器 (Realtek High Definition Audio)' : 2 channels at 48 kHz using 32 bits per sample (channel mask 0x3)
[2016.10.20-01.50.22:009][161]LogInit: FAudioDevice initialized.
[2016.10.20-01.50.22:267][161]LogWorld: Game class is 'MyGameMode_C'
[2016.10.20-01.50.22:393][161]LogWorld: Bringing World /Game/MyCharacter/UEDPIE_0_Minimal_Default.Minimal_Default up for play (max tick rate 0) at 2016.10.20-09.50.22
[2016.10.20-01.50.22:404][161]LogWorld: Bringing up level for play took: 0.025225
[2016.10.20-01.50.22:548][161]LogContentBrowser: Native class hierarchy updated for 'MovieSceneCapture' in 0.0005 seconds. Added 11 classes and 0 folders.
[2016.10.20-01.50.22:662][161]PIE: 信息 /Game/MyCharacter/UEDPIE_0_Minimal_Default的‘在编辑器中播放’的起始时间1.407
[2016.10.20-01.50.22:662][161]LogBlueprintUserMessages: Late PlayInEditor Detection: Level '/Game/MyCharacter/Minimal_Default.Minimal_Default:PersistentLevel' has LevelScriptBlueprint '/Game/MyCharacter/Minimal_Default.Minimal_Default:PersistentLevel.Minimal_Default' with GeneratedClass '/Game/MyCharacter/Minimal_Default.Minimal_Default_C' with ClassGeneratedBy '/Game/MyCharacter/Minimal_Default.Minimal_Default:PersistentLevel.Minimal_Default'
[2016.10.20-01.50.31:471][926]LogScript:Warning: Accessed None trying to read property CharacterRef
	MyPlayerController_C /Game/MyCharacter/UEDPIE_0_Minimal_Default.Minimal_Default:PersistentLevel.MyPlayerController_C_0
	Function /Game/MyCharacter/Blueprints/MyPlayerController.MyPlayerController_C:ExecuteUbergraph_MyPlayerController:0016
[2016.10.20-01.50.31:471][926]PIE:Error: 错误 Blueprint Runtime Error: Accessed None trying to read property CharacterRef from function: 'ExecuteUbergraph_MyPlayerController' from node: 设置DoAttack? in graph: EventGraph in object: MyPlayerController with description: Accessed None trying to read property CharacterRef
[2016.10.20-01.50.31:471][926]LogScript:Warning: Accessed None trying to read property CharacterRef
	MyPlayerController_C /Game/MyCharacter/UEDPIE_0_Minimal_Default.Minimal_Default:PersistentLevel.MyPlayerController_C_0
	Function /Game/MyCharacter/Blueprints/MyPlayerController.MyPlayerController_C:ExecuteUbergraph_MyPlayerController:008E
[2016.10.20-01.50.31:471][926]PIE:Error: 错误 Blueprint Runtime Error: Accessed None trying to read property CharacterRef from function: 'ExecuteUbergraph_MyPlayerController' from node: 设置DoAttack? in graph: EventGraph in object: MyPlayerController with description: Accessed None trying to read property CharacterRef
[2016.10.20-01.50.32:054][967]LogBlueprintUserMessages: Early EndPlayMap Detection: Level '/Game/MyCharacter/Minimal_Default.Minimal_Default:PersistentLevel' has LevelScriptBlueprint '/Game/MyCharacter/Minimal_Default.Minimal_Default:PersistentLevel.Minimal_Default' with GeneratedClass '/Game/MyCharacter/Minimal_Default.Minimal_Default_C' with ClassGeneratedBy '/Game/MyCharacter/Minimal_Default.Minimal_Default:PersistentLevel.Minimal_Default'
[2016.10.20-01.50.32:631][967]LogBlueprintUserMessages: Late EndPlayMap Detection: Level '/Game/MyCharacter/Minimal_Default.Minimal_Default:PersistentLevel' has LevelScriptBlueprint '/Game/MyCharacter/Minimal_Default.Minimal_Default:PersistentLevel.Minimal_Default' with GeneratedClass '/Game/MyCharacter/Minimal_Default.Minimal_Default_C' with ClassGeneratedBy '/Game/MyCharacter/Minimal_Default.Minimal_Default:PersistentLevel.Minimal_Default'
[2016.10.20-01.50.58:326][726]LogBlueprintUserMessages: Early PlayInEditor Detection: Level '/Game/MyCharacter/Minimal_Default.Minimal_Default:PersistentLevel' has LevelScriptBlueprint '/Game/MyCharacter/Minimal_Default.Minimal_Default:PersistentLevel.Minimal_Default' with GeneratedClass '/Game/MyCharacter/Minimal_Default.Minimal_Default_C' with ClassGeneratedBy '/Game/MyCharacter/Minimal_Default.Minimal_Default:PersistentLevel.Minimal_Default'
[2016.10.20-01.50.58:326][726]LogPlayLevel: PlayLevel: No blueprints needed recompiling
[2016.10.20-01.50.58:326][726]PIE: New page: PIE会话: Minimal_Default (2016年10月20日 下午5:50:58)
[2016.10.20-01.50.58:326][726]LogPlayLevel: Creating play world package: /Game/MyCharacter/UEDPIE_0_Minimal_Default
[2016.10.20-01.50.58:335][726]LogPlayLevel: PIE: StaticDuplicateObject took: (0.009171s)
[2016.10.20-01.50.58:336][726]LogAIModule: Creating AISystem for world Minimal_Default
[2016.10.20-01.50.58:336][726]LogPlayLevel: PIE: World Init took: (0.000762s)
[2016.10.20-01.50.58:336][726]LogPlayLevel: PIE: Created PIE world by copying editor world from /Game/MyCharacter/Minimal_Default.Minimal_Default to /Game/MyCharacter/UEDPIE_0_Minimal_Default.Minimal_Default (0.010233s)
[2016.10.20-01.50.58:370][726]LogInit: XAudio2 using '扬声器 (Realtek High Definition Audio)' : 2 channels at 48 kHz using 32 bits per sample (channel mask 0x3)
[2016.10.20-01.50.58:381][726]LogInit: FAudioDevice initialized.
[2016.10.20-01.50.58:428][726]LogWorld: Game class is 'MyGameMode_C'
[2016.10.20-01.50.58:430][726]LogWorld: Bringing World /Game/MyCharacter/UEDPIE_0_Minimal_Default.Minimal_Default up for play (max tick rate 0) at 2016.10.20-09.50.58
[2016.10.20-01.50.58:430][726]LogWorld: Bringing up level for play took: 0.001717
[2016.10.20-01.50.58:747][726]PIE: 信息 /Game/MyCharacter/UEDPIE_0_Minimal_Default的‘在编辑器中播放’的起始时间-0.508
[2016.10.20-01.50.58:747][726]LogBlueprintUserMessages: Late PlayInEditor Detection: Level '/Game/MyCharacter/Minimal_Default.Minimal_Default:PersistentLevel' has LevelScriptBlueprint '/Game/MyCharacter/Minimal_Default.Minimal_Default:PersistentLevel.Minimal_Default' with GeneratedClass '/Game/MyCharacter/Minimal_Default.Minimal_Default_C' with ClassGeneratedBy '/Game/MyCharacter/Minimal_Default.Minimal_Default:PersistentLevel.Minimal_Default'
[2016.10.20-01.51.02:902][ 20]LogBlueprintUserMessages: Early EndPlayMap Detection: Level '/Game/MyCharacter/Minimal_Default.Minimal_Default:PersistentLevel' has LevelScriptBlueprint '/Game/MyCharacter/Minimal_Default.Minimal_Default:PersistentLevel.Minimal_Default' with GeneratedClass '/Game/MyCharacter/Minimal_Default.Minimal_Default_C' with ClassGeneratedBy '/Game/MyCharacter/Minimal_Default.Minimal_Default:PersistentLevel.Minimal_Default'
[2016.10.20-01.51.02:939][ 20]LogBlueprintUserMessages: Late EndPlayMap Detection: Level '/Game/MyCharacter/Minimal_Default.Minimal_Default:PersistentLevel' has LevelScriptBlueprint '/Game/MyCharacter/Minimal_Default.Minimal_Default:PersistentLevel.Minimal_Default' with GeneratedClass '/Game/MyCharacter/Minimal_Default.Minimal_Default_C' with ClassGeneratedBy '/Game/MyCharacter/Minimal_Default.Minimal_Default:PersistentLevel.Minimal_Default'
[2016.10.20-01.51.05:067][172]LogBlueprintUserMessages: Early PlayInEditor Detection: Level '/Game/MyCharacter/Minimal_Default.Minimal_Default:PersistentLevel' has LevelScriptBlueprint '/Game/MyCharacter/Minimal_Default.Minimal_Default:PersistentLevel.Minimal_Default' with GeneratedClass '/Game/MyCharacter/Minimal_Default.Minimal_Default_C' with ClassGeneratedBy '/Game/MyCharacter/Minimal_Default.Minimal_Default:PersistentLevel.Minimal_Default'
[2016.10.20-01.51.05:067][172]LogPlayLevel: PlayLevel: No blueprints needed recompiling
[2016.10.20-01.51.05:067][172]PIE: New page: PIE会话: Minimal_Default (2016年10月20日 下午5:51:05)
[2016.10.20-01.51.05:067][172]LogPlayLevel: Creating play world package: /Game/MyCharacter/UEDPIE_0_Minimal_Default
[2016.10.20-01.51.05:076][172]LogPlayLevel: PIE: StaticDuplicateObject took: (0.008957s)
[2016.10.20-01.51.05:077][172]LogAIModule: Creating AISystem for world Minimal_Default
[2016.10.20-01.51.05:077][172]LogPlayLevel: PIE: World Init took: (0.000750s)
[2016.10.20-01.51.05:077][172]LogPlayLevel: PIE: Created PIE world by copying editor world from /Game/MyCharacter/Minimal_Default.Minimal_Default to /Game/MyCharacter/UEDPIE_0_Minimal_Default.Minimal_Default (0.009986s)
[2016.10.20-01.51.05:097][172]LogInit: XAudio2 using '扬声器 (Realtek High Definition Audio)' : 2 channels at 48 kHz using 32 bits per sample (channel mask 0x3)
[2016.10.20-01.51.05:108][172]LogInit: FAudioDevice initialized.
[2016.10.20-01.51.05:156][172]LogWorld: Game class is 'MyGameMode_C'
[2016.10.20-01.51.05:159][172]LogWorld: Bringing World /Game/MyCharacter/UEDPIE_0_Minimal_Default.Minimal_Default up for play (max tick rate 0) at 2016.10.20-09.51.05
[2016.10.20-01.51.05:159][172]LogWorld: Bringing up level for play took: 0.001732
[2016.10.20-01.51.05:175][172]PIE: 信息 /Game/MyCharacter/UEDPIE_0_Minimal_Default的‘在编辑器中播放’的起始时间-0.08
[2016.10.20-01.51.05:175][172]LogBlueprintUserMessages: Late PlayInEditor Detection: Level '/Game/MyCharacter/Minimal_Default.Minimal_Default:PersistentLevel' has LevelScriptBlueprint '/Game/MyCharacter/Minimal_Default.Minimal_Default:PersistentLevel.Minimal_Default' with GeneratedClass '/Game/MyCharacter/Minimal_Default.Minimal_Default_C' with ClassGeneratedBy '/Game/MyCharacter/Minimal_Default.Minimal_Default:PersistentLevel.Minimal_Default'
[2016.10.20-01.51.13:989][859]LogBlueprintUserMessages: Early EndPlayMap Detection: Level '/Game/MyCharacter/Minimal_Default.Minimal_Default:PersistentLevel' has LevelScriptBlueprint '/Game/MyCharacter/Minimal_Default.Minimal_Default:PersistentLevel.Minimal_Default' with GeneratedClass '/Game/MyCharacter/Minimal_Default.Minimal_Default_C' with ClassGeneratedBy '/Game/MyCharacter/Minimal_Default.Minimal_Default:PersistentLevel.Minimal_Default'
[2016.10.20-01.51.14:025][859]LogBlueprintUserMessages: Late EndPlayMap Detection: Level '/Game/MyCharacter/Minimal_Default.Minimal_Default:PersistentLevel' has LevelScriptBlueprint '/Game/MyCharacter/Minimal_Default.Minimal_Default:PersistentLevel.Minimal_Default' with GeneratedClass '/Game/MyCharacter/Minimal_Default.Minimal_Default_C' with ClassGeneratedBy '/Game/MyCharacter/Minimal_Default.Minimal_Default:PersistentLevel.Minimal_Default'
[2016.10.20-01.51.36:402][273]Cmd: OBJ SAVEPACKAGE PACKAGE="/Game/MyCharacter/Minimal_Default" FILE="../../../../JiangHuGit/JiangHuPro/Content/MyCharacter/Minimal_Default.umap" SILENT=true AUTOSAVING=false KEEPDIRTY=false
[2016.10.20-01.51.36:785][273]LogSavePackage: Save=215.91ms
[2016.10.20-01.51.36:785][273]LogSavePackage: Moving '../../../../JiangHuGit/JiangHuPro/Saved/Minimal_Default6DE3F3B647445A5F4B8670B2808C298A.tmp' to '../../../../JiangHuGit/JiangHuPro/Content/MyCharacter/Minimal_Default.umap'
[2016.10.20-01.51.36:826][273]LogSavePackage:Display: Finished SavePackage ../../../../JiangHuGit/JiangHuPro/Content/MyCharacter/Minimal_Default.umap
[2016.10.20-01.51.47:131][369]Cmd: OBJ SAVEPACKAGE PACKAGE="/Game/MyCharacter/AICharacter/AICharacter_Controller" FILE="../../../../JiangHuGit/JiangHuPro/Content/MyCharacter/AICharacter/AICharacter_Controller.uasset" SILENT=true
[2016.10.20-01.51.47:227][369]LogSavePackage: Save=33.28ms
[2016.10.20-01.51.47:227][369]LogSavePackage: Moving '../../../../JiangHuGit/JiangHuPro/Saved/AICharacter_Controller006BE81142DA34F5F024EC931B853E98.tmp' to '../../../../JiangHuGit/JiangHuPro/Content/MyCharacter/AICharacter/AICharacter_Controller.uasset'
[2016.10.20-01.51.47:229][369]LogSavePackage:Display: Finished SavePackage ../../../../JiangHuGit/JiangHuPro/Content/MyCharacter/AICharacter/AICharacter_Controller.uasset
[2016.10.20-01.51.47:234][369]Cmd: OBJ SAVEPACKAGE PACKAGE="/Game/MyCharacter/AICharacter/BTT_AttackNormal" FILE="../../../../JiangHuGit/JiangHuPro/Content/MyCharacter/AICharacter/BTT_AttackNormal.uasset" SILENT=true
[2016.10.20-01.51.47:308][369]LogSavePackage: Save=13.68ms
[2016.10.20-01.51.47:308][369]LogSavePackage: Moving '../../../../JiangHuGit/JiangHuPro/Saved/BTT_AttackNormal86ABB26942C16FA31AB2F5BC42241777.tmp' to '../../../../JiangHuGit/JiangHuPro/Content/MyCharacter/AICharacter/BTT_AttackNormal.uasset'
[2016.10.20-01.51.47:310][369]LogSavePackage:Display: Finished SavePackage ../../../../JiangHuGit/JiangHuPro/Content/MyCharacter/AICharacter/BTT_AttackNormal.uasset
[2016.10.20-01.51.47:339][369]Cmd: OBJ SAVEPACKAGE PACKAGE="/Game/MyCharacter/Animations/CharacterAnim" FILE="../../../../JiangHuGit/JiangHuPro/Content/MyCharacter/Animations/CharacterAnim.uasset" SILENT=true
[2016.10.20-01.51.47:720][369]LogSavePackage: Save=285.00ms
[2016.10.20-01.51.47:720][369]LogSavePackage: Moving '../../../../JiangHuGit/JiangHuPro/Saved/CharacterAnim8D9000C94E29F3BFE6065798C9B43A22.tmp' to '../../../../JiangHuGit/JiangHuPro/Content/MyCharacter/Animations/CharacterAnim.uasset'
[2016.10.20-01.51.47:746][369]LogSavePackage:Display: Finished SavePackage ../../../../JiangHuGit/JiangHuPro/Content/MyCharacter/Animations/CharacterAnim.uasset
[2016.10.20-01.51.47:752][369]Cmd: OBJ SAVEPACKAGE PACKAGE="/Game/MyCharacter/Blueprints/MyGameMode" FILE="../../../../JiangHuGit/JiangHuPro/Content/MyCharacter/Blueprints/MyGameMode.uasset" SILENT=true
[2016.10.20-01.51.47:822][369]LogSavePackage: Save=12.13ms
[2016.10.20-01.51.47:822][369]LogSavePackage: Moving '../../../../JiangHuGit/JiangHuPro/Saved/MyGameModeAF3C29D34E8BFD8303D9FABEFB87A176.tmp' to '../../../../JiangHuGit/JiangHuPro/Content/MyCharacter/Blueprints/MyGameMode.uasset'
[2016.10.20-01.51.47:827][369]LogSavePackage:Display: Finished SavePackage ../../../../JiangHuGit/JiangHuPro/Content/MyCharacter/Blueprints/MyGameMode.uasset
[2016.10.20-01.51.47:833][369]Cmd: OBJ SAVEPACKAGE PACKAGE="/Game/MyCharacter/Blueprints/MyPlayerController" FILE="../../../../JiangHuGit/JiangHuPro/Content/MyCharacter/Blueprints/MyPlayerController.uasset" SILENT=true
[2016.10.20-01.51.47:940][369]LogSavePackage: Save=48.22ms
[2016.10.20-01.51.47:940][369]LogSavePackage: Moving '../../../../JiangHuGit/JiangHuPro/Saved/MyPlayerController832D073943D16B64E99CB38751B14346.tmp' to '../../../../JiangHuGit/JiangHuPro/Content/MyCharacter/Blueprints/MyPlayerController.uasset'
[2016.10.20-01.51.47:950][369]LogSavePackage:Display: Finished SavePackage ../../../../JiangHuGit/JiangHuPro/Content/MyCharacter/Blueprints/MyPlayerController.uasset
[2016.10.20-01.52.01:490][263]LogBlueprintUserMessages: Early PlayInEditor Detection: Level '/Game/MyCharacter/Minimal_Default.Minimal_Default:PersistentLevel' has LevelScriptBlueprint '/Game/MyCharacter/Minimal_Default.Minimal_Default:PersistentLevel.Minimal_Default' with GeneratedClass '/Game/MyCharacter/Minimal_Default.Minimal_Default_C' with ClassGeneratedBy '/Game/MyCharacter/Minimal_Default.Minimal_Default:PersistentLevel.Minimal_Default'
[2016.10.20-01.52.01:490][263]LogPlayLevel: PlayLevel: No blueprints needed recompiling
[2016.10.20-01.52.01:491][263]PIE: New page: PIE会话: Minimal_Default (2016年10月20日 下午5:52:01)
[2016.10.20-01.52.01:491][263]LogPlayLevel: Creating play world package: /Game/MyCharacter/UEDPIE_0_Minimal_Default
[2016.10.20-01.52.01:500][263]LogPlayLevel: PIE: StaticDuplicateObject took: (0.009091s)
[2016.10.20-01.52.01:500][263]LogAIModule: Creating AISystem for world Minimal_Default
[2016.10.20-01.52.01:501][263]LogPlayLevel: PIE: World Init took: (0.000874s)
[2016.10.20-01.52.01:501][263]LogPlayLevel: PIE: Created PIE world by copying editor world from /Game/MyCharacter/Minimal_Default.Minimal_Default to /Game/MyCharacter/UEDPIE_0_Minimal_Default.Minimal_Default (0.010174s)
[2016.10.20-01.52.01:523][263]LogInit: XAudio2 using '扬声器 (Realtek High Definition Audio)' : 2 channels at 48 kHz using 32 bits per sample (channel mask 0x3)
[2016.10.20-01.52.01:534][263]LogInit: FAudioDevice initialized.
[2016.10.20-01.52.01:584][263]LogWorld: Game class is 'MyGameMode_C'
[2016.10.20-01.52.01:587][263]LogWorld: Bringing World /Game/MyCharacter/UEDPIE_0_Minimal_Default.Minimal_Default up for play (max tick rate 0) at 2016.10.20-09.52.01
[2016.10.20-01.52.01:587][263]LogWorld: Bringing up level for play took: 0.001836
[2016.10.20-01.52.01:591][263]PIE: 信息 /Game/MyCharacter/UEDPIE_0_Minimal_Default的‘在编辑器中播放’的起始时间0.336
[2016.10.20-01.52.01:591][263]LogBlueprintUserMessages: Late PlayInEditor Detection: Level '/Game/MyCharacter/Minimal_Default.Minimal_Default:PersistentLevel' has LevelScriptBlueprint '/Game/MyCharacter/Minimal_Default.Minimal_Default:PersistentLevel.Minimal_Default' with GeneratedClass '/Game/MyCharacter/Minimal_Default.Minimal_Default_C' with ClassGeneratedBy '/Game/MyCharacter/Minimal_Default.Minimal_Default:PersistentLevel.Minimal_Default'
[2016.10.20-01.52.09:934][913]LogBlueprintUserMessages: Early EndPlayMap Detection: Level '/Game/MyCharacter/Minimal_Default.Minimal_Default:PersistentLevel' has LevelScriptBlueprint '/Game/MyCharacter/Minimal_Default.Minimal_Default:PersistentLevel.Minimal_Default' with GeneratedClass '/Game/MyCharacter/Minimal_Default.Minimal_Default_C' with ClassGeneratedBy '/Game/MyCharacter/Minimal_Default.Minimal_Default:PersistentLevel.Minimal_Default'
[2016.10.20-01.52.09:972][913]LogBlueprintUserMessages: Late EndPlayMap Detection: Level '/Game/MyCharacter/Minimal_Default.Minimal_Default:PersistentLevel' has LevelScriptBlueprint '/Game/MyCharacter/Minimal_Default.Minimal_Default:PersistentLevel.Minimal_Default' with GeneratedClass '/Game/MyCharacter/Minimal_Default.Minimal_Default_C' with ClassGeneratedBy '/Game/MyCharacter/Minimal_Default.Minimal_Default:PersistentLevel.Minimal_Default'
[2016.10.20-01.57.04:898][345]LogWindowsTextInputMethodSystem:Display: IME system now deactivated.
[2016.10.20-01.57.04:898][345]LogWindowsTextInputMethodSystem:Display: IME system now deactivated.
[2016.10.20-01.57.05:734][395]LogWindowsTextInputMethodSystem:Display: IME system now deactivated.
[2016.10.20-01.57.05:755][395]LogWindowsTextInputMethodSystem:Display: IME system now activated using TSF (微软拼音).
[2016.10.20-01.57.11:615][724]LogTemp: Dropped MaxHealth on Category Pawn|属性
[2016.10.20-01.59.06:622][337]LogWindowsTextInputMethodSystem:Display: IME system now deactivated.
[2016.10.20-01.59.06:622][337]LogWindowsTextInputMethodSystem:Display: IME system now deactivated.
[2016.10.20-01.59.28:179][745]LogWindowsTextInputMethodSystem:Display: IME system now deactivated.
[2016.10.20-01.59.28:179][745]LogWindowsTextInputMethodSystem:Display: IME system now activated using TSF (微软拼音).
[2016.10.20-02.01.46:996][514]LogFileHelpers: Editor autosave (incl. sublevels) for '/Game/MyCharacter/Minimal_Default' took 0.074
[2016.10.20-02.01.47:009][514]OBJ SavePackage: Generating thumbnails for [1] asset(s) in package [/Game/MyCharacter/Blueprints/CharacterBP] ([1] browsable assets)...
[2016.10.20-02.01.47:053][514]OBJ SavePackage:     Rendered thumbnail for [Blueprint /Game/MyCharacter/Blueprints/CharacterBP.CharacterBP]
[2016.10.20-02.01.47:053][514]OBJ SavePackage: Finished generating thumbnails for package [/Game/MyCharacter/Blueprints/CharacterBP]
[2016.10.20-02.01.47:250][514]LogSavePackage: Save=129.20ms
[2016.10.20-02.01.47:250][514]LogSavePackage: Moving '../../../../JiangHuGit/JiangHuPro/Saved/CharacterBP_Auto13913F92C4241D135A55705BC8028C9BB.tmp' to '../../../../JiangHuGit/JiangHuPro/Saved/Autosaves/Game/MyCharacter/Blueprints/CharacterBP_Auto1.uasset'
[2016.10.20-02.01.47:252][514]LogSavePackage:Display: Finished SavePackage ../../../../JiangHuGit/JiangHuPro/Saved/Autosaves/Game/MyCharacter/Blueprints/CharacterBP_Auto1.uasset
[2016.10.20-02.01.47:252][514]LogFileHelpers: Auto-saving content packages took 0.245
[2016.10.20-02.04.22:780][275]BlueprintLog: New page: 编译CharacterBP
[2016.10.20-02.04.23:694][275]BlueprintEditorCompileResults: 信息 执行路径不是以返回节点结束的。 假 
[2016.10.20-02.04.23:694][275]BlueprintEditorCompileResults: 信息 [1050.40] Compile of CharacterBP successful! [in 913 ms] (/Game/MyCharacter/Blueprints/CharacterBP.CharacterBP)
[2016.10.20-02.04.24:225][292]Cmd: OBJ SAVEPACKAGE PACKAGE="/Game/MyCharacter/Blueprints/CharacterBP" FILE="../../../../JiangHuGit/JiangHuPro/Content/MyCharacter/Blueprints/CharacterBP.uasset" SILENT=true
[2016.10.20-02.04.24:408][292]LogSavePackage: Save=125.19ms
[2016.10.20-02.04.24:409][292]LogSavePackage: Moving '../../../../JiangHuGit/JiangHuPro/Saved/CharacterBP87B0FAD3406479A3079361B17DEAF723.tmp' to '../../../../JiangHuGit/JiangHuPro/Content/MyCharacter/Blueprints/CharacterBP.uasset'
[2016.10.20-02.04.24:412][292]LogSavePackage:Display: Finished SavePackage ../../../../JiangHuGit/JiangHuPro/Content/MyCharacter/Blueprints/CharacterBP.uasset
[2016.10.20-02.04.45:479][538]BlueprintLog: New page: 编译CharacterBP
[2016.10.20-02.04.45:790][538]BlueprintEditorCompileResults: 信息 执行路径不是以返回节点结束的。 假 
[2016.10.20-02.04.45:790][538]BlueprintEditorCompileResults: 信息 [1072.50] Compile of CharacterBP successful! [in 311 ms] (/Game/MyCharacter/Blueprints/CharacterBP.CharacterBP)
[2016.10.20-02.04.47:295][616]Cmd: OBJ SAVEPACKAGE PACKAGE="/Game/MyCharacter/Blueprints/CharacterBP" FILE="../../../../JiangHuGit/JiangHuPro/Content/MyCharacter/Blueprints/CharacterBP.uasset" SILENT=true
[2016.10.20-02.04.47:475][616]LogSavePackage: Save=124.48ms
[2016.10.20-02.04.47:476][616]LogSavePackage: Moving '../../../../JiangHuGit/JiangHuPro/Saved/CharacterBP5F47337342B0C12904B682A7A4E2BE0D.tmp' to '../../../../JiangHuGit/JiangHuPro/Content/MyCharacter/Blueprints/CharacterBP.uasset'
[2016.10.20-02.04.47:478][616]LogSavePackage:Display: Finished SavePackage ../../../../JiangHuGit/JiangHuPro/Content/MyCharacter/Blueprints/CharacterBP.uasset
[2016.10.20-02.04.53:643][  4]LogBlueprintUserMessages: Early PlayInEditor Detection: Level '/Game/MyCharacter/Minimal_Default.Minimal_Default:PersistentLevel' has LevelScriptBlueprint '/Game/MyCharacter/Minimal_Default.Minimal_Default:PersistentLevel.Minimal_Default' with GeneratedClass '/Game/MyCharacter/Minimal_Default.Minimal_Default_C' with ClassGeneratedBy '/Game/MyCharacter/Minimal_Default.Minimal_Default:PersistentLevel.Minimal_Default'
[2016.10.20-02.04.53:643][  4]LogPlayLevel: PlayLevel: No blueprints needed recompiling
[2016.10.20-02.04.53:644][  4]PIE: New page: PIE会话: Minimal_Default (2016年10月20日 下午6:04:53)
[2016.10.20-02.04.53:644][  4]LogPlayLevel: Creating play world package: /Game/MyCharacter/UEDPIE_0_Minimal_Default
[2016.10.20-02.04.53:654][  4]LogPlayLevel: PIE: StaticDuplicateObject took: (0.010729s)
[2016.10.20-02.04.53:655][  4]LogAIModule: Creating AISystem for world Minimal_Default
[2016.10.20-02.04.53:655][  4]LogPlayLevel: PIE: World Init took: (0.000652s)
[2016.10.20-02.04.53:655][  4]LogPlayLevel: PIE: Created PIE world by copying editor world from /Game/MyCharacter/Minimal_Default.Minimal_Default to /Game/MyCharacter/UEDPIE_0_Minimal_Default.Minimal_Default (0.011658s)
[2016.10.20-02.04.53:675][  4]LogInit: XAudio2 using '扬声器 (Realtek High Definition Audio)' : 2 channels at 48 kHz using 32 bits per sample (channel mask 0x3)
[2016.10.20-02.04.53:687][  4]LogInit: FAudioDevice initialized.
[2016.10.20-02.04.53:738][  4]LogWorld: Game class is 'MyGameMode_C'
[2016.10.20-02.04.53:741][  4]LogWorld: Bringing World /Game/MyCharacter/UEDPIE_0_Minimal_Default.Minimal_Default up for play (max tick rate 0) at 2016.10.20-10.04.53
[2016.10.20-02.04.53:741][  4]LogWorld: Bringing up level for play took: 0.001796
[2016.10.20-02.04.53:745][  4]PIE: 信息 /Game/MyCharacter/UEDPIE_0_Minimal_Default的‘在编辑器中播放’的起始时间0.49
[2016.10.20-02.04.53:745][  4]LogBlueprintUserMessages: Late PlayInEditor Detection: Level '/Game/MyCharacter/Minimal_Default.Minimal_Default:PersistentLevel' has LevelScriptBlueprint '/Game/MyCharacter/Minimal_Default.Minimal_Default:PersistentLevel.Minimal_Default' with GeneratedClass '/Game/MyCharacter/Minimal_Default.Minimal_Default_C' with ClassGeneratedBy '/Game/MyCharacter/Minimal_Default.Minimal_Default:PersistentLevel.Minimal_Default'
[2016.10.20-02.04.55:829][164]LogBlueprintUserMessages: [CharacterAnim_C_0] Hello
[2016.10.20-02.04.58:707][391]LogBlueprintUserMessages: Early EndPlayMap Detection: Level '/Game/MyCharacter/Minimal_Default.Minimal_Default:PersistentLevel' has LevelScriptBlueprint '/Game/MyCharacter/Minimal_Default.Minimal_Default:PersistentLevel.Minimal_Default' with GeneratedClass '/Game/MyCharacter/Minimal_Default.Minimal_Default_C' with ClassGeneratedBy '/Game/MyCharacter/Minimal_Default.Minimal_Default:PersistentLevel.Minimal_Default'
[2016.10.20-02.04.58:743][391]LogBlueprintUserMessages: Late EndPlayMap Detection: Level '/Game/MyCharacter/Minimal_Default.Minimal_Default:PersistentLevel' has LevelScriptBlueprint '/Game/MyCharacter/Minimal_Default.Minimal_Default:PersistentLevel.Minimal_Default' with GeneratedClass '/Game/MyCharacter/Minimal_Default.Minimal_Default_C' with ClassGeneratedBy '/Game/MyCharacter/Minimal_Default.Minimal_Default:PersistentLevel.Minimal_Default'
[2016.10.20-02.05.12:767][909]LogWindowsTextInputMethodSystem:Display: IME system now deactivated.
[2016.10.20-02.05.12:767][909]LogWindowsTextInputMethodSystem:Display: IME system now deactivated.
[2016.10.20-02.05.23:803][397]Cmd: OBJ SAVEPACKAGE PACKAGE="/Game/MyCharacter/Minimal_Default" FILE="../../../../JiangHuGit/JiangHuPro/Content/MyCharacter/Minimal_Default.umap" SILENT=true AUTOSAVING=false KEEPDIRTY=false
[2016.10.20-02.05.24:191][397]LogSavePackage: Save=154.70ms
[2016.10.20-02.05.24:191][397]LogSavePackage: Moving '../../../../JiangHuGit/JiangHuPro/Saved/Minimal_Default1882ACC549945D1838BC7B85CC84AC6D.tmp' to '../../../../JiangHuGit/JiangHuPro/Content/MyCharacter/Minimal_Default.umap'
[2016.10.20-02.05.24:193][397]LogSavePackage:Display: Finished SavePackage ../../../../JiangHuGit/JiangHuPro/Content/MyCharacter/Minimal_Default.umap
[2016.10.20-02.05.35:543][210]LogWindowsTextInputMethodSystem:Display: IME system now deactivated.
[2016.10.20-02.05.35:543][210]LogWindowsTextInputMethodSystem:Display: IME system now activated using TSF (微软拼音).
[2016.10.20-02.06.55:947][109]LogWindowsTextInputMethodSystem:Display: IME system now deactivated.
[2016.10.20-02.06.55:947][109]LogWindowsTextInputMethodSystem:Display: IME system now deactivated.
[2016.10.20-02.06.56:510][142]LogWindowsTextInputMethodSystem:Display: IME system now deactivated.
[2016.10.20-02.06.56:510][142]LogWindowsTextInputMethodSystem:Display: IME system now activated using TSF (微软拼音).
[2016.10.20-02.06.57:395][194]LogWindowsTextInputMethodSystem:Display: IME system now deactivated.
[2016.10.20-02.06.57:395][194]LogWindowsTextInputMethodSystem:Display: IME system now deactivated.
[2016.10.20-02.07.01:701][447]LogWindowsTextInputMethodSystem:Display: IME system now deactivated.
[2016.10.20-02.07.01:957][447]LogWindowsTextInputMethodSystem:Display: IME system now activated using TSF (搜狗拼音输入法).
[2016.10.20-02.07.09:848][814]LogTemp: Dropped IsLEqip? on Category 行为
[2016.10.20-02.10.46:516][273]BlueprintLog: New page: 编译CharacterBP
[2016.10.20-02.10.47:662][273]BlueprintEditorCompileResults: 信息 执行路径不是以返回节点结束的。 假 
[2016.10.20-02.10.47:662][273]BlueprintEditorCompileResults: 信息 [1434.37] Compile of CharacterBP successful! [in 1,146 ms] (/Game/MyCharacter/Blueprints/CharacterBP.CharacterBP)
[2016.10.20-02.10.48:351][302]Cmd: OBJ SAVEPACKAGE PACKAGE="/Game/MyCharacter/Blueprints/CharacterBP" FILE="../../../../JiangHuGit/JiangHuPro/Content/MyCharacter/Blueprints/CharacterBP.uasset" SILENT=true
[2016.10.20-02.10.48:536][302]LogSavePackage: Save=124.78ms
[2016.10.20-02.10.48:536][302]LogSavePackage: Moving '../../../../JiangHuGit/JiangHuPro/Saved/CharacterBP6795C05E495535EB00E5B7B86880369B.tmp' to '../../../../JiangHuGit/JiangHuPro/Content/MyCharacter/Blueprints/CharacterBP.uasset'
[2016.10.20-02.10.48:540][302]LogSavePackage:Display: Finished SavePackage ../../../../JiangHuGit/JiangHuPro/Content/MyCharacter/Blueprints/CharacterBP.uasset
[2016.10.20-02.11.03:101][141]BlueprintLog: New page: 编译CharacterBP
[2016.10.20-02.11.04:294][141]BlueprintEditorCompileResults: 信息 执行路径不是以返回节点结束的。 假 
[2016.10.20-02.11.04:294][141]BlueprintEditorCompileResults: 信息 [1451.00] Compile of CharacterBP successful! [in 1,192 ms] (/Game/MyCharacter/Blueprints/CharacterBP.CharacterBP)
[2016.10.20-02.11.05:139][176]Cmd: OBJ SAVEPACKAGE PACKAGE="/Game/MyCharacter/Blueprints/CharacterBP" FILE="../../../../JiangHuGit/JiangHuPro/Content/MyCharacter/Blueprints/CharacterBP.uasset" SILENT=true
[2016.10.20-02.11.05:316][176]LogSavePackage: Save=121.50ms
[2016.10.20-02.11.05:316][176]LogSavePackage: Moving '../../../../JiangHuGit/JiangHuPro/Saved/CharacterBP63421C344A33050F7CB3868C895A0BEF.tmp' to '../../../../JiangHuGit/JiangHuPro/Content/MyCharacter/Blueprints/CharacterBP.uasset'
[2016.10.20-02.11.05:319][176]LogSavePackage:Display: Finished SavePackage ../../../../JiangHuGit/JiangHuPro/Content/MyCharacter/Blueprints/CharacterBP.uasset
[2016.10.20-02.11.08:442][353]BlueprintLog: New page: 编译CharacterBP
[2016.10.20-02.11.09:738][353]BlueprintEditorCompileResults: 信息 执行路径不是以返回节点结束的。 假 
[2016.10.20-02.11.09:738][353]BlueprintEditorCompileResults: 信息 [1456.45] Compile of CharacterBP successful! [in 1,295 ms] (/Game/MyCharacter/Blueprints/CharacterBP.CharacterBP)
[2016.10.20-02.11.10:410][382]Cmd: OBJ SAVEPACKAGE PACKAGE="/Game/MyCharacter/Blueprints/CharacterBP" FILE="../../../../JiangHuGit/JiangHuPro/Content/MyCharacter/Blueprints/CharacterBP.uasset" SILENT=true
[2016.10.20-02.11.10:584][382]LogSavePackage: Save=119.51ms
[2016.10.20-02.11.10:584][382]LogSavePackage: Moving '../../../../JiangHuGit/JiangHuPro/Saved/CharacterBP70256C48450EA904509FCCAF87A3A7C4.tmp' to '../../../../JiangHuGit/JiangHuPro/Content/MyCharacter/Blueprints/CharacterBP.uasset'
[2016.10.20-02.11.10:587][382]LogSavePackage:Display: Finished SavePackage ../../../../JiangHuGit/JiangHuPro/Content/MyCharacter/Blueprints/CharacterBP.uasset
[2016.10.20-02.11.19:710][690]LogRenderer: Reallocating scene render targets to support 1144x1020 (Frame:72124).
[2016.10.20-02.11.51:149][879]BlueprintLog: New page: 编译CharacterBP_Player
[2016.10.20-02.11.51:488][879]BlueprintEditorCompileResults: 信息 [1498.20] Compile of CharacterBP_Player successful! [in 338 ms] (/Game/MyCharacter/Blueprints/CharacterBP_Player.CharacterBP_Player)
[2016.10.20-02.11.54:701][ 31]LogBlueprintUserMessages: Early PlayInEditor Detection: Level '/Game/MyCharacter/Minimal_Default.Minimal_Default:PersistentLevel' has LevelScriptBlueprint '/Game/MyCharacter/Minimal_Default.Minimal_Default:PersistentLevel.Minimal_Default' with GeneratedClass '/Game/MyCharacter/Minimal_Default.Minimal_Default_C' with ClassGeneratedBy '/Game/MyCharacter/Minimal_Default.Minimal_Default:PersistentLevel.Minimal_Default'
[2016.10.20-02.11.54:701][ 31]LogPlayLevel: PlayLevel: No blueprints needed recompiling
[2016.10.20-02.11.54:701][ 31]PIE: New page: PIE会话: Minimal_Default (2016年10月20日 下午6:11:54)
[2016.10.20-02.11.54:701][ 31]LogPlayLevel: Creating play world package: /Game/MyCharacter/UEDPIE_0_Minimal_Default
[2016.10.20-02.11.54:710][ 31]LogPlayLevel: PIE: StaticDuplicateObject took: (0.009198s)
[2016.10.20-02.11.54:711][ 31]LogAIModule: Creating AISystem for world Minimal_Default
[2016.10.20-02.11.54:711][ 31]LogPlayLevel: PIE: World Init took: (0.000661s)
[2016.10.20-02.11.54:711][ 31]LogPlayLevel: PIE: Created PIE world by copying editor world from /Game/MyCharacter/Minimal_Default.Minimal_Default to /Game/MyCharacter/UEDPIE_0_Minimal_Default.Minimal_Default (0.010076s)
[2016.10.20-02.11.54:731][ 31]LogInit: XAudio2 using '扬声器 (Realtek High Definition Audio)' : 2 channels at 48 kHz using 32 bits per sample (channel mask 0x3)
[2016.10.20-02.11.54:743][ 31]LogInit: FAudioDevice initialized.
[2016.10.20-02.11.54:789][ 31]LogWorld: Game class is 'MyGameMode_C'
[2016.10.20-02.11.54:792][ 31]LogWorld: Bringing World /Game/MyCharacter/UEDPIE_0_Minimal_Default.Minimal_Default up for play (max tick rate 0) at 2016.10.20-10.11.54
[2016.10.20-02.11.54:792][ 31]LogWorld: Bringing up level for play took: 0.001832
[2016.10.20-02.11.54:796][ 31]PIE: 信息 /Game/MyCharacter/UEDPIE_0_Minimal_Default的‘在编辑器中播放’的起始时间-0.459
[2016.10.20-02.11.54:796][ 31]LogBlueprintUserMessages: Late PlayInEditor Detection: Level '/Game/MyCharacter/Minimal_Default.Minimal_Default:PersistentLevel' has LevelScriptBlueprint '/Game/MyCharacter/Minimal_Default.Minimal_Default:PersistentLevel.Minimal_Default' with GeneratedClass '/Game/MyCharacter/Minimal_Default.Minimal_Default_C' with ClassGeneratedBy '/Game/MyCharacter/Minimal_Default.Minimal_Default:PersistentLevel.Minimal_Default'
[2016.10.20-02.11.56:709][158]LogBlueprintUserMessages: Early EndPlayMap Detection: Level '/Game/MyCharacter/Minimal_Default.Minimal_Default:PersistentLevel' has LevelScriptBlueprint '/Game/MyCharacter/Minimal_Default.Minimal_Default:PersistentLevel.Minimal_Default' with GeneratedClass '/Game/MyCharacter/Minimal_Default.Minimal_Default_C' with ClassGeneratedBy '/Game/MyCharacter/Minimal_Default.Minimal_Default:PersistentLevel.Minimal_Default'
[2016.10.20-02.11.56:761][158]LogBlueprintUserMessages: Late EndPlayMap Detection: Level '/Game/MyCharacter/Minimal_Default.Minimal_Default:PersistentLevel' has LevelScriptBlueprint '/Game/MyCharacter/Minimal_Default.Minimal_Default:PersistentLevel.Minimal_Default' with GeneratedClass '/Game/MyCharacter/Minimal_Default.Minimal_Default_C' with ClassGeneratedBy '/Game/MyCharacter/Minimal_Default.Minimal_Default:PersistentLevel.Minimal_Default'
[2016.10.20-02.12.10:306][664]BlueprintLog: New page: 编译CharacterBP_Player
[2016.10.20-02.12.10:424][664]BlueprintEditorCompileResults: 信息 [1517.13] Compile of CharacterBP_Player successful! [in 118 ms] (/Game/MyCharacter/Blueprints/CharacterBP_Player.CharacterBP_Player)
[2016.10.20-02.12.18:663][ 28]LogBlueprintUserMessages: Early PlayInEditor Detection: Level '/Game/MyCharacter/Minimal_Default.Minimal_Default:PersistentLevel' has LevelScriptBlueprint '/Game/MyCharacter/Minimal_Default.Minimal_Default:PersistentLevel.Minimal_Default' with GeneratedClass '/Game/MyCharacter/Minimal_Default.Minimal_Default_C' with ClassGeneratedBy '/Game/MyCharacter/Minimal_Default.Minimal_Default:PersistentLevel.Minimal_Default'
[2016.10.20-02.12.18:663][ 28]LogPlayLevel: PlayLevel: No blueprints needed recompiling
[2016.10.20-02.12.18:664][ 28]PIE: New page: PIE会话: Minimal_Default (2016年10月20日 下午6:12:18)
[2016.10.20-02.12.18:664][ 28]LogPlayLevel: Creating play world package: /Game/MyCharacter/UEDPIE_0_Minimal_Default
[2016.10.20-02.12.18:673][ 28]LogPlayLevel: PIE: StaticDuplicateObject took: (0.008880s)
[2016.10.20-02.12.18:673][ 28]LogAIModule: Creating AISystem for world Minimal_Default
[2016.10.20-02.12.18:673][ 28]LogPlayLevel: PIE: World Init took: (0.000660s)
[2016.10.20-02.12.18:673][ 28]LogPlayLevel: PIE: Created PIE world by copying editor world from /Game/MyCharacter/Minimal_Default.Minimal_Default to /Game/MyCharacter/UEDPIE_0_Minimal_Default.Minimal_Default (0.009813s)
[2016.10.20-02.12.18:695][ 28]LogInit: XAudio2 using '扬声器 (Realtek High Definition Audio)' : 2 channels at 48 kHz using 32 bits per sample (channel mask 0x3)
[2016.10.20-02.12.18:706][ 28]LogInit: FAudioDevice initialized.
[2016.10.20-02.12.18:755][ 28]LogWorld: Game class is 'MyGameMode_C'
[2016.10.20-02.12.18:757][ 28]LogWorld: Bringing World /Game/MyCharacter/UEDPIE_0_Minimal_Default.Minimal_Default up for play (max tick rate 0) at 2016.10.20-10.12.18
[2016.10.20-02.12.18:758][ 28]LogWorld: Bringing up level for play took: 0.001761
[2016.10.20-02.12.18:761][ 28]PIE: 信息 /Game/MyCharacter/UEDPIE_0_Minimal_Default的‘在编辑器中播放’的起始时间-0.494
[2016.10.20-02.12.18:761][ 28]LogBlueprintUserMessages: Late PlayInEditor Detection: Level '/Game/MyCharacter/Minimal_Default.Minimal_Default:PersistentLevel' has LevelScriptBlueprint '/Game/MyCharacter/Minimal_Default.Minimal_Default:PersistentLevel.Minimal_Default' with GeneratedClass '/Game/MyCharacter/Minimal_Default.Minimal_Default_C' with ClassGeneratedBy '/Game/MyCharacter/Minimal_Default.Minimal_Default:PersistentLevel.Minimal_Default'
[2016.10.20-02.12.35:438][ 61]LogBlueprintUserMessages: Early EndPlayMap Detection: Level '/Game/MyCharacter/Minimal_Default.Minimal_Default:PersistentLevel' has LevelScriptBlueprint '/Game/MyCharacter/Minimal_Default.Minimal_Default:PersistentLevel.Minimal_Default' with GeneratedClass '/Game/MyCharacter/Minimal_Default.Minimal_Default_C' with ClassGeneratedBy '/Game/MyCharacter/Minimal_Default.Minimal_Default:PersistentLevel.Minimal_Default'
[2016.10.20-02.12.35:485][ 61]LogBlueprintUserMessages: Late EndPlayMap Detection: Level '/Game/MyCharacter/Minimal_Default.Minimal_Default:PersistentLevel' has LevelScriptBlueprint '/Game/MyCharacter/Minimal_Default.Minimal_Default:PersistentLevel.Minimal_Default' with GeneratedClass '/Game/MyCharacter/Minimal_Default.Minimal_Default_C' with ClassGeneratedBy '/Game/MyCharacter/Minimal_Default.Minimal_Default:PersistentLevel.Minimal_Default'
[2016.10.20-02.12.42:824][327]BlueprintLog: New page: 编译CharacterBP_Player
[2016.10.20-02.12.42:942][327]BlueprintEditorCompileResults: 信息 [1549.65] Compile of CharacterBP_Player successful! [in 117 ms] (/Game/MyCharacter/Blueprints/CharacterBP_Player.CharacterBP_Player)
[2016.10.20-02.12.45:652][472]LogBlueprintUserMessages: Early PlayInEditor Detection: Level '/Game/MyCharacter/Minimal_Default.Minimal_Default:PersistentLevel' has LevelScriptBlueprint '/Game/MyCharacter/Minimal_Default.Minimal_Default:PersistentLevel.Minimal_Default' with GeneratedClass '/Game/MyCharacter/Minimal_Default.Minimal_Default_C' with ClassGeneratedBy '/Game/MyCharacter/Minimal_Default.Minimal_Default:PersistentLevel.Minimal_Default'
[2016.10.20-02.12.45:652][472]LogPlayLevel: PlayLevel: No blueprints needed recompiling
[2016.10.20-02.12.45:652][472]PIE: New page: PIE会话: Minimal_Default (2016年10月20日 下午6:12:45)
[2016.10.20-02.12.45:652][472]LogPlayLevel: Creating play world package: /Game/MyCharacter/UEDPIE_0_Minimal_Default
[2016.10.20-02.12.45:661][472]LogPlayLevel: PIE: StaticDuplicateObject took: (0.009104s)
[2016.10.20-02.12.45:662][472]LogAIModule: Creating AISystem for world Minimal_Default
[2016.10.20-02.12.45:662][472]LogPlayLevel: PIE: World Init took: (0.000607s)
[2016.10.20-02.12.45:662][472]LogPlayLevel: PIE: Created PIE world by copying editor world from /Game/MyCharacter/Minimal_Default.Minimal_Default to /Game/MyCharacter/UEDPIE_0_Minimal_Default.Minimal_Default (0.009993s)
[2016.10.20-02.12.45:682][472]LogInit: XAudio2 using '扬声器 (Realtek High Definition Audio)' : 2 channels at 48 kHz using 32 bits per sample (channel mask 0x3)
[2016.10.20-02.12.45:693][472]LogInit: FAudioDevice initialized.
[2016.10.20-02.12.45:742][472]LogWorld: Game class is 'MyGameMode_C'
[2016.10.20-02.12.45:744][472]LogWorld: Bringing World /Game/MyCharacter/UEDPIE_0_Minimal_Default.Minimal_Default up for play (max tick rate 0) at 2016.10.20-10.12.45
[2016.10.20-02.12.45:744][472]LogWorld: Bringing up level for play took: 0.001758
[2016.10.20-02.12.45:748][472]PIE: 信息 /Game/MyCharacter/UEDPIE_0_Minimal_Default的‘在编辑器中播放’的起始时间0.493
[2016.10.20-02.12.45:748][472]LogBlueprintUserMessages: Late PlayInEditor Detection: Level '/Game/MyCharacter/Minimal_Default.Minimal_Default:PersistentLevel' has LevelScriptBlueprint '/Game/MyCharacter/Minimal_Default.Minimal_Default:PersistentLevel.Minimal_Default' with GeneratedClass '/Game/MyCharacter/Minimal_Default.Minimal_Default_C' with ClassGeneratedBy '/Game/MyCharacter/Minimal_Default.Minimal_Default:PersistentLevel.Minimal_Default'
[2016.10.20-02.12.47:727][603]LogBlueprintUserMessages: Early EndPlayMap Detection: Level '/Game/MyCharacter/Minimal_Default.Minimal_Default:PersistentLevel' has LevelScriptBlueprint '/Game/MyCharacter/Minimal_Default.Minimal_Default:PersistentLevel.Minimal_Default' with GeneratedClass '/Game/MyCharacter/Minimal_Default.Minimal_Default_C' with ClassGeneratedBy '/Game/MyCharacter/Minimal_Default.Minimal_Default:PersistentLevel.Minimal_Default'
[2016.10.20-02.12.47:767][603]LogBlueprintUserMessages: Late EndPlayMap Detection: Level '/Game/MyCharacter/Minimal_Default.Minimal_Default:PersistentLevel' has LevelScriptBlueprint '/Game/MyCharacter/Minimal_Default.Minimal_Default:PersistentLevel.Minimal_Default' with GeneratedClass '/Game/MyCharacter/Minimal_Default.Minimal_Default_C' with ClassGeneratedBy '/Game/MyCharacter/Minimal_Default.Minimal_Default:PersistentLevel.Minimal_Default'
[2016.10.20-02.12.50:810][695]LogEditorTransaction: Undo 修改组件
[2016.10.20-02.12.50:876][695]LogSkinnedMeshComp:Warning: GetBoneTransform : ParentBoneIndex(0) out of range of MasterPoseComponent->SpaceBases for Pants
[2016.10.20-02.12.50:876][695]LogSkinnedMeshComp:Warning: GetBoneTransform : ParentBoneIndex(2) out of range of MasterPoseComponent->SpaceBases for Pants
[2016.10.20-02.12.50:876][695]LogSkinnedMeshComp:Warning: GetBoneTransform : ParentBoneIndex(3) out of range of MasterPoseComponent->SpaceBases for Pants
[2016.10.20-02.12.50:876][695]LogSkinnedMeshComp:Warning: GetBoneTransform : ParentBoneIndex(4) out of range of MasterPoseComponent->SpaceBases for Pants
[2016.10.20-02.12.50:876][695]LogSkinnedMeshComp:Warning: GetBoneTransform : ParentBoneIndex(5) out of range of MasterPoseComponent->SpaceBases for Pants
[2016.10.20-02.12.50:876][695]LogSkinnedMeshComp:Warning: GetBoneTransform : ParentBoneIndex(7) out of range of MasterPoseComponent->SpaceBases for Pants
[2016.10.20-02.12.50:876][695]LogSkinnedMeshComp:Warning: GetBoneTransform : ParentBoneIndex(9) out of range of MasterPoseComponent->SpaceBases for Pants
[2016.10.20-02.12.50:876][695]LogSkinnedMeshComp:Warning: GetBoneTransform : ParentBoneIndex(10) out of range of MasterPoseComponent->SpaceBases for Pants
[2016.10.20-02.12.50:877][695]LogSkinnedMeshComp:Warning: GetBoneTransform : ParentBoneIndex(11) out of range of MasterPoseComponent->SpaceBases for Pants
[2016.10.20-02.12.50:877][695]LogSkinnedMeshComp:Warning: GetBoneTransform : ParentBoneIndex(28) out of range of MasterPoseComponent->SpaceBases for Pants
[2016.10.20-02.12.50:877][695]LogSkinnedMeshComp:Warning: GetBoneTransform : ParentBoneIndex(29) out of range of MasterPoseComponent->SpaceBases for Pants
[2016.10.20-02.12.50:877][695]LogSkinnedMeshComp:Warning: GetBoneTransform : ParentBoneIndex(30) out of range of MasterPoseComponent->SpaceBases for Pants
[2016.10.20-02.12.50:877][695]LogSkinnedMeshComp:Warning: GetBoneTransform : ParentBoneIndex(46) out of range of MasterPoseComponent->SpaceBases for Pants
[2016.10.20-02.12.50:877][695]LogSkinnedMeshComp:Warning: GetBoneTransform : ParentBoneIndex(47) out of range of MasterPoseComponent->SpaceBases for Pants
[2016.10.20-02.12.50:877][695]LogSkinnedMeshComp:Warning: GetBoneTransform : ParentBoneIndex(48) out of range of MasterPoseComponent->SpaceBases for Pants
[2016.10.20-02.12.50:877][695]LogSkinnedMeshComp:Warning: GetBoneTransform : ParentBoneIndex(50) out of range of MasterPoseComponent->SpaceBases for Pants
[2016.10.20-02.12.50:877][695]LogSkinnedMeshComp:Warning: GetBoneTransform : ParentBoneIndex(51) out of range of MasterPoseComponent->SpaceBases for Pants
[2016.10.20-02.12.50:877][695]LogSkinnedMeshComp:Warning: GetBoneTransform : ParentBoneIndex(52) out of range of MasterPoseComponent->SpaceBases for Pants
[2016.10.20-02.12.50:877][695]LogSkinnedMeshComp:Warning: GetBoneTransform : ParentBoneIndex(0) out of range of MasterPoseComponent->SpaceBases for Body
[2016.10.20-02.12.50:877][695]LogSkinnedMeshComp:Warning: GetBoneTransform : ParentBoneIndex(2) out of range of MasterPoseComponent->SpaceBases for Body
[2016.10.20-02.12.50:877][695]LogSkinnedMeshComp:Warning: GetBoneTransform : ParentBoneIndex(3) out of range of MasterPoseComponent->SpaceBases for Body
[2016.10.20-02.12.50:877][695]LogSkinnedMeshComp:Warning: GetBoneTransform : ParentBoneIndex(4) out of range of MasterPoseComponent->SpaceBases for Body
[2016.10.20-02.12.50:877][695]LogSkinnedMeshComp:Warning: GetBoneTransform : ParentBoneIndex(5) out of range of MasterPoseComponent->SpaceBases for Body
[2016.10.20-02.12.50:877][695]LogSkinnedMeshComp:Warning: GetBoneTransform : ParentBoneIndex(7) out of range of MasterPoseComponent->SpaceBases for Body
[2016.10.20-02.12.50:877][695]LogSkinnedMeshComp:Warning: GetBoneTransform : ParentBoneIndex(9) out of range of MasterPoseComponent->SpaceBases for Body
[2016.10.20-02.12.50:877][695]LogSkinnedMeshComp:Warning: GetBoneTransform : ParentBoneIndex(10) out of range of MasterPoseComponent->SpaceBases for Body
[2016.10.20-02.12.50:877][695]LogSkinnedMeshComp:Warning: GetBoneTransform : ParentBoneIndex(11) out of range of MasterPoseComponent->SpaceBases for Body
[2016.10.20-02.12.50:877][695]LogSkinnedMeshComp:Warning: GetBoneTransform : ParentBoneIndex(28) out of range of MasterPoseComponent->SpaceBases for Body
[2016.10.20-02.12.50:877][695]LogSkinnedMeshComp:Warning: GetBoneTransform : ParentBoneIndex(29) out of range of MasterPoseComponent->SpaceBases for Body
[2016.10.20-02.12.50:877][695]LogSkinnedMeshComp:Warning: GetBoneTransform : ParentBoneIndex(30) out of range of MasterPoseComponent->SpaceBases for Body
[2016.10.20-02.12.50:877][695]LogSkinnedMeshComp:Warning: GetBoneTransform : ParentBoneIndex(46) out of range of MasterPoseComponent->SpaceBases for Body
[2016.10.20-02.12.50:877][695]LogSkinnedMeshComp:Warning: GetBoneTransform : ParentBoneIndex(47) out of range of MasterPoseComponent->SpaceBases for Body
[2016.10.20-02.12.50:877][695]LogSkinnedMeshComp:Warning: GetBoneTransform : ParentBoneIndex(48) out of range of MasterPoseComponent->SpaceBases for Body
[2016.10.20-02.12.50:877][695]LogSkinnedMeshComp:Warning: GetBoneTransform : ParentBoneIndex(50) out of range of MasterPoseComponent->SpaceBases for Body
[2016.10.20-02.12.50:877][695]LogSkinnedMeshComp:Warning: GetBoneTransform : ParentBoneIndex(51) out of range of MasterPoseComponent->SpaceBases for Body
[2016.10.20-02.12.50:877][695]LogSkinnedMeshComp:Warning: GetBoneTransform : ParentBoneIndex(52) out of range of MasterPoseComponent->SpaceBases for Body
[2016.10.20-02.12.59:540][ 35]BlueprintLog: New page: 编译CharacterBP_Player
[2016.10.20-02.12.59:658][ 35]BlueprintEditorCompileResults: 信息 [1566.37] Compile of CharacterBP_Player successful! [in 118 ms] (/Game/MyCharacter/Blueprints/CharacterBP_Player.CharacterBP_Player)
[2016.10.20-02.13.01:995][150]LogBlueprintUserMessages: Early PlayInEditor Detection: Level '/Game/MyCharacter/Minimal_Default.Minimal_Default:PersistentLevel' has LevelScriptBlueprint '/Game/MyCharacter/Minimal_Default.Minimal_Default:PersistentLevel.Minimal_Default' with GeneratedClass '/Game/MyCharacter/Minimal_Default.Minimal_Default_C' with ClassGeneratedBy '/Game/MyCharacter/Minimal_Default.Minimal_Default:PersistentLevel.Minimal_Default'
[2016.10.20-02.13.01:995][150]LogPlayLevel: PlayLevel: No blueprints needed recompiling
[2016.10.20-02.13.01:995][150]PIE: New page: PIE会话: Minimal_Default (2016年10月20日 下午6:13:01)
[2016.10.20-02.13.01:995][150]LogPlayLevel: Creating play world package: /Game/MyCharacter/UEDPIE_0_Minimal_Default
[2016.10.20-02.13.02:003][150]LogPlayLevel: PIE: StaticDuplicateObject took: (0.008475s)
[2016.10.20-02.13.02:004][150]LogAIModule: Creating AISystem for world Minimal_Default
[2016.10.20-02.13.02:004][150]LogPlayLevel: PIE: World Init took: (0.000627s)
[2016.10.20-02.13.02:004][150]LogPlayLevel: PIE: Created PIE world by copying editor world from /Game/MyCharacter/Minimal_Default.Minimal_Default to /Game/MyCharacter/UEDPIE_0_Minimal_Default.Minimal_Default (0.009349s)
[2016.10.20-02.13.02:025][150]LogInit: XAudio2 using '扬声器 (Realtek High Definition Audio)' : 2 channels at 48 kHz using 32 bits per sample (channel mask 0x3)
[2016.10.20-02.13.02:037][150]LogInit: FAudioDevice initialized.
[2016.10.20-02.13.02:088][150]LogWorld: Game class is 'MyGameMode_C'
[2016.10.20-02.13.02:091][150]LogWorld: Bringing World /Game/MyCharacter/UEDPIE_0_Minimal_Default.Minimal_Default up for play (max tick rate 0) at 2016.10.20-10.13.02
[2016.10.20-02.13.02:091][150]LogWorld: Bringing up level for play took: 0.001782
[2016.10.20-02.13.02:094][150]PIE: 信息 /Game/MyCharacter/UEDPIE_0_Minimal_Default的‘在编辑器中播放’的起始时间0.84
[2016.10.20-02.13.02:095][150]LogBlueprintUserMessages: Late PlayInEditor Detection: Level '/Game/MyCharacter/Minimal_Default.Minimal_Default:PersistentLevel' has LevelScriptBlueprint '/Game/MyCharacter/Minimal_Default.Minimal_Default:PersistentLevel.Minimal_Default' with GeneratedClass '/Game/MyCharacter/Minimal_Default.Minimal_Default_C' with ClassGeneratedBy '/Game/MyCharacter/Minimal_Default.Minimal_Default:PersistentLevel.Minimal_Default'
[2016.10.20-02.13.05:878][411]LogBlueprintUserMessages: Early EndPlayMap Detection: Level '/Game/MyCharacter/Minimal_Default.Minimal_Default:PersistentLevel' has LevelScriptBlueprint '/Game/MyCharacter/Minimal_Default.Minimal_Default:PersistentLevel.Minimal_Default' with GeneratedClass '/Game/MyCharacter/Minimal_Default.Minimal_Default_C' with ClassGeneratedBy '/Game/MyCharacter/Minimal_Default.Minimal_Default:PersistentLevel.Minimal_Default'
[2016.10.20-02.13.05:914][411]LogBlueprintUserMessages: Late EndPlayMap Detection: Level '/Game/MyCharacter/Minimal_Default.Minimal_Default:PersistentLevel' has LevelScriptBlueprint '/Game/MyCharacter/Minimal_Default.Minimal_Default:PersistentLevel.Minimal_Default' with GeneratedClass '/Game/MyCharacter/Minimal_Default.Minimal_Default_C' with ClassGeneratedBy '/Game/MyCharacter/Minimal_Default.Minimal_Default:PersistentLevel.Minimal_Default'
[2016.10.20-02.13.31:645][429]BlueprintLog: New page: 编译CharacterBP_Player
[2016.10.20-02.13.31:763][429]BlueprintEditorCompileResults: 信息 [1598.47] Compile of CharacterBP_Player successful! [in 117 ms] (/Game/MyCharacter/Blueprints/CharacterBP_Player.CharacterBP_Player)
[2016.10.20-02.13.38:463][751]LogSlate:Warning: Prevented a slow task dialog from being summoned while a context menu was open
[2016.10.20-02.13.41:828][983]Cmd: OBJ SAVEPACKAGE PACKAGE="/Game/MyCharacter/Minimal_Default" FILE="../../../../JiangHuGit/JiangHuPro/Content/MyCharacter/Minimal_Default.umap" SILENT=true AUTOSAVING=false KEEPDIRTY=false
[2016.10.20-02.13.42:092][983]LogSavePackage: Save=153.50ms
[2016.10.20-02.13.42:092][983]LogSavePackage: Moving '../../../../JiangHuGit/JiangHuPro/Saved/Minimal_Default13E8C3CF4320777A0A4D8D917B4A839C.tmp' to '../../../../JiangHuGit/JiangHuPro/Content/MyCharacter/Minimal_Default.umap'
[2016.10.20-02.13.42:093][983]LogSavePackage:Display: Finished SavePackage ../../../../JiangHuGit/JiangHuPro/Content/MyCharacter/Minimal_Default.umap
[2016.10.20-02.14.01:036][587]LogMetaData: Removing '/Game/MyCharacter/Blueprints/CharacterBP_AI.CharacterBP_AI_C' ref from Metadata '/Game/MyCharacter/Blueprints/CharacterBP_Child.PackageMetaData'
[2016.10.20-02.14.01:036][587]LogMetaData: Removing '/Game/MyCharacter/Blueprints/CharacterBP_AI.CharacterBP_AI:EventGraph.K2Node_Event_0' ref from Metadata '/Game/MyCharacter/Blueprints/CharacterBP_Child.PackageMetaData'
[2016.10.20-02.14.01:036][587]LogMetaData: Removing '/Game/MyCharacter/Blueprints/CharacterBP_AI.CharacterBP_AI:EventGraph.K2Node_CallParentFunction_1' ref from Metadata '/Game/MyCharacter/Blueprints/CharacterBP_Child.PackageMetaData'
[2016.10.20-02.14.01:036][587]LogMetaData: Removing '/Game/MyCharacter/Blueprints/CharacterBP_AI.CharacterBP_AI:EventGraph.K2Node_Event_1' ref from Metadata '/Game/MyCharacter/Blueprints/CharacterBP_Child.PackageMetaData'
[2016.10.20-02.14.01:036][587]LogMetaData: Removing '/Game/MyCharacter/Blueprints/CharacterBP_AI.CharacterBP_AI:EventGraph.K2Node_Event_2' ref from Metadata '/Game/MyCharacter/Blueprints/CharacterBP_Child.PackageMetaData'
[2016.10.20-02.14.01:037][587]LogMetaData: Removing '/Game/MyCharacter/Blueprints/CharacterBP_AI.CharacterBP_AI:UserConstructionScript.K2Node_FunctionEntry_0' ref from Metadata '/Game/MyCharacter/Blueprints/CharacterBP_Child.PackageMetaData'
[2016.10.20-02.14.01:037][587]LogMetaData: Removing '/Game/MyCharacter/Blueprints/CharacterBP_AI.SKEL_CharacterBP_AI_C' ref from Metadata '/Game/MyCharacter/Blueprints/CharacterBP_Child.PackageMetaData'
[2016.10.20-02.14.01:280][587]Cmd: OBJ SAVEPACKAGE PACKAGE="/Game/MyCharacter/Blueprints/CharacterBP_AI" FILE="../../../../JiangHuGit/JiangHuPro/Content/MyCharacter/Blueprints/CharacterBP_AI.uasset" SILENT=true
[2016.10.20-02.14.01:310][587]LogSavePackage: Save=27.84ms
[2016.10.20-02.14.01:310][587]LogSavePackage: Moving '../../../../JiangHuGit/JiangHuPro/Saved/CharacterBP_AI975983AC4EA45821DE5C129AFAF67ADD.tmp' to '../../../../JiangHuGit/JiangHuPro/Content/MyCharacter/Blueprints/CharacterBP_AI.uasset'
[2016.10.20-02.14.01:312][587]LogSavePackage:Display: Finished SavePackage ../../../../JiangHuGit/JiangHuPro/Content/MyCharacter/Blueprints/CharacterBP_AI.uasset
[2016.10.20-02.14.01:478][587]Cmd: OBJ SAVEPACKAGE PACKAGE="/Game/MyCharacter/AICharacter/AICharacter_Controller" FILE="../../../../JiangHuGit/JiangHuPro/Content/MyCharacter/AICharacter/AICharacter_Controller.uasset" SILENT=true
[2016.10.20-02.14.01:603][587]LogSavePackage: Save=34.76ms
[2016.10.20-02.14.01:603][587]LogSavePackage: Moving '../../../../JiangHuGit/JiangHuPro/Saved/AICharacter_Controller82B37A334CFF09A65462D087E25F21D5.tmp' to '../../../../JiangHuGit/JiangHuPro/Content/MyCharacter/AICharacter/AICharacter_Controller.uasset'
[2016.10.20-02.14.01:604][587]LogSavePackage:Display: Finished SavePackage ../../../../JiangHuGit/JiangHuPro/Content/MyCharacter/AICharacter/AICharacter_Controller.uasset
[2016.10.20-02.14.01:608][587]Cmd: OBJ SAVEPACKAGE PACKAGE="/Game/MyCharacter/AICharacter/BTD_CurrMana" FILE="../../../../JiangHuGit/JiangHuPro/Content/MyCharacter/AICharacter/BTD_CurrMana.uasset" SILENT=true
[2016.10.20-02.14.01:700][587]LogSavePackage: Save=13.48ms
[2016.10.20-02.14.01:700][587]LogSavePackage: Moving '../../../../JiangHuGit/JiangHuPro/Saved/BTD_CurrMana470340B94D2CFE241DFC409EBD2A41AD.tmp' to '../../../../JiangHuGit/JiangHuPro/Content/MyCharacter/AICharacter/BTD_CurrMana.uasset'
[2016.10.20-02.14.01:707][587]LogSavePackage:Display: Finished SavePackage ../../../../JiangHuGit/JiangHuPro/Content/MyCharacter/AICharacter/BTD_CurrMana.uasset
[2016.10.20-02.14.01:711][587]Cmd: OBJ SAVEPACKAGE PACKAGE="/Game/MyCharacter/AICharacter/BTS_VisionCheck" FILE="../../../../JiangHuGit/JiangHuPro/Content/MyCharacter/AICharacter/BTS_VisionCheck.uasset" SILENT=true
[2016.10.20-02.14.01:801][587]LogSavePackage: Save=20.42ms
[2016.10.20-02.14.01:802][587]LogSavePackage: Moving '../../../../JiangHuGit/JiangHuPro/Saved/BTS_VisionCheckD0BC483446790EF3BAEB5A9797BBE079.tmp' to '../../../../JiangHuGit/JiangHuPro/Content/MyCharacter/AICharacter/BTS_VisionCheck.uasset'
[2016.10.20-02.14.01:803][587]LogSavePackage:Display: Finished SavePackage ../../../../JiangHuGit/JiangHuPro/Content/MyCharacter/AICharacter/BTS_VisionCheck.uasset
[2016.10.20-02.14.01:817][587]Cmd: OBJ SAVEPACKAGE PACKAGE="/Game/MyCharacter/AICharacter/BTT_AttackNormal" FILE="../../../../JiangHuGit/JiangHuPro/Content/MyCharacter/AICharacter/BTT_AttackNormal.uasset" SILENT=true
[2016.10.20-02.14.01:918][587]LogSavePackage: Save=14.27ms
[2016.10.20-02.14.01:918][587]LogSavePackage: Moving '../../../../JiangHuGit/JiangHuPro/Saved/BTT_AttackNormalA858F80643A5A9B53C443AA16A6DF768.tmp' to '../../../../JiangHuGit/JiangHuPro/Content/MyCharacter/AICharacter/BTT_AttackNormal.uasset'
[2016.10.20-02.14.01:919][587]LogSavePackage:Display: Finished SavePackage ../../../../JiangHuGit/JiangHuPro/Content/MyCharacter/AICharacter/BTT_AttackNormal.uasset
[2016.10.20-02.14.03:310][672]Cmd: OBJ SAVEPACKAGE PACKAGE="/Game/MyCharacter/Minimal_Default" FILE="../../../../JiangHuGit/JiangHuPro/Content/MyCharacter/Minimal_Default.umap" SILENT=true AUTOSAVING=false KEEPDIRTY=false
[2016.10.20-02.14.03:527][672]LogSavePackage: Save=146.51ms
[2016.10.20-02.14.03:527][672]LogSavePackage: Moving '../../../../JiangHuGit/JiangHuPro/Saved/Minimal_DefaultB034452A4AE6DD9AB844999EFE3137ED.tmp' to '../../../../JiangHuGit/JiangHuPro/Content/MyCharacter/Minimal_Default.umap'
[2016.10.20-02.14.03:528][672]LogSavePackage:Display: Finished SavePackage ../../../../JiangHuGit/JiangHuPro/Content/MyCharacter/Minimal_Default.umap
[2016.10.20-02.14.08:132][730]Cmd: OBJ SAVEPACKAGE PACKAGE="/Game/MyCharacter/Blueprints/CharacterBP_Player" FILE="../../../../JiangHuGit/JiangHuPro/Content/MyCharacter/Blueprints/CharacterBP_Player.uasset" SILENT=true
[2016.10.20-02.14.08:165][730]LogSavePackage: Save=32.27ms
[2016.10.20-02.14.08:165][730]LogSavePackage: Moving '../../../../JiangHuGit/JiangHuPro/Saved/CharacterBP_Player93A8D9E1459A78968DBB74B2AFC65FE1.tmp' to '../../../../JiangHuGit/JiangHuPro/Content/MyCharacter/Blueprints/CharacterBP_Player.uasset'
[2016.10.20-02.14.08:167][730]LogSavePackage:Display: Finished SavePackage ../../../../JiangHuGit/JiangHuPro/Content/MyCharacter/Blueprints/CharacterBP_Player.uasset
[2016.10.20-02.14.08:170][730]Cmd: OBJ SAVEPACKAGE PACKAGE="/Game/MyCharacter/Blueprints/MyGameMode" FILE="../../../../JiangHuGit/JiangHuPro/Content/MyCharacter/Blueprints/MyGameMode.uasset" SILENT=true
[2016.10.20-02.14.08:237][730]LogSavePackage: Save=10.27ms
[2016.10.20-02.14.08:237][730]LogSavePackage: Moving '../../../../JiangHuGit/JiangHuPro/Saved/MyGameModeA2C7B89447B62345F55EEA96E7082D67.tmp' to '../../../../JiangHuGit/JiangHuPro/Content/MyCharacter/Blueprints/MyGameMode.uasset'
[2016.10.20-02.14.08:239][730]LogSavePackage:Display: Finished SavePackage ../../../../JiangHuGit/JiangHuPro/Content/MyCharacter/Blueprints/MyGameMode.uasset
[2016.10.20-02.14.09:111][797]LogBlueprintUserMessages: Early PlayInEditor Detection: Level '/Game/MyCharacter/Minimal_Default.Minimal_Default:PersistentLevel' has LevelScriptBlueprint '/Game/MyCharacter/Minimal_Default.Minimal_Default:PersistentLevel.Minimal_Default' with GeneratedClass '/Game/MyCharacter/Minimal_Default.Minimal_Default_C' with ClassGeneratedBy '/Game/MyCharacter/Minimal_Default.Minimal_Default:PersistentLevel.Minimal_Default'
[2016.10.20-02.14.09:112][797]LogPlayLevel: PlayLevel: No blueprints needed recompiling
[2016.10.20-02.14.09:112][797]PIE: New page: PIE会话: Minimal_Default (2016年10月20日 下午6:14:09)
[2016.10.20-02.14.09:112][797]LogPlayLevel: Creating play world package: /Game/MyCharacter/UEDPIE_0_Minimal_Default
[2016.10.20-02.14.09:121][797]LogPlayLevel: PIE: StaticDuplicateObject took: (0.008834s)
[2016.10.20-02.14.09:121][797]LogAIModule: Creating AISystem for world Minimal_Default
[2016.10.20-02.14.09:121][797]LogPlayLevel: PIE: World Init took: (0.000698s)
[2016.10.20-02.14.09:121][797]LogPlayLevel: PIE: Created PIE world by copying editor world from /Game/MyCharacter/Minimal_Default.Minimal_Default to /Game/MyCharacter/UEDPIE_0_Minimal_Default.Minimal_Default (0.009804s)
[2016.10.20-02.14.09:138][797]LogInit: XAudio2 using '扬声器 (Realtek High Definition Audio)' : 2 channels at 48 kHz using 32 bits per sample (channel mask 0x3)
[2016.10.20-02.14.09:150][797]LogInit: FAudioDevice initialized.
[2016.10.20-02.14.09:197][797]LogWorld: Game class is 'MyGameMode_C'
[2016.10.20-02.14.09:199][797]LogWorld: Bringing World /Game/MyCharacter/UEDPIE_0_Minimal_Default.Minimal_Default up for play (max tick rate 0) at 2016.10.20-10.14.09
[2016.10.20-02.14.09:200][797]LogWorld: Bringing up level for play took: 0.001820
[2016.10.20-02.14.09:203][797]PIE: 信息 /Game/MyCharacter/UEDPIE_0_Minimal_Default的‘在编辑器中播放’的起始时间-0.052
[2016.10.20-02.14.09:203][797]LogBlueprintUserMessages: Late PlayInEditor Detection: Level '/Game/MyCharacter/Minimal_Default.Minimal_Default:PersistentLevel' has LevelScriptBlueprint '/Game/MyCharacter/Minimal_Default.Minimal_Default:PersistentLevel.Minimal_Default' with GeneratedClass '/Game/MyCharacter/Minimal_Default.Minimal_Default_C' with ClassGeneratedBy '/Game/MyCharacter/Minimal_Default.Minimal_Default:PersistentLevel.Minimal_Default'
[2016.10.20-02.14.24:917][930]LogBlueprintUserMessages: Early EndPlayMap Detection: Level '/Game/MyCharacter/Minimal_Default.Minimal_Default:PersistentLevel' has LevelScriptBlueprint '/Game/MyCharacter/Minimal_Default.Minimal_Default:PersistentLevel.Minimal_Default' with GeneratedClass '/Game/MyCharacter/Minimal_Default.Minimal_Default_C' with ClassGeneratedBy '/Game/MyCharacter/Minimal_Default.Minimal_Default:PersistentLevel.Minimal_Default'
[2016.10.20-02.14.24:956][930]LogBlueprintUserMessages: Late EndPlayMap Detection: Level '/Game/MyCharacter/Minimal_Default.Minimal_Default:PersistentLevel' has LevelScriptBlueprint '/Game/MyCharacter/Minimal_Default.Minimal_Default:PersistentLevel.Minimal_Default' with GeneratedClass '/Game/MyCharacter/Minimal_Default.Minimal_Default_C' with ClassGeneratedBy '/Game/MyCharacter/Minimal_Default.Minimal_Default:PersistentLevel.Minimal_Default'
[2016.10.20-02.15.41:514][227]BlueprintLog: New page: 编译CharacterBP
[2016.10.20-02.15.41:917][227]BlueprintEditorCompileResults: 信息 执行路径不是以返回节点结束的。 假 
[2016.10.20-02.15.41:917][227]BlueprintEditorCompileResults: 信息 [1728.62] Compile of CharacterBP successful! [in 402 ms] (/Game/MyCharacter/Blueprints/CharacterBP.CharacterBP)
[2016.10.20-02.15.42:729][269]Cmd: OBJ SAVEPACKAGE PACKAGE="/Game/MyCharacter/Blueprints/CharacterBP" FILE="../../../../JiangHuGit/JiangHuPro/Content/MyCharacter/Blueprints/CharacterBP.uasset" SILENT=true
[2016.10.20-02.15.42:913][269]LogSavePackage: Save=126.97ms
[2016.10.20-02.15.42:913][269]LogSavePackage: Moving '../../../../JiangHuGit/JiangHuPro/Saved/CharacterBP61B6491245C481668B171D88860B741F.tmp' to '../../../../JiangHuGit/JiangHuPro/Content/MyCharacter/Blueprints/CharacterBP.uasset'
[2016.10.20-02.15.42:915][269]LogSavePackage:Display: Finished SavePackage ../../../../JiangHuGit/JiangHuPro/Content/MyCharacter/Blueprints/CharacterBP.uasset
[2016.10.20-02.15.59:864][549]Cmd: OBJ SAVEPACKAGE PACKAGE="/Game/MyCharacter/Blueprints/CharacterBP" FILE="../../../../JiangHuGit/JiangHuPro/Content/MyCharacter/Blueprints/CharacterBP.uasset" SILENT=true
[2016.10.20-02.16.00:058][549]LogSavePackage: Save=133.51ms
[2016.10.20-02.16.00:058][549]LogSavePackage: Moving '../../../../JiangHuGit/JiangHuPro/Saved/CharacterBPBEF978124ED6C1843EF29183C12EF1A1.tmp' to '../../../../JiangHuGit/JiangHuPro/Content/MyCharacter/Blueprints/CharacterBP.uasset'
[2016.10.20-02.16.00:059][549]LogSavePackage:Display: Finished SavePackage ../../../../JiangHuGit/JiangHuPro/Content/MyCharacter/Blueprints/CharacterBP.uasset
[2016.10.20-02.17.27:114][533]BlueprintLog: New page: 编译CharacterBP
[2016.10.20-02.17.27:507][533]BlueprintEditorCompileResults: 信息 执行路径不是以返回节点结束的。 假 
[2016.10.20-02.17.27:507][533]BlueprintEditorCompileResults: 信息 [1834.21] Compile of CharacterBP successful! [in 392 ms] (/Game/MyCharacter/Blueprints/CharacterBP.CharacterBP)
[2016.10.20-02.17.28:147][566]Cmd: OBJ SAVEPACKAGE PACKAGE="/Game/MyCharacter/Blueprints/CharacterBP" FILE="../../../../JiangHuGit/JiangHuPro/Content/MyCharacter/Blueprints/CharacterBP.uasset" SILENT=true
[2016.10.20-02.17.28:325][566]LogSavePackage: Save=121.00ms
[2016.10.20-02.17.28:325][566]LogSavePackage: Moving '../../../../JiangHuGit/JiangHuPro/Saved/CharacterBP1675B75F44280187ABEF44ABB281DF88.tmp' to '../../../../JiangHuGit/JiangHuPro/Content/MyCharacter/Blueprints/CharacterBP.uasset'
[2016.10.20-02.17.28:327][566]LogSavePackage:Display: Finished SavePackage ../../../../JiangHuGit/JiangHuPro/Content/MyCharacter/Blueprints/CharacterBP.uasset
[2016.10.20-02.18.01:765][493]LogWindowsTextInputMethodSystem:Display: IME system now deactivated.
[2016.10.20-02.18.01:765][493]LogWindowsTextInputMethodSystem:Display: IME system now deactivated.
[2016.10.20-02.18.02:252][522]LogWindowsTextInputMethodSystem:Display: IME system now deactivated.
[2016.10.20-02.18.02:256][522]LogWindowsTextInputMethodSystem:Display: IME system now activated using TSF (搜狗拼音输入法).
[2016.10.20-02.18.11:952][ 74]BlueprintLog: New page: 编译CharacterBP
[2016.10.20-02.18.12:350][ 74]BlueprintEditorCompileResults: 信息 执行路径不是以返回节点结束的。 假 
[2016.10.20-02.18.12:350][ 74]BlueprintEditorCompileResults: 信息 [1879.06] Compile of CharacterBP successful! [in 397 ms] (/Game/MyCharacter/Blueprints/CharacterBP.CharacterBP)
[2016.10.20-02.18.12:899][101]Cmd: OBJ SAVEPACKAGE PACKAGE="/Game/MyCharacter/Blueprints/CharacterBP" FILE="../../../../JiangHuGit/JiangHuPro/Content/MyCharacter/Blueprints/CharacterBP.uasset" SILENT=true
[2016.10.20-02.18.13:080][101]LogSavePackage: Save=124.29ms
[2016.10.20-02.18.13:080][101]LogSavePackage: Moving '../../../../JiangHuGit/JiangHuPro/Saved/CharacterBP6AA4A03C46804D93803039AB5863D12E.tmp' to '../../../../JiangHuGit/JiangHuPro/Content/MyCharacter/Blueprints/CharacterBP.uasset'
[2016.10.20-02.18.13:082][101]LogSavePackage:Display