Log file open, 10/13/16 19:07:32
LogInit:Display: Running engine for game: JiangHuPro
LogPlatformFile: Not using cached read wrapper
LogInit:Display: RandInit(-2126183140) SRandInit(-2126183139).
LogInit: Using version manifest at CL 0 with build ID '7cd5ca22-809b-4f2f-b42f-17b8a5d970bd'
LogTaskGraph: Started task graph with 4 named threads and 7 total threads with 1 sets of task threads.
LogStats: Stats thread started at 0.076852
LogInit: Version: 4.12.4-0+UE4
LogInit: API Version: 0
LogInit: Net Version: 0
LogDevObjectVersion: Number of dev versions registered: 13
LogDevObjectVersion:   Dev-Blueprints (B0D832E4-1F89-4F0D-ACCF-7EB736FD4AA2): 3
LogDevObjectVersion:   Dev-Build (E1C64328-A22C-4D53-A36C-8E866417BD8C): 0
LogDevObjectVersion:   Dev-Core (375EC13C-06E4-48FB-B500-84F0262A717E): 1
LogDevObjectVersion:   Dev-Editor (E4B068ED-F494-42E9-A231-DA0B2E46BB41): 2
LogDevObjectVersion:   Dev-Framework (CFFC743F-43B0-4480-9391-14DF171D2073): 6
LogDevObjectVersion:   Dev-Mobile (B02B49B5-BB20-44E9-A304-32B752E40360): 0
LogDevObjectVersion:   Dev-Networking (A4E4105C-59A1-49B5-A7C5-40C4547EDFEE): 0
LogDevObjectVersion:   Dev-Online (39C831C9-5AE6-47DC-9A44-9C173E1C8E7C): 0
LogDevObjectVersion:   Dev-Physics (78F01B33-EBEA-4F98-B9B4-84EACCB95AA2): 0
LogDevObjectVersion:   Dev-Platform (6631380F-2D4D-43E0-8009-CF276956A95A): 0
LogDevObjectVersion:   Dev-Rendering (12F88B9F-8875-4AFC-A67C-D90C383ABD29): 2
LogDevObjectVersion:   Dev-Sequencer (7B5AE74C-D270-4C10-A958-57980B212A5A): 0
LogDevObjectVersion:   Dev-VR (D7296918-1DD6-4BDD-9DE2-64A83CC13884): 0
LogInit: Compiled (64-bit): Sep 29 2016 15:09:05
LogInit: Compiled with Visual C++: 19.00.23026.00
LogInit: Build Configuration: Development
LogInit: Branch Name: UE4
LogInit: Command line:  
LogInit: Base directory: C:/Users/soco2/Desktop/UE4/UE4-Hairwroks/Engine/Binaries/Win64/
LogInit: Installed Engine Build: 0
LogInit: Using libcurl 7.41.0
LogInit:  - built for x86_64-pc-win32
LogInit:  - supports SSL with WinSSL
LogInit:  - other features:
LogInit:      CURL_VERSION_SSL
LogInit:      CURL_VERSION_IPV6
LogInit:      CURL_VERSION_ASYNCHDNS
LogInit:      CURL_VERSION_LARGEFILE
LogInit:      CURL_VERSION_IDN
LogInit:  CurlRequestOptions (configurable via config and command line):
LogInit:  - bVerifyPeer = true  - Libcurl will verify peer certificate
LogInit:  - bUseHttpProxy = false  - Libcurl will NOT use HTTP proxy
LogInit:  - bDontReuseConnections = false  - Libcurl will reuse connections
LogInit:  - CertBundlePath = nullptr  - Libcurl will use whatever was configured at build time.
LogInit: Presizing for max 8388607 objects, including 0 objects not considered by GC, pre-allocating 0 bytes for permanent pool.
LogInit: Object subsystem initialized
[2016.10.13-11.07.33:001][  0]LogInit: Selected Device Profile: [Windows]
[2016.10.13-11.07.33:001][  0]LogInit: Applying CVar settings loaded from the selected device profile: [Windows]
[2016.10.13-11.07.33:012][  0]LogInit: Computer: SOCO
[2016.10.13-11.07.33:012][  0]LogInit: User: soco2
[2016.10.13-11.07.33:012][  0]LogInit: CPU Page size=65536, Cores=4
[2016.10.13-11.07.33:012][  0]LogInit: High frequency timer resolution =3.117792 MHz
[2016.10.13-11.07.33:013][  0]LogMemory: Memory total: Physical=8.0GB (8GB approx)
[2016.10.13-11.07.33:013][  0]LogMemory: Platform Memory Stats for Windows
[2016.10.13-11.07.33:013][  0]LogMemory: Process Physical Memory: 190.07 MB used, 190.07 MB peak
[2016.10.13-11.07.33:013][  0]LogMemory: Process Virtual Memory: 195.03 MB used, 195.03 MB peak
[2016.10.13-11.07.33:013][  0]LogMemory: Physical Memory: 4023.14 MB used, 8142.95 MB total
[2016.10.13-11.07.33:013][  0]LogMemory: Virtual Memory: 550.34 MB used, 134217728.00 MB total
[2016.10.13-11.07.33:091][  0]LogTextLocalizationManager:Warning: Loaded localization resources contain conflicting entries for (Namespace:K2Node, Key:Target):
Localization Resource: (C:/Users/soco2/Desktop/UE4/UE4-Hairwroks/Engine/Content/Localization/EditorTutorials/zh-CN/EditorTutorials.locres) Source String Hash: (-1589014459) Localized String: (目标)
Localization Resource: (C:/Users/soco2/Desktop/UE4/UE4-Hairwroks/Engine/Content/Localization/Engine/zh-CN/Engine.locres) Source String Hash: (-1589014459) Localized String: (对象)
[2016.10.13-11.07.33:091][  0]LogTextLocalizationManager:Warning: Loaded localization resources contain conflicting entries for (Namespace:K2Node, Key:false):
Localization Resource: (C:/Users/soco2/Desktop/UE4/UE4-Hairwroks/Engine/Content/Localization/EditorTutorials/zh-CN/EditorTutorials.locres) Source String Hash: (816077464) Localized String: (假)
Localization Resource: (C:/Users/soco2/Desktop/UE4/UE4-Hairwroks/Engine/Content/Localization/Engine/zh-CN/Engine.locres) Source String Hash: (816077464) Localized String: (错误)
[2016.10.13-11.07.33:091][  0]LogTextLocalizationManager:Warning: Loaded localization resources contain conflicting entries for (Namespace:K2Node, Key:true):
Localization Resource: (C:/Users/soco2/Desktop/UE4/UE4-Hairwroks/Engine/Content/Localization/EditorTutorials/zh-CN/EditorTutorials.locres) Source String Hash: (-942328987) Localized String: (真)
Localization Resource: (C:/Users/soco2/Desktop/UE4/UE4-Hairwroks/Engine/Content/Localization/Engine/zh-CN/Engine.locres) Source String Hash: (-942328987) Localized String: (正确)
[2016.10.13-11.07.33:091][  0]LogTextLocalizationManager:Warning: Loaded localization resources contain conflicting entries for (Namespace:UObjectToolTips, Key:AnimNode_AssetPlayerBase:InternalTimeAccumulator):
Localization Resource: (C:/Users/soco2/Desktop/UE4/UE4-Hairwroks/Engine/Content/Localization/EditorTutorials/zh-CN/EditorTutorials.locres) Source String Hash: (502993589) Localized String: (用于引用此节点中的资源的累积时间)
Localization Resource: (C:/Users/soco2/Desktop/UE4/UE4-Hairwroks/Engine/Content/Localization/Engine/zh-CN/Engine.locres) Source String Hash: (502993589) Localized String: (引用该节点中资源所用的累计时间)
[2016.10.13-11.07.33:091][  0]LogTextLocalizationManager:Warning: Loaded localization resources contain conflicting entries for (Namespace:UObjectToolTips, Key:AnimNode_AssetPlayerBase:bIgnoreForRelevancyTest):
Localization Resource: (C:/Users/soco2/Desktop/UE4/UE4-Hairwroks/Engine/Content/Localization/EditorTutorials/zh-CN/EditorTutorials.locres) Source String Hash: (319969718) Localized String: (若为真，在状态中寻找最高权重动画的“相关动画”节点将忽视 此节点)
Localization Resource: (C:/Users/soco2/Desktop/UE4/UE4-Hairwroks/Engine/Content/Localization/Engine/zh-CN/Engine.locres) Source String Hash: (319969718) Localized String: (如果为真，那么将会忽略查找最高权重动画的"相关动画"节点。
这个节点)
[2016.10.13-11.07.33:091][  0]LogTextLocalizationManager:Warning: Loaded localization resources contain conflicting entries for (Namespace:UObjectToolTips, Key:AnimNode_AssetPlayerBase:BlendWeight):
Localization Resource: (C:/Users/soco2/Desktop/UE4/UE4-Hairwroks/Engine/Content/Localization/EditorTutorials/zh-CN/EditorTutorials.locres) Source String Hash: (-1232800293) Localized String: (此节点最后交会的混合权重)
Localization Resource: (C:/Users/soco2/Desktop/UE4/UE4-Hairwroks/Engine/Content/Localization/Engine/zh-CN/Engine.locres) Source String Hash: (-1232800293) Localized String: (该节点上一次遇到的混合权重)
[2016.10.13-11.07.33:212][  0]LogD3D11RHI: D3D11 adapters:
[2016.10.13-11.07.33:239][  0]LogD3D11RHI:    0. 'NVIDIA GeForce GTX 745' (Feature Level 11_0)
[2016.10.13-11.07.33:239][  0]LogD3D11RHI:       4062/0/4071 MB DedicatedVideo/DedicatedSystem/SharedSystem, Outputs:1, VendorId:0x10de
[2016.10.13-11.07.33:240][  0]LogD3D11RHI:    1. 'Microsoft Basic Render Driver' (Feature Level 11_0)
[2016.10.13-11.07.33:240][  0]LogD3D11RHI:       0/0/4071 MB DedicatedVideo/DedicatedSystem/SharedSystem, Outputs:0, VendorId:0x1414
[2016.10.13-11.07.33:240][  0]LogD3D11RHI: Chosen D3D11 Adapter: 0
[2016.10.13-11.07.33:246][  0]LogD3D11RHI: Creating new Direct3DDevice
[2016.10.13-11.07.33:246][  0]LogD3D11RHI:     GPU DeviceId: 0x1382 (for the marketing name, search the web for "GPU Device Id")
[2016.10.13-11.07.33:246][  0]LogWindows: EnumDisplayDevices:
[2016.10.13-11.07.33:246][  0]LogWindows:    0. 'NVIDIA GeForce GTX 745' (P:1 D:1)
[2016.10.13-11.07.33:246][  0]LogWindows:    1. 'NVIDIA GeForce GTX 745' (P:0 D:0)
[2016.10.13-11.07.33:246][  0]LogWindows:    2. 'NVIDIA GeForce GTX 745' (P:0 D:0)
[2016.10.13-11.07.33:246][  0]LogWindows: DebugString: FoundDriverCount:3 
[2016.10.13-11.07.33:246][  0]LogD3D11RHI:     Adapter Name: NVIDIA GeForce GTX 745
[2016.10.13-11.07.33:246][  0]LogD3D11RHI:   Driver Version: 369.09 (internal:21.21.13.6909, unified:369.09)
[2016.10.13-11.07.33:246][  0]LogD3D11RHI:      Driver Date: 8-1-2016
[2016.10.13-11.07.33:246][  0]LogRHI: Texture pool is 1361 MB (70% of 1945 MB)
[2016.10.13-11.07.33:257][  0]LogD3D11RHI: Async texture creation enabled
[2016.10.13-11.07.33:267][  0]LogD3D11RHI: GPU Timing Frequency: 1000.000000 (Debug: 2 1)
[2016.10.13-11.07.33:269][  0]LogHairWorks:Display: HairWorks SDK initialized OK
[2016.10.13-11.07.33:279][  0]LogShaderCompilers: Guid format shader working directory is 13 characters bigger than the processId version (../../../../JiangHuGit/JiangHuPro/Intermediate/Shaders/WorkingDirectory/5796/).
[2016.10.13-11.07.33:279][  0]LogShaderCompilers: Cleaned the shader compiler working directory 'C:/Users/soco2/AppData/Local/Temp/UnrealShaderWorkingDir/28342A9A4F0811791CA9378F51229143/'.
[2016.10.13-11.07.33:279][  0]LogShaderCompilers:Display: Using Local Shader Compiler.
[2016.10.13-11.07.34:060][  0]LogTemp:Display: Loaded TP WindowsTargetPlatform
[2016.10.13-11.07.34:068][  0]LogTemp:Display: Loaded TP WindowsNoEditorTargetPlatform
[2016.10.13-11.07.34:076][  0]LogTemp:Display: Loaded TP WindowsServerTargetPlatform
[2016.10.13-11.07.34:084][  0]LogTemp:Display: Loaded TP WindowsClientTargetPlatform
[2016.10.13-11.07.34:092][  0]LogTemp:Display: Loaded TP AllDesktopTargetPlatform
[2016.10.13-11.07.34:098][  0]LogTemp:Display: Loaded TP AndroidTargetPlatform
[2016.10.13-11.07.34:104][  0]LogTemp:Display: Loaded TP Android_PVRTCTargetPlatform
[2016.10.13-11.07.34:110][  0]LogTemp:Display: Loaded TP Android_ATCTargetPlatform
[2016.10.13-11.07.34:116][  0]LogTemp:Display: Loaded TP Android_DXTTargetPlatform
[2016.10.13-11.07.34:122][  0]LogTemp:Display: Loaded TP Android_ETC1TargetPlatform
[2016.10.13-11.07.34:128][  0]LogTemp:Display: Loaded TP Android_ETC2TargetPlatform
[2016.10.13-11.07.34:134][  0]LogTemp:Display: Loaded TP Android_ASTCTargetPlatform
[2016.10.13-11.07.34:140][  0]LogTemp:Display: Loaded TP Android_MultiTargetPlatform
[2016.10.13-11.07.34:141][  0]LogTemp:Display: Loaded TP HTML5TargetPlatform
[2016.10.13-11.07.34:161][  0]LogTemp:Display: Loaded TP IOSTargetPlatform
[2016.10.13-11.07.34:166][  0]LogTemp:Display: Loaded TP TVOSTargetPlatform
[2016.10.13-11.07.34:166][  0]LogTargetPlatformManager:Display: Building Assets For Windows
[2016.10.13-11.07.34:251][  0]LogDerivedDataCache:Display: Max Cache Size: 512 MB
[2016.10.13-11.07.34:302][  0]LogDerivedDataCache: Loaded boot cache 0.05s 48MB ../../../../JiangHuGit/JiangHuPro/DerivedDataCache/Boot.ddc.
[2016.10.13-11.07.34:302][  0]LogDerivedDataCache:Display: Loaded Boot cache: ../../../../JiangHuGit/JiangHuPro/DerivedDataCache/Boot.ddc
[2016.10.13-11.07.34:302][  0]LogDerivedDataCache: FDerivedDataBackendGraph:  Pak pak cache file ../../../../JiangHuGit/JiangHuPro/DerivedDataCache/DDC.ddp not found, will not use a pak cache.
[2016.10.13-11.07.34:302][  0]LogDerivedDataCache: Unable to find inner node Pak for hierarchical cache Hierarchy.
[2016.10.13-11.07.34:303][  0]LogDerivedDataCache: FDerivedDataBackendGraph:  EnginePak pak cache file ../../../Engine/DerivedDataCache/DDC.ddp not found, will not use a pak cache.
[2016.10.13-11.07.34:303][  0]LogDerivedDataCache: Unable to find inner node EnginePak for hierarchical cache Hierarchy.
[2016.10.13-11.07.34:315][  0]LogDerivedDataCache: Using Local data cache path ../../../Engine/DerivedDataCache: Writable
[2016.10.13-11.07.34:315][  0]LogDerivedDataCache: Shared data cache path not found in *engine.ini, will not use an Shared cache.
[2016.10.13-11.07.34:315][  0]LogDerivedDataCache: Unable to find inner node Shared for hierarchical cache Hierarchy.
[2016.10.13-11.07.34:496][  0]LogInit: Selected Device Profile: [Windows]
[2016.10.13-11.07.34:496][  0]LogContentStreaming: Texture pool size is 0.00 MB
[2016.10.13-11.07.34:668][  0]LogMeshUtilities: No automatic mesh reduction module available
[2016.10.13-11.07.34:668][  0]LogMeshUtilities: No automatic mesh merging module available
[2016.10.13-11.07.34:668][  0]LogMeshUtilities: No distributed automatic mesh merging module available
[2016.10.13-11.07.34:903][  0]LogAssetRegistry: FAssetRegistry took 0.0212 seconds to start up
[2016.10.13-11.07.34:964][  0]LogPackageLocalizationCache: Processed 3 localized package path(s) for 4 prioritized culture(s) in 0.058312 seconds
[2016.10.13-11.07.34:969][  0]LogUObjectArray: 28882 objects as part of root set at end of initial load.
[2016.10.13-11.07.34:969][  0]LogUObjectAllocator: 5878280 out of 0 bytes used by permanent object pool.
[2016.10.13-11.07.34:969][  0]LogUObjectArray: CloseDisregardForGC: 0/0 objects in disregard for GC pool
[2016.10.13-11.07.34:975][  0]LogInit: WinSock: version 1.1 (2.2), MaxSocks=32767, MaxUdp=65467
[2016.10.13-11.07.35:140][  0]LogSlate: SlateFontCache - WITH_FREETYPE: 1, WITH_HARFBUZZ: 1
[2016.10.13-11.07.35:140][  0]LogSlate: SlateFontCache - WITH_FREETYPE: 1, WITH_HARFBUZZ: 1
[2016.10.13-11.07.35:797][  0]LogUdpMessaging: Initializing bridge on interface 0.0.0.0:0 to multicast group 230.0.0.1:6666.
[2016.10.13-11.07.36:029][  0]SourceControl: 信息 源码控制已禁用
[2016.10.13-11.07.36:039][  0]SourceControl: 信息 源码控制已禁用
[2016.10.13-11.07.36:051][  0]SourceControl: 信息 源码控制已禁用
[2016.10.13-11.07.36:064][  0]SourceControl: 信息 源码控制已禁用
[2016.10.13-11.07.36:340][  0]LogEngine: Initializing Engine...
[2016.10.13-11.07.36:342][  0]LogHMD: SteamVR failed to initialize.  Err: 110
[2016.10.13-11.07.36:343][  0]LogHMD: SteamVR failed to initialize.  Err: 110
[2016.10.13-11.07.36:478][  0]LogAIModule: Creating AISystem for world NewWorld
[2016.10.13-11.07.36:482][  0]LogInit: XAudio2 using '扬声器 (Realtek High Definition Audio)' : 2 channels at 48 kHz using 32 bits per sample (channel mask 0x3)
[2016.10.13-11.07.36:497][  0]LogInit: FAudioDevice initialized.
[2016.10.13-11.07.36:538][  0]LogDerivedDataCache: Saved boot cache 0.04s 48MB ../../../../JiangHuGit/JiangHuPro/DerivedDataCache/Boot.ddc.
[2016.10.13-11.07.36:546][  0]LogInit: Texture streaming: Enabled
[2016.10.13-11.07.36:574][  0]LogInit: Transaction tracking system initialized
[2016.10.13-11.07.36:599][  0]BlueprintLog: New page: 编辑器加载
[2016.10.13-11.07.36:671][  0]LocalizationService: 信息 本地化服务已被禁用
[2016.10.13-11.07.36:741][  0]LogConsoleResponse:Display: 
[2016.10.13-11.07.36:835][  0]LogCook:Display: Max memory allowance for cook 8192mb
[2016.10.13-11.07.36:835][  0]LogCook:Display: Mobile HDR setting 1
[2016.10.13-11.07.36:947][  0]LogFileCache: Scanning file cache for directory 'C:/Users/soco2/Desktop/UE4/JiangHuGit/JiangHuPro/Content/' took 0.01s
[2016.10.13-11.07.36:947][  0]SourceControl: 信息 源码控制已禁用
[2016.10.13-11.07.36:947][  0]Cmd: MAP LOAD FILE="../../../../JiangHuGit/JiangHuPro/Content/MyCharacter/Minimal_Default.umap" TEMPLATE=0 SHOWPROGRESS=1 FEATURELEVEL=3
[2016.10.13-11.07.36:948][  0]LightingResults: New page: 光照构建
[2016.10.13-11.07.36:950][  0]MapCheck: New page: 地图检测
[2016.10.13-11.07.36:951][  0]LightingResults: New page: 光照构建
[2016.10.13-11.07.37:774][  0]LogAIModule: Creating AISystem for world Minimal_Default
[2016.10.13-11.07.37:779][  0]LogEditorServer: Finished looking for orphan Actors (0.000 secs)
[2016.10.13-11.07.37:880][  0]Cmd: MAP CHECKDEP NOCLEARLOG
[2016.10.13-11.07.37:932][  0]MapCheck: 信息 地图检测完成：0个错误，0 个警告，用时51.924毫秒完成。
[2016.10.13-11.07.37:932][  0]LogFileHelpers: Loading map 'Minimal_Default' took 0.984
[2016.10.13-11.07.38:066][  0]LogCollectionManager: Loaded 0 collections in 0.002071 seconds
[2016.10.13-11.07.38:107][  0]LogFileCache: Scanning file cache for directory 'C:/Users/soco2/Desktop/UE4/JiangHuGit/JiangHuPro/Saved/Collections/' took 0.01s
[2016.10.13-11.07.38:107][  0]LogFileCache: Scanning file cache for directory 'C:/Users/soco2/Desktop/UE4/JiangHuGit/JiangHuPro/Content/Developers/soco2/Collections/' took 0.01s
[2016.10.13-11.07.38:107][  0]LogFileCache: Scanning file cache for directory 'C:/Users/soco2/Desktop/UE4/JiangHuGit/JiangHuPro/Content/Collections/' took 0.01s
[2016.10.13-11.07.38:107][  0]LogCollectionManager: Rebuilt the GUID cache for 0 collections in 0.000003 seconds
[2016.10.13-11.07.38:115][  0]LogContentBrowser: Native class hierarchy populated in 0.0079 seconds. Added 2052 classes and 367 folders.
[2016.10.13-11.07.38:119][  0]LogStats: UGameplayTagsManager::ConstructGameplayTagTree: Construct from data asset -  0.000 s
[2016.10.13-11.07.38:119][  0]LogStats: UGameplayTagsManager::ConstructGameplayTagTree: GameplayTagTreeChangedEvent.Broadcast -  0.000 s
[2016.10.13-11.07.38:119][  0]LogContentBrowser: Native class hierarchy updated for 'GameplayTags' in 0.0004 seconds. Added 12 classes and 0 folders.
[2016.10.13-11.07.38:124][  0]LogContentBrowser: Native class hierarchy updated for 'WidgetCarousel' in 0.0003 seconds. Added 0 classes and 0 folders.
[2016.10.13-11.07.38:168][  0]LogContentBrowser: Native class hierarchy updated for 'AddContentDialog' in 0.0004 seconds. Added 0 classes and 0 folders.
[2016.10.13-11.07.38:172][  0]LogContentBrowser: Native class hierarchy updated for 'SceneOutliner' in 0.0004 seconds. Added 1 classes and 2 folders.
[2016.10.13-11.07.38:230][  0]LogCrashTracker: Crashtracker disabled due to settings.
[2016.10.13-11.07.38:235][  0]LogUObjectGlobals:Warning: 寻找对象'Class 无.'失败
[2016.10.13-11.07.38:262][  0]LogContentBrowser: Native class hierarchy updated for 'HierarchicalLODOutliner' in 0.0004 seconds. Added 1 classes and 2 folders.
[2016.10.13-11.07.38:262][  0]LogLoad: Full Startup: 6.09 seconds (BP compile: 0.23 seconds)
[2016.10.13-11.07.38:262][  0]LogExternalProfiler: No external profilers were discovered.  External profiling features will not be available.
[2016.10.13-11.07.38:271][  0]LogWindowsTextInputMethodSystem:Display: IME system now activated using TSF (微软拼音).
[2016.10.13-11.07.38:272][  0]LogOcInput: OculusInput pre-init called
[2016.10.13-11.07.38:295][  0]LogContentStreaming: Texture pool size now 400 MB
[2016.10.13-11.07.38:451][  0]LogRenderer: Reallocating scene render targets to support 1176x720 (Frame:2).
[2016.10.13-11.07.38:536][  1]Cmd: UpdateLandscapeEditorData -warnings
[2016.10.13-11.07.38:655][  1]LogAssetRegistry: Asset discovery search completed in 3.7734 seconds
[2016.10.13-11.07.38:655][  1]LogCollectionManager: Rebuilt the object cache for 0 collections in 0.000001 seconds (found 0 objects)
[2016.10.13-11.07.38:655][  1]LogCollectionManager: Fixed up redirectors for 0 collections in 0.000024 seconds (updated 0 objects)
[2016.10.13-11.07.45:603][448]LogContentBrowser: Native class hierarchy updated for 'BlueprintGraph' in 0.0008 seconds. Added 111 classes and 0 folders.
[2016.10.13-11.07.45:959][448]LogSkeletalMesh: InitArticulated: Bodies already created (/Engine/Transient.DebugSkelMeshComponent_0) - call TermArticulated first.
[2016.10.13-11.07.51:503][692]LogBlueprintUserMessages: Early PlayInEditor Detection: Level '/Game/MyCharacter/Minimal_Default.Minimal_Default:PersistentLevel' has LevelScriptBlueprint '/Game/MyCharacter/Minimal_Default.Minimal_Default:PersistentLevel.Minimal_Default' with GeneratedClass '/Game/MyCharacter/Minimal_Default.Minimal_Default_C' with ClassGeneratedBy '/Game/MyCharacter/Minimal_Default.Minimal_Default:PersistentLevel.Minimal_Default'
[2016.10.13-11.07.51:503][692]LogPlayLevel: PlayLevel: No blueprints needed recompiling
[2016.10.13-11.07.51:503][692]PIE: New page: PIE会话: Minimal_Default (2016年10月14日 上午3:07:51)
[2016.10.13-11.07.51:503][692]LogPlayLevel: Creating play world package: /Game/MyCharacter/UEDPIE_0_Minimal_Default
[2016.10.13-11.07.51:512][692]LogPlayLevel: PIE: StaticDuplicateObject took: (0.009355s)
[2016.10.13-11.07.51:513][692]LogAIModule: Creating AISystem for world Minimal_Default
[2016.10.13-11.07.51:513][692]LogPlayLevel: PIE: World Init took: (0.000593s)
[2016.10.13-11.07.51:513][692]LogPlayLevel: PIE: Created PIE world by copying editor world from /Game/MyCharacter/Minimal_Default.Minimal_Default to /Game/MyCharacter/UEDPIE_0_Minimal_Default.Minimal_Default (0.010174s)
[2016.10.13-11.07.51:566][692]LogInit: XAudio2 using '扬声器 (Realtek High Definition Audio)' : 2 channels at 48 kHz using 32 bits per sample (channel mask 0x3)
[2016.10.13-11.07.51:579][692]LogInit: FAudioDevice initialized.
[2016.10.13-11.07.51:647][692]LogWorld: Game class is 'MyGameMode_C'
[2016.10.13-11.07.51:649][692]LogWorld: Bringing World /Game/MyCharacter/UEDPIE_0_Minimal_Default.Minimal_Default up for play (max tick rate 0) at 2016.10.13-19.07.51
[2016.10.13-11.07.51:650][692]LogWorld: Bringing up level for play took: 0.001989
[2016.10.13-11.07.51:654][692]LogContentBrowser: Native class hierarchy updated for 'MovieSceneCapture' in 0.0004 seconds. Added 11 classes and 0 folders.
[2016.10.13-11.07.51:659][692]PIE: 信息 /Game/MyCharacter/UEDPIE_0_Minimal_Default的‘在编辑器中播放’的起始时间0.676
[2016.10.13-11.07.51:659][692]LogBlueprintUserMessages: Late PlayInEditor Detection: Level '/Game/MyCharacter/Minimal_Default.Minimal_Default:PersistentLevel' has LevelScriptBlueprint '/Game/MyCharacter/Minimal_Default.Minimal_Default:PersistentLevel.Minimal_Default' with GeneratedClass '/Game/MyCharacter/Minimal_Default.Minimal_Default_C' with ClassGeneratedBy '/Game/MyCharacter/Minimal_Default.Minimal_Default:PersistentLevel.Minimal_Default'
[2016.10.13-11.07.52:458][745]LogMaterial:Warning: Material /Game/MyCharacter/Weapons/Material_WeaponTrail.Material_WeaponTrail missing bUsedWithBeamTrails=True! Default Material will be used in game.
[2016.10.13-11.07.52:458][745]LogMaterial:Warning:      The material will recompile every editor launch until resaved.
[2016.10.13-11.07.55:283][937]LogBlueprintUserMessages: Early EndPlayMap Detection: Level '/Game/MyCharacter/Minimal_Default.Minimal_Default:PersistentLevel' has LevelScriptBlueprint '/Game/MyCharacter/Minimal_Default.Minimal_Default:PersistentLevel.Minimal_Default' with GeneratedClass '/Game/MyCharacter/Minimal_Default.Minimal_Default_C' with ClassGeneratedBy '/Game/MyCharacter/Minimal_Default.Minimal_Default:PersistentLevel.Minimal_Default'
[2016.10.13-11.07.55:325][937]LogBlueprintUserMessages: Late EndPlayMap Detection: Level '/Game/MyCharacter/Minimal_Default.Minimal_Default:PersistentLevel' has LevelScriptBlueprint '/Game/MyCharacter/Minimal_Default.Minimal_Default:PersistentLevel.Minimal_Default' with GeneratedClass '/Game/MyCharacter/Minimal_Default.Minimal_Default_C' with ClassGeneratedBy '/Game/MyCharacter/Minimal_Default.Minimal_Default:PersistentLevel.Minimal_Default'
[2016.10.13-11.07.56:496][ 16]LogBlueprintUserMessages: Early PlayInEditor Detection: Level '/Game/MyCharacter/Minimal_Default.Minimal_Default:PersistentLevel' has LevelScriptBlueprint '/Game/MyCharacter/Minimal_Default.Minimal_Default:PersistentLevel.Minimal_Default' with GeneratedClass '/Game/MyCharacter/Minimal_Default.Minimal_Default_C' with ClassGeneratedBy '/Game/MyCharacter/Minimal_Default.Minimal_Default:PersistentLevel.Minimal_Default'
[2016.10.13-11.07.56:496][ 16]LogPlayLevel: PlayLevel: No blueprints needed recompiling
[2016.10.13-11.07.56:496][ 16]PIE: New page: PIE会话: Minimal_Default (2016年10月14日 上午3:07:56)
[2016.10.13-11.07.56:496][ 16]LogPlayLevel: Creating play world package: /Game/MyCharacter/UEDPIE_0_Minimal_Default
[2016.10.13-11.07.56:505][ 16]LogPlayLevel: PIE: StaticDuplicateObject took: (0.009468s)
[2016.10.13-11.07.56:506][ 16]LogAIModule: Creating AISystem for world Minimal_Default
[2016.10.13-11.07.56:506][ 16]LogPlayLevel: PIE: World Init took: (0.000773s)
[2016.10.13-11.07.56:506][ 16]LogPlayLevel: PIE: Created PIE world by copying editor world from /Game/MyCharacter/Minimal_Default.Minimal_Default to /Game/MyCharacter/UEDPIE_0_Minimal_Default.Minimal_Default (0.010510s)
[2016.10.13-11.07.56:524][ 16]LogInit: XAudio2 using '扬声器 (Realtek High Definition Audio)' : 2 channels at 48 kHz using 32 bits per sample (channel mask 0x3)
[2016.10.13-11.07.56:537][ 16]LogInit: FAudioDevice initialized.
[2016.10.13-11.07.56:588][ 16]LogWorld: Game class is 'MyGameMode_C'
[2016.10.13-11.07.56:590][ 16]LogWorld: Bringing World /Game/MyCharacter/UEDPIE_0_Minimal_Default.Minimal_Default up for play (max tick rate 0) at 2016.10.13-19.07.56
[2016.10.13-11.07.56:591][ 16]LogWorld: Bringing up level for play took: 0.001901
[2016.10.13-11.07.56:595][ 16]PIE: 信息 /Game/MyCharacter/UEDPIE_0_Minimal_Default的‘在编辑器中播放’的起始时间-0.388
[2016.10.13-11.07.56:595][ 16]LogBlueprintUserMessages: Late PlayInEditor Detection: Level '/Game/MyCharacter/Minimal_Default.Minimal_Default:PersistentLevel' has LevelScriptBlueprint '/Game/MyCharacter/Minimal_Default.Minimal_Default:PersistentLevel.Minimal_Default' with GeneratedClass '/Game/MyCharacter/Minimal_Default.Minimal_Default_C' with ClassGeneratedBy '/Game/MyCharacter/Minimal_Default.Minimal_Default:PersistentLevel.Minimal_Default'
[2016.10.13-11.08.00:673][300]LogBlueprintUserMessages: Early EndPlayMap Detection: Level '/Game/MyCharacter/Minimal_Default.Minimal_Default:PersistentLevel' has LevelScriptBlueprint '/Game/MyCharacter/Minimal_Default.Minimal_Default:PersistentLevel.Minimal_Default' with GeneratedClass '/Game/MyCharacter/Minimal_Default.Minimal_Default_C' with ClassGeneratedBy '/Game/MyCharacter/Minimal_Default.Minimal_Default:PersistentLevel.Minimal_Default'
[2016.10.13-11.08.00:714][300]LogBlueprintUserMessages: Late EndPlayMap Detection: Level '/Game/MyCharacter/Minimal_Default.Minimal_Default:PersistentLevel' has LevelScriptBlueprint '/Game/MyCharacter/Minimal_Default.Minimal_Default:PersistentLevel.Minimal_Default' with GeneratedClass '/Game/MyCharacter/Minimal_Default.Minimal_Default_C' with ClassGeneratedBy '/Game/MyCharacter/Minimal_Default.Minimal_Default:PersistentLevel.Minimal_Default'
[2016.10.13-11.08.01:672][365]LogBlueprintUserMessages: Early PlayInEditor Detection: Level '/Game/MyCharacter/Minimal_Default.Minimal_Default:PersistentLevel' has LevelScriptBlueprint '/Game/MyCharacter/Minimal_Default.Minimal_Default:PersistentLevel.Minimal_Default' with GeneratedClass '/Game/MyCharacter/Minimal_Default.Minimal_Default_C' with ClassGeneratedBy '/Game/MyCharacter/Minimal_Default.Minimal_Default:PersistentLevel.Minimal_Default'
[2016.10.13-11.08.01:672][365]LogPlayLevel: PlayLevel: No blueprints needed recompiling
[2016.10.13-11.08.01:672][365]PIE: New page: PIE会话: Minimal_Default (2016年10月14日 上午3:08:01)
[2016.10.13-11.08.01:673][365]LogPlayLevel: Creating play world package: /Game/MyCharacter/UEDPIE_0_Minimal_Default
[2016.10.13-11.08.01:682][365]LogPlayLevel: PIE: StaticDuplicateObject took: (0.009766s)
[2016.10.13-11.08.01:683][365]LogAIModule: Creating AISystem for world Minimal_Default
[2016.10.13-11.08.01:683][365]LogPlayLevel: PIE: World Init took: (0.000669s)
[2016.10.13-11.08.01:683][365]LogPlayLevel: PIE: Created PIE world by copying editor world from /Game/MyCharacter/Minimal_Default.Minimal_Default to /Game/MyCharacter/UEDPIE_0_Minimal_Default.Minimal_Default (0.010670s)
[2016.10.13-11.08.01:702][365]LogInit: XAudio2 using '扬声器 (Realtek High Definition Audio)' : 2 channels at 48 kHz using 32 bits per sample (channel mask 0x3)
[2016.10.13-11.08.01:715][365]LogInit: FAudioDevice initialized.
[2016.10.13-11.08.01:764][365]LogWorld: Game class is 'MyGameMode_C'
[2016.10.13-11.08.01:767][365]LogWorld: Bringing World /Game/MyCharacter/UEDPIE_0_Minimal_Default.Minimal_Default up for play (max tick rate 0) at 2016.10.13-19.08.01
[2016.10.13-11.08.01:767][365]LogWorld: Bringing up level for play took: 0.002051
[2016.10.13-11.08.01:772][365]PIE: 信息 /Game/MyCharacter/UEDPIE_0_Minimal_Default的‘在编辑器中播放’的起始时间0.789
[2016.10.13-11.08.01:772][365]LogBlueprintUserMessages: Late PlayInEditor Detection: Level '/Game/MyCharacter/Minimal_Default.Minimal_Default:PersistentLevel' has LevelScriptBlueprint '/Game/MyCharacter/Minimal_Default.Minimal_Default:PersistentLevel.Minimal_Default' with GeneratedClass '/Game/MyCharacter/Minimal_Default.Minimal_Default_C' with ClassGeneratedBy '/Game/MyCharacter/Minimal_Default.Minimal_Default:PersistentLevel.Minimal_Default'
[2016.10.13-11.08.12:292][119]LogBlueprintUserMessages: Early EndPlayMap Detection: Level '/Game/MyCharacter/Minimal_Default.Minimal_Default:PersistentLevel' has LevelScriptBlueprint '/Game/MyCharacter/Minimal_Default.Minimal_Default:PersistentLevel.Minimal_Default' with GeneratedClass '/Game/MyCharacter/Minimal_Default.Minimal_Default_C' with ClassGeneratedBy '/Game/MyCharacter/Minimal_Default.Minimal_Default:PersistentLevel.Minimal_Default'
[2016.10.13-11.08.12:333][119]LogBlueprintUserMessages: Late EndPlayMap Detection: Level '/Game/MyCharacter/Minimal_Default.Minimal_Default:PersistentLevel' has LevelScriptBlueprint '/Game/MyCharacter/Minimal_Default.Minimal_Default:PersistentLevel.Minimal_Default' with GeneratedClass '/Game/MyCharacter/Minimal_Default.Minimal_Default_C' with ClassGeneratedBy '/Game/MyCharacter/Minimal_Default.Minimal_Default:PersistentLevel.Minimal_Default'
[2016.10.13-11.08.18:633][462]LogBlueprintUserMessages: Early PlayInEditor Detection: Level '/Game/MyCharacter/Minimal_Default.Minimal_Default:PersistentLevel' has LevelScriptBlueprint '/Game/MyCharacter/Minimal_Default.Minimal_Default:PersistentLevel.Minimal_Default' with GeneratedClass '/Game/MyCharacter/Minimal_Default.Minimal_Default_C' with ClassGeneratedBy '/Game/MyCharacter/Minimal_Default.Minimal_Default:PersistentLevel.Minimal_Default'
[2016.10.13-11.08.18:633][462]LogPlayLevel: PlayLevel: No blueprints needed recompiling
[2016.10.13-11.08.18:633][462]PIE: New page: PIE会话: Minimal_Default (2016年10月14日 上午3:08:18)
[2016.10.13-11.08.18:633][462]LogPlayLevel: Creating play world package: /Game/MyCharacter/UEDPIE_0_Minimal_Default
[2016.10.13-11.08.18:643][462]LogPlayLevel: PIE: StaticDuplicateObject took: (0.009720s)
[2016.10.13-11.08.18:644][462]LogAIModule: Creating AISystem for world Minimal_Default
[2016.10.13-11.08.18:644][462]LogPlayLevel: PIE: World Init took: (0.000577s)
[2016.10.13-11.08.18:644][462]LogPlayLevel: PIE: Created PIE world by copying editor world from /Game/MyCharacter/Minimal_Default.Minimal_Default to /Game/MyCharacter/UEDPIE_0_Minimal_Default.Minimal_Default (0.010549s)
[2016.10.13-11.08.18:700][462]LogInit: XAudio2 using '扬声器 (Realtek High Definition Audio)' : 2 channels at 48 kHz using 32 bits per sample (channel mask 0x3)
[2016.10.13-11.08.18:712][462]LogInit: FAudioDevice initialized.
[2016.10.13-11.08.18:759][462]LogWorld: Game class is 'MyGameMode_C'
[2016.10.13-11.08.18:762][462]LogWorld: Bringing World /Game/MyCharacter/UEDPIE_0_Minimal_Default.Minimal_Default up for play (max tick rate 0) at 2016.10.13-19.08.18
[2016.10.13-11.08.18:764][462]LogWorld: Bringing up level for play took: 0.003928
[2016.10.13-11.08.18:769][462]PIE: 信息 /Game/MyCharacter/UEDPIE_0_Minimal_Default的‘在编辑器中播放’的起始时间-0.213
[2016.10.13-11.08.18:769][462]LogBlueprintUserMessages: Late PlayInEditor Detection: Level '/Game/MyCharacter/Minimal_Default.Minimal_Default:PersistentLevel' has LevelScriptBlueprint '/Game/MyCharacter/Minimal_Default.Minimal_Default:PersistentLevel.Minimal_Default' with GeneratedClass '/Game/MyCharacter/Minimal_Default.Minimal_Default_C' with ClassGeneratedBy '/Game/MyCharacter/Minimal_Default.Minimal_Default:PersistentLevel.Minimal_Default'
[2016.10.13-11.08.21:794][629]LogBlueprintUserMessages: [BTD_CurrMana_C_1] 1.0
[2016.10.13-11.08.25:604][875]LogBlueprintUserMessages: [BTD_CurrMana_C_1] 0.4
[2016.10.13-11.08.26:621][941]LogBlueprintUserMessages: [BTD_CurrMana_C_1] 0.469001
[2016.10.13-11.08.28:030][ 36]LogBlueprintUserMessages: [BTD_CurrMana_C_1] 0.611502
[2016.10.13-11.08.29:549][138]LogBlueprintUserMessages: [BTD_CurrMana_C_1] 0.764504
[2016.10.13-11.08.30:937][233]LogBlueprintUserMessages: [BTD_CurrMana_C_1] 0.907005
[2016.10.13-11.08.31:995][303]LogBlueprintUserMessages: [BTD_CurrMana_C_1] 1.000006
[2016.10.13-11.08.47:975][435]LogBlueprintUserMessages: Early EndPlayMap Detection: Level '/Game/MyCharacter/Minimal_Default.Minimal_Default:PersistentLevel' has LevelScriptBlueprint '/Game/MyCharacter/Minimal_Default.Minimal_Default:PersistentLevel.Minimal_Default' with GeneratedClass '/Game/MyCharacter/Minimal_Default.Minimal_Default_C' with ClassGeneratedBy '/Game/MyCharacter/Minimal_Default.Minimal_Default:PersistentLevel.Minimal_Default'
[2016.10.13-11.08.48:051][435]LogBlueprintUserMessages: Late EndPlayMap Detection: Level '/Game/MyCharacter/Minimal_Default.Minimal_Default:PersistentLevel' has LevelScriptBlueprint '/Game/MyCharacter/Minimal_Default.Minimal_Default:PersistentLevel.Minimal_Default' with GeneratedClass '/Game/MyCharacter/Minimal_Default.Minimal_Default_C' with ClassGeneratedBy '/Game/MyCharacter/Minimal_Default.Minimal_Default:PersistentLevel.Minimal_Default'
[2016.10.13-11.08.51:280][501]Cmd: QUIT_EDITOR
[2016.10.13-11.08.51:875][501]LogWindowsTextInputMethodSystem:Display: IME system now activated using TSF (微软拼音).
[2016.10.13-11.08.51:920][501]LogExit: Preparing to exit.
[2016.10.13-11.08.53:239][501]LogExit: Editor shut down
[2016.10.13-11.08.53:240][501]LogExit: Transaction tracking system shut down
[2016.10.13-11.08.53:420][501]LogObj: Freed 0b from 0 cluster array pools.
[2016.10.13-11.08.53:420][501]LogExit: Object subsystem successfully closed.
[2016.10.13-11.08.53:454][501]LogD3D11RHI: Shutdown
[2016.10.13-11.08.53:454][501]LogHairWorks:Display: HairWorks SDK released
[2016.10.13-11.08.53:454][501]LogD3D11RHI: CleanupD3DDevice
[2016.10.13-11.08.53:787][501]LogD3D11RHI: ~FD3D11DynamicRHI
[2016.10.13-11.08.53:806][501]LogModuleManager: Shutting down and abandoning module MovieSceneCapture (210)
[2016.10.13-11.08.53:806][501]LogModuleManager: Shutting down and abandoning module BlueprintGraph (209)
[2016.10.13-11.08.53:806][501]LogModuleManager: Shutting down and abandoning module HierarchicalLODOutliner (208)
[2016.10.13-11.08.53:806][501]LogModuleManager: Shutting down and abandoning module CrashTracker (207)
[2016.10.13-11.08.53:806][501]LogModuleManager: Shutting down and abandoning module SceneOutliner (206)
[2016.10.13-11.08.53:806][501]LogModuleManager: Shutting down and abandoning module WidgetCarousel (205)
[2016.10.13-11.08.53:806][501]LogModuleManager: Shutting down and abandoning module AddContentDialog (204)
[2016.10.13-11.08.53:809][501]LogModuleManager: Shutting down and abandoning module GameplayTags (203)
[2016.10.13-11.08.53:809][501]LogModuleManager: Shutting down and abandoning module EditorWidgets (202)
[2016.10.13-11.08.53:809][501]LogModuleManager: Shutting down and abandoning module CollectionManager (201)
[2016.10.13-11.08.53:809][501]LogModuleManager: Shutting down and abandoning module StatsViewer (200)
[2016.10.13-11.08.53:809][501]LogModuleManager: Shutting down and abandoning module FoliageEdit (199)
[2016.10.13-11.08.53:809][501]LogModuleManager: Shutting down and abandoning module LandscapeEditor (198)
[2016.10.13-11.08.53:810][501]LogModuleManager: Shutting down and abandoning module SceneDepthPickerMode (197)
[2016.10.13-11.08.53:810][501]LogModuleManager: Shutting down and abandoning module ActorPickerMode (196)
[2016.10.13-11.08.53:810][501]LogModuleManager: Shutting down and abandoning module GeometryMode (195)
[2016.10.13-11.08.53:810][501]LogModuleManager: Shutting down and abandoning module TextureAlignMode (194)
[2016.10.13-11.08.53:810][501]LogModuleManager: Shutting down and abandoning module BspMode (193)
[2016.10.13-11.08.53:810][501]LogModuleManager: Shutting down and abandoning module HardwareSurvey (192)
[2016.10.13-11.08.53:810][501]LogModuleManager: Shutting down and abandoning module SequenceRecorderSections (191)
[2016.10.13-11.08.53:810][501]LogModuleManager: Shutting down and abandoning module SequenceRecorder (190)
[2016.10.13-11.08.53:810][501]LogModuleManager: Shutting down and abandoning module AutomationWorker (189)
[2016.10.13-11.08.53:810][501]LogModuleManager: Shutting down and abandoning module MatineeToLevelSequence (188)
[2016.10.13-11.08.53:810][501]LogModuleManager: Shutting down and abandoning module PlacementMode (187)
[2016.10.13-11.08.53:810][501]LogModuleManager: Shutting down and abandoning module LevelSequenceEditor (186)
[2016.10.13-11.08.53:810][501]LogModuleManager: Shutting down and abandoning module CharacterAI (185)
[2016.10.13-11.08.53:810][501]LogModuleManager: Shutting down and abandoning module SmartSnapping (184)
[2016.10.13-11.08.53:810][501]LogModuleManager: Shutting down and abandoning module SessionServices (183)
[2016.10.13-11.08.53:810][501]LogModuleManager: Shutting down and abandoning module ViewportSnapping (182)
[2016.10.13-11.08.53:810][501]LogModuleManager: Shutting down and abandoning module LogVisualizer (181)
[2016.10.13-11.08.53:810][501]LogModuleManager: Shutting down and abandoning module GameProjectGeneration (180)
[2016.10.13-11.08.53:810][501]LogModuleManager: Shutting down and abandoning module IntroTutorials (179)
[2016.10.13-11.08.53:810][501]LogModuleManager: Shutting down and abandoning module EditorLiveStreaming (178)
[2016.10.13-11.08.53:810][501]LogModuleManager: Shutting down and abandoning module IOSPlatformEditor (177)
[2016.10.13-11.08.53:810][501]LogModuleManager: Shutting down and abandoning module HTML5PlatformEditor (176)
[2016.10.13-11.08.53:810][501]LogModuleManager: Shutting down and abandoning module AndroidDeviceDetection (175)
[2016.10.13-11.08.54:742][501]LogModuleManager: Shutting down and abandoning module AndroidPlatformEditor (174)
[2016.10.13-11.08.54:742][501]LogModuleManager: Shutting down and abandoning module IOSRuntimeSettings (173)
[2016.10.13-11.08.54:743][501]LogModuleManager: Shutting down and abandoning module AndroidRuntimeSettings (172)
[2016.10.13-11.08.54:743][501]LogModuleManager: Shutting down and abandoning module MergeActors (171)
[2016.10.13-11.08.54:743][501]LogModuleManager: Shutting down and abandoning module SizeMap (170)
[2016.10.13-11.08.54:743][501]LogModuleManager: Shutting down and abandoning module TreeMap (169)
[2016.10.13-11.08.54:743][501]LogModuleManager: Shutting down and abandoning module ReferenceViewer (168)
[2016.10.13-11.08.54:743][501]LogModuleManager: Shutting down and abandoning module LocalizationService (167)
[2016.10.13-11.08.54:743][501]LogModuleManager: Shutting down and abandoning module LocalizationDashboard (166)
[2016.10.13-11.08.54:743][501]LogModuleManager: Shutting down and abandoning module HardwareTargeting (165)
[2016.10.13-11.08.54:743][501]LogModuleManager: Shutting down and abandoning module DeviceProfileEditor (164)
[2016.10.13-11.08.54:743][501]LogModuleManager: Shutting down and abandoning module UndoHistory (163)
[2016.10.13-11.08.54:743][501]LogModuleManager: Shutting down and abandoning module UserFeedback (162)
[2016.10.13-11.08.54:743][501]LogModuleManager: Shutting down and abandoning module XmlParser (161)
[2016.10.13-11.08.54:743][501]LogModuleManager: Shutting down and abandoning module Blutility (160)
[2016.10.13-11.08.54:743][501]LogModuleManager: Shutting down and abandoning module ProjectTargetPlatformEditor (159)
[2016.10.13-11.08.54:743][501]LogModuleManager: Shutting down and abandoning module ProjectSettingsViewer (158)
[2016.10.13-11.08.54:743][501]LogModuleManager: Shutting down and abandoning module InputBindingEditor (157)
[2016.10.13-11.08.54:744][501]LogModuleManager: Shutting down and abandoning module EditorSettingsViewer (156)
[2016.10.13-11.08.54:744][501]LogModuleManager: Shutting down and abandoning module SettingsEditor (155)
[2016.10.13-11.08.54:744][501]LogModuleManager: Shutting down and abandoning module ProjectLauncher (154)
[2016.10.13-11.08.54:744][501]LogModuleManager: Shutting down and abandoning module SessionFrontend (153)
[2016.10.13-11.08.54:744][501]LogModuleManager: Shutting down and abandoning module ProfilerClient (152)
[2016.10.13-11.08.54:744][501]LogModuleManager: Shutting down and abandoning module TargetDeviceServices (151)
[2016.10.13-11.08.54:744][501]LogModuleManager: Shutting down and abandoning module DeviceManager (150)
[2016.10.13-11.08.54:785][501]LogModuleManager: Shutting down and abandoning module AutomationController (149)
[2016.10.13-11.08.54:785][501]LogModuleManager: Shutting down and abandoning module AutomationWindow (148)
[2016.10.13-11.08.54:785][501]LogModuleManager: Shutting down and abandoning module Layers (147)
[2016.10.13-11.08.54:785][501]LogModuleManager: Shutting down and abandoning module ComponentVisualizers (146)
[2016.10.13-11.08.54:785][501]LogModuleManager: Shutting down and abandoning module DetailCustomizations (145)
[2016.10.13-11.08.54:786][501]LogModuleManager: Shutting down and abandoning module PackagesDialog (144)
[2016.10.13-11.08.54:786][501]LogModuleManager: Shutting down and abandoning module Persona (143)
[2016.10.13-11.08.54:786][501]LogModuleManager: Shutting down and abandoning module Kismet (142)
[2016.10.13-11.08.54:786][501]LogModuleManager: Shutting down and abandoning module GraphEditor (141)
[2016.10.13-11.08.54:786][501]LogModuleManager: Shutting down and abandoning module ClassViewer (140)
[2016.10.13-11.08.54:786][501]LogModuleManager: Shutting down and abandoning module Toolbox (139)
[2016.10.13-11.08.54:786][501]LogModuleManager: Shutting down and abandoning module ModuleUI (138)
[2016.10.13-11.08.54:786][501]LogModuleManager: Shutting down and abandoning module MovieSceneTools (137)
[2016.10.13-11.08.54:786][501]LogModuleManager: Shutting down and abandoning module OutputLog (136)
[2016.10.13-11.08.54:786][501]LogModuleManager: Shutting down and abandoning module GammaUI (135)
[2016.10.13-11.08.54:787][501]LogModuleManager: Shutting down and abandoning module Documentation (134)
[2016.10.13-11.08.54:787][501]LogModuleManager: Shutting down and abandoning module StreamingPauseRendering (133)
[2016.10.13-11.08.54:787][501]LogModuleManager: Shutting down and abandoning module AnalyticsET (132)
[2016.10.13-11.08.54:787][501]LogModuleManager: Shutting down and abandoning module Analytics (131)
[2016.10.13-11.08.54:787][501]LogModuleManager: Shutting down and abandoning module PortalServices (130)
[2016.10.13-11.08.54:787][501]LogModuleManager: Shutting down and abandoning module PortalRpc (129)
[2016.10.13-11.08.54:787][501]LogModuleManager: Shutting down and abandoning module MessagingRpc (128)
[2016.10.13-11.08.54:787][501]LogModuleManager: Shutting down and abandoning module GameplayDebugger (127)
[2016.10.13-11.08.54:787][501]LogModuleManager: Shutting down and abandoning module AITestSuite (126)
[2016.10.13-11.08.54:787][501]LogModuleManager: Shutting down and abandoning module AIModule (125)
[2016.10.13-11.08.54:787][501]LogModuleManager: Shutting down and abandoning module ProfilerService (124)
[2016.10.13-11.08.54:929][501]LogModuleManager: Shutting down and abandoning module TaskGraph (123)
[2016.10.13-11.08.54:929][501]LogModuleManager: Shutting down and abandoning module SlateRemote (122)
[2016.10.13-11.08.54:929][501]LogModuleManager: Shutting down and abandoning module SteamVRController (121)
[2016.10.13-11.08.54:929][501]LogModuleManager: Shutting down and abandoning module SteamVR (120)
[2016.10.13-11.08.54:929][501]LogModuleManager: Shutting down and abandoning module ProceduralMeshComponent (119)
[2016.10.13-11.08.54:929][501]LogModuleManager: Shutting down and abandoning module OculusLibrary (118)
[2016.10.13-11.08.54:929][501]LogModuleManager: Shutting down and abandoning module OculusInput (117)
[2016.10.13-11.08.54:929][501]LogModuleManager: Shutting down and abandoning module CustomMeshComponent (116)
[2016.10.13-11.08.54:929][501]LogModuleManager: Shutting down and abandoning module CableComponent (115)
[2016.10.13-11.08.54:929][501]LogModuleManager: Shutting down and abandoning module ArchVisCharacter (114)
[2016.10.13-11.08.54:929][501]LogModuleManager: Shutting down and abandoning module MediaPlayerEditor (113)
[2016.10.13-11.08.54:929][501]LogModuleManager: Shutting down and abandoning module HTML5Networking (112)
[2016.10.13-11.08.54:929][501]LogModuleManager: Shutting down and abandoning module SuperSearch (111)
[2016.10.13-11.08.54:929][501]LogModuleManager: Shutting down and abandoning module SuperSearchEditor (110)
[2016.10.13-11.08.54:929][501]LogModuleManager: Shutting down and abandoning module SpeedTreeImporter (109)
[2016.10.13-11.08.54:929][501]LogModuleManager: Shutting down and abandoning module PluginBrowser (108)
[2016.10.13-11.08.54:929][501]LogModuleManager: Shutting down and abandoning module EpicSurvey (107)
[2016.10.13-11.08.54:929][501]LogModuleManager: Shutting down and abandoning module DesktopPlatform (106)
[2016.10.13-11.08.54:929][501]LogModuleManager: Shutting down and abandoning module VisualStudioSourceCodeAccess (105)
[2016.10.13-11.08.54:929][501]LogModuleManager: Shutting down and abandoning module UObjectPlugin (104)
[2016.10.13-11.08.54:929][501]LogModuleManager: Shutting down and abandoning module SubversionSourceControl (103)
[2016.10.13-11.08.54:929][501]LogModuleManager: Shutting down and abandoning module PerforceSourceControl (102)
[2016.10.13-11.08.54:929][501]LogModuleManager: Shutting down and abandoning module SourceControl (101)
[2016.10.13-11.08.54:929][501]LogModuleManager: Shutting down and abandoning module GitSourceControl (100)
[2016.10.13-11.08.54:929][501]LogModuleManager: Shutting down and abandoning module LightPropagationVolumeEditor (99)
[2016.10.13-11.08.54:929][501]LogModuleManager: Shutting down and abandoning module PaperTiledImporter (98)
[2016.10.13-11.08.54:929][501]LogModuleManager: Shutting down and abandoning module PaperSpriteSheetImporter (97)
[2016.10.13-11.08.54:929][501]LogModuleManager: Shutting down and abandoning module MeshPaint (96)
[2016.10.13-11.08.54:929][501]LogModuleManager: Shutting down and abandoning module PixelInspectorModule (95)
[2016.10.13-11.08.54:929][501]LogModuleManager: Shutting down and abandoning module HotReload (94)
[2016.10.13-11.08.54:930][501]LogModuleManager: Shutting down and abandoning module MainFrame (93)
[2016.10.13-11.08.54:930][501]LogModuleManager: Shutting down and abandoning module LevelEditor (92)
[2016.10.13-11.08.54:931][501]LogModuleManager: Shutting down and abandoning module ContentBrowser (91)
[2016.10.13-11.08.54:932][501]LogModuleManager: Shutting down and abandoning module Paper2DEditor (90)
[2016.10.13-11.08.54:932][501]LogModuleManager: Shutting down and abandoning module UdpMessaging (89)
[2016.10.13-11.08.55:033][501]LogModuleManager: Shutting down and abandoning module LightPropagationVolumeRuntime (88)
[2016.10.13-11.08.55:033][501]LogModuleManager: Shutting down and abandoning module Paper2D (87)
[2016.10.13-11.08.55:033][501]LogModuleManager: Shutting down and abandoning module WindowsMoviePlayer (86)
[2016.10.13-11.08.55:033][501]LogModuleManager: Shutting down and abandoning module Media (85)
[2016.10.13-11.08.55:033][501]LogModuleManager: Shutting down and abandoning module WmfMedia (84)
[2016.10.13-11.08.55:033][501]LogModuleManager: Shutting down and abandoning module MediaAssets (83)
[2016.10.13-11.08.55:033][501]LogModuleManager: Shutting down and abandoning module GameLiveStreaming (82)
[2016.10.13-11.08.55:033][501]LogModuleManager: Shutting down and abandoning module GameplayTagsEditor (81)
[2016.10.13-11.08.55:033][501]LogModuleManager: Shutting down and abandoning module OnlineBlueprintSupport (80)
[2016.10.13-11.08.55:033][501]LogModuleManager: Shutting down and abandoning module VREditor (79)
[2016.10.13-11.08.55:033][501]LogModuleManager: Shutting down and abandoning module GameplayTasksEditor (78)
[2016.10.13-11.08.55:033][501]LogModuleManager: Shutting down and abandoning module PropertyEditor (77)
[2016.10.13-11.08.55:033][501]LogModuleManager: Shutting down and abandoning module BehaviorTreeEditor (76)
[2016.10.13-11.08.55:033][501]LogModuleManager: Shutting down and abandoning module FunctionalTesting (75)
[2016.10.13-11.08.55:033][501]LogModuleManager: Shutting down and abandoning module CollisionAnalyzer (74)
[2016.10.13-11.08.55:033][501]LogModuleManager: Shutting down and abandoning module Sequencer (73)
[2016.10.13-11.08.55:033][501]LogModuleManager: Shutting down and abandoning module WorkspaceMenuStructure (72)
[2016.10.13-11.08.55:033][501]LogModuleManager: Shutting down and abandoning module MessageLog (71)
[2016.10.13-11.08.55:033][501]LogModuleManager: Shutting down and abandoning module AssetTools (70)
[2016.10.13-11.08.55:033][501]LogModuleManager: Shutting down and abandoning module UMGEditor (69)
[2016.10.13-11.08.55:033][501]LogModuleManager: Shutting down and abandoning module UMG (68)
[2016.10.13-11.08.55:033][501]LogModuleManager: Shutting down and abandoning module SlateReflector (67)
[2016.10.13-11.08.55:034][501]LogModuleManager: Shutting down and abandoning module Slate (66)
[2016.10.13-11.08.55:034][501]LogModuleManager: Shutting down and abandoning module EditorStyle (65)
[2016.10.13-11.08.55:037][501]LogModuleManager: Shutting down and abandoning module SourceCodeAccess (64)
[2016.10.13-11.08.55:037][501]LogModuleManager: Shutting down and abandoning module HeadMountedDisplay (63)
[2016.10.13-11.08.55:037][501]LogModuleManager: Shutting down and abandoning module XAudio2 (62)
[2016.10.13-11.08.55:037][501]LogModuleManager: Shutting down and abandoning module Networking (60)
[2016.10.13-11.08.55:037][501]LogModuleManager: Shutting down and abandoning module Core (59)
[2016.10.13-11.08.55:037][501]LogModuleManager: Shutting down and abandoning module DirectoryWatcher (58)
[2016.10.13-11.08.55:037][501]LogModuleManager: Shutting down and abandoning module AssetRegistry (57)
[2016.10.13-11.08.55:239][501]LogModuleManager: Shutting down and abandoning module KismetCompiler (56)
[2016.10.13-11.08.55:239][501]LogModuleManager: Shutting down and abandoning module PhysXFormats (55)
[2016.10.13-11.08.55:239][501]LogModuleManager: Shutting down and abandoning module MeshUtilities (54)
[2016.10.13-11.08.55:239][501]LogModuleManager: Shutting down and abandoning module DerivedDataCache (53)
[2016.10.13-11.08.55:375][501]LogDerivedDataCache: Shutdown
[2016.10.13-11.08.55:375][501]LogModuleManager: Shutting down and abandoning module MetalShaderFormat (52)
[2016.10.13-11.08.55:375][501]LogModuleManager: Shutting down and abandoning module VulkanShaderFormat (51)
[2016.10.13-11.08.55:375][501]LogModuleManager: Shutting down and abandoning module ShaderFormatD3D (50)
[2016.10.13-11.08.55:375][501]LogModuleManager: Shutting down and abandoning module ShaderFormatOpenGL (49)
[2016.10.13-11.08.55:375][501]LogModuleManager: Shutting down and abandoning module TextureFormatUncompressed (48)
[2016.10.13-11.08.55:375][501]LogModuleManager: Shutting down and abandoning module ImageWrapper (47)
[2016.10.13-11.08.55:375][501]LogModuleManager: Shutting down and abandoning module TextureFormatASTC (46)
[2016.10.13-11.08.55:375][501]LogModuleManager: Shutting down and abandoning module TextureFormatPVR (45)
[2016.10.13-11.08.55:375][501]LogModuleManager: Shutting down and abandoning module TextureFormatDXT (44)
[2016.10.13-11.08.55:375][501]LogModuleManager: Shutting down and abandoning module TextureFormatIntelISPCTexComp (43)
[2016.10.13-11.08.55:376][501]LogModuleManager: Shutting down and abandoning module AudioFormatOpus (42)
[2016.10.13-11.08.55:376][501]LogModuleManager: Shutting down and abandoning module AudioFormatOgg (41)
[2016.10.13-11.08.55:376][501]LogModuleManager: Shutting down and abandoning module AudioFormatADPCM (40)
[2016.10.13-11.08.55:376][501]LogModuleManager: Shutting down and abandoning module TVOSTargetPlatform (39)
[2016.10.13-11.08.55:376][501]LogModuleManager: Shutting down and abandoning module Messaging (38)
[2016.10.13-11.08.55:376][501]LogModuleManager: Shutting down and abandoning module IOSTargetPlatform (37)
[2016.10.13-11.08.55:376][501]LogModuleManager: Shutting down and abandoning module HTML5TargetPlatform (36)
[2016.10.13-11.08.55:376][501]LogModuleManager: Shutting down and abandoning module Android_MultiTargetPlatform (35)
[2016.10.13-11.08.55:376][501]LogModuleManager: Shutting down and abandoning module Android_ASTCTargetPlatform (34)
[2016.10.13-11.08.55:376][501]LogModuleManager: Shutting down and abandoning module Android_ETC2TargetPlatform (33)
[2016.10.13-11.08.55:376][501]LogModuleManager: Shutting down and abandoning module Android_ETC1TargetPlatform (32)
[2016.10.13-11.08.55:376][501]LogModuleManager: Shutting down and abandoning module Android_DXTTargetPlatform (31)
[2016.10.13-11.08.55:376][501]LogModuleManager: Shutting down and abandoning module Android_ATCTargetPlatform (30)
[2016.10.13-11.08.55:376][501]LogModuleManager: Shutting down and abandoning module Android_PVRTCTargetPlatform (29)
[2016.10.13-11.08.55:376][501]LogModuleManager: Shutting down and abandoning module AndroidTargetPlatform (28)
[2016.10.13-11.08.55:376][501]LogModuleManager: Shutting down and abandoning module AllDesktopTargetPlatform (27)
[2016.10.13-11.08.55:376][501]LogModuleManager: Shutting down and abandoning module WindowsClientTargetPlatform (26)
[2016.10.13-11.08.55:376][501]LogModuleManager: Shutting down and abandoning module WindowsServerTargetPlatform (25)
[2016.10.13-11.08.55:376][501]LogModuleManager: Shutting down and abandoning module WindowsNoEditorTargetPlatform (24)
[2016.10.13-11.08.55:376][501]LogModuleManager: Shutting down and abandoning module WindowsTargetPlatform (23)
[2016.10.13-11.08.55:376][501]LogModuleManager: Shutting down and abandoning module TargetPlatform (22)
[2016.10.13-11.08.55:376][501]LogModuleManager: Shutting down and abandoning module InputCore (21)
[2016.10.13-11.08.55:376][501]LogModuleManager: Shutting down and abandoning module Settings (20)
[2016.10.13-11.08.55:376][501]LogModuleManager: Shutting down and abandoning module OnlineSubsystem (18)
[2016.10.13-11.08.55:376][501]LogModuleManager: Shutting down and abandoning module HTTP (17)
[2016.10.13-11.09.04:532][501]LogModuleManager: Shutting down and abandoning module OculusRift (16)
[2016.10.13-11.09.04:532][501]LogModuleManager: Shutting down and abandoning module ExampleDeviceProfileSelector (15)
[2016.10.13-11.09.04:532][501]LogModuleManager: Shutting down and abandoning module TextureCompressor (14)
[2016.10.13-11.09.04:532][501]LogModuleManager: Shutting down and abandoning module ShaderCore (13)
[2016.10.13-11.09.04:532][501]LogModuleManager: Shutting down and abandoning module Landscape (12)
[2016.10.13-11.09.04:532][501]LogModuleManager: Shutting down and abandoning module SlateRHIRenderer (11)
[2016.10.13-11.09.04:537][501]LogModuleManager: Shutting down and abandoning module OpenGLDrv (10)
[2016.10.13-11.09.04:537][501]LogModuleManager: Shutting down and abandoning module D3D11RHI (9)
[2016.10.13-11.09.04:537][501]LogModuleManager: Shutting down and abandoning module AnimGraphRuntime (8)
[2016.10.13-11.09.04:537][501]LogModuleManager: Shutting down and abandoning module Renderer (7)
[2016.10.13-11.09.04:537][501]LogModuleManager: Shutting down and abandoning module Engine (6)
[2016.10.13-11.09.04:537][501]LogModuleManager: Shutting down and abandoning module CoreUObject (5)
[2016.10.13-11.09.04:537][501]LogModuleManager: Shutting down and abandoning module NetworkFile (4)
[2016.10.13-11.09.04:537][501]LogModuleManager: Shutting down and abandoning module StreamingFile (3)
[2016.10.13-11.09.04:537][501]LogModuleManager: Shutting down and abandoning module SandboxFile (2)
[2016.10.13-11.09.04:537][501]LogModuleManager: Shutting down and abandoning module PakFile (1)
[2016.10.13-11.09.04:541][501]LogExit: Exiting.
[2016.10.13-11.09.04:543][501]Log file closed, 10/13/16 19:09:04
