Log file open, 10/14/16 15:28:13
LogInit:Display: Running engine for game: JiangHuPro
LogPlatformFile: Not using cached read wrapper
LogInit:Display: RandInit(-1411008528) SRandInit(-1411008527).
LogInit: Using version manifest at CL 0 with build ID '7cd5ca22-809b-4f2f-b42f-17b8a5d970bd'
LogTaskGraph: Started task graph with 4 named threads and 7 total threads with 1 sets of task threads.
LogStats: Stats thread started at 0.077473
LogInit: Version: 4.12.4-0+UE4
LogInit: API Version: 0
LogInit: Net Version: 0
LogDevObjectVersion: Number of dev versions registered: 13
LogDevObjectVersion:   Dev-Blueprints (B0D832E4-1F89-4F0D-ACCF-7EB736FD4AA2): 3
LogDevObjectVersion:   Dev-Build (E1C64328-A22C-4D53-A36C-8E866417BD8C): 0
LogDevObjectVersion:   Dev-Core (375EC13C-06E4-48FB-B500-84F0262A717E): 1
LogDevObjectVersion:   Dev-Editor (E4B068ED-F494-42E9-A231-DA0B2E46BB41): 2
LogDevObjectVersion:   Dev-Framework (CFFC743F-43B0-4480-9391-14DF171D2073): 6
LogDevObjectVersion:   Dev-Mobile (B02B49B5-BB20-44E9-A304-32B752E40360): 0
LogDevObjectVersion:   Dev-Networking (A4E4105C-59A1-49B5-A7C5-40C4547EDFEE): 0
LogDevObjectVersion:   Dev-Online (39C831C9-5AE6-47DC-9A44-9C173E1C8E7C): 0
LogDevObjectVersion:   Dev-Physics (78F01B33-EBEA-4F98-B9B4-84EACCB95AA2): 0
LogDevObjectVersion:   Dev-Platform (6631380F-2D4D-43E0-8009-CF276956A95A): 0
LogDevObjectVersion:   Dev-Rendering (12F88B9F-8875-4AFC-A67C-D90C383ABD29): 2
LogDevObjectVersion:   Dev-Sequencer (7B5AE74C-D270-4C10-A958-57980B212A5A): 0
LogDevObjectVersion:   Dev-VR (D7296918-1DD6-4BDD-9DE2-64A83CC13884): 0
LogInit: Compiled (64-bit): Sep 29 2016 15:09:05
LogInit: Compiled with Visual C++: 19.00.23026.00
LogInit: Build Configuration: Development
LogInit: Branch Name: UE4
LogInit: Command line:  
LogInit: Base directory: C:/Users/soco2/Desktop/UE4/UE4-Hairwroks/Engine/Binaries/Win64/
LogInit: Installed Engine Build: 0
LogInit: Using libcurl 7.41.0
LogInit:  - built for x86_64-pc-win32
LogInit:  - supports SSL with WinSSL
LogInit:  - other features:
LogInit:      CURL_VERSION_SSL
LogInit:      CURL_VERSION_IPV6
LogInit:      CURL_VERSION_ASYNCHDNS
LogInit:      CURL_VERSION_LARGEFILE
LogInit:      CURL_VERSION_IDN
LogInit:  CurlRequestOptions (configurable via config and command line):
LogInit:  - bVerifyPeer = true  - Libcurl will verify peer certificate
LogInit:  - bUseHttpProxy = false  - Libcurl will NOT use HTTP proxy
LogInit:  - bDontReuseConnections = false  - Libcurl will reuse connections
LogInit:  - CertBundlePath = nullptr  - Libcurl will use whatever was configured at build time.
LogInit: Presizing for max 8388607 objects, including 0 objects not considered by GC, pre-allocating 0 bytes for permanent pool.
LogInit: Object subsystem initialized
[2016.10.14-07.28.13:706][  0]LogInit: Selected Device Profile: [Windows]
[2016.10.14-07.28.13:706][  0]LogInit: Applying CVar settings loaded from the selected device profile: [Windows]
[2016.10.14-07.28.13:722][  0]LogInit: Computer: SOCO
[2016.10.14-07.28.13:722][  0]LogInit: User: soco2
[2016.10.14-07.28.13:722][  0]LogInit: CPU Page size=65536, Cores=4
[2016.10.14-07.28.13:722][  0]LogInit: High frequency timer resolution =3.117792 MHz
[2016.10.14-07.28.13:722][  0]LogMemory: Memory total: Physical=8.0GB (8GB approx)
[2016.10.14-07.28.13:722][  0]LogMemory: Platform Memory Stats for Windows
[2016.10.14-07.28.13:722][  0]LogMemory: Process Physical Memory: 190.08 MB used, 190.08 MB peak
[2016.10.14-07.28.13:722][  0]LogMemory: Process Virtual Memory: 195.01 MB used, 195.01 MB peak
[2016.10.14-07.28.13:722][  0]LogMemory: Physical Memory: 5013.68 MB used, 8142.95 MB total
[2016.10.14-07.28.13:722][  0]LogMemory: Virtual Memory: 550.34 MB used, 134217728.00 MB total
[2016.10.14-07.28.13:804][  0]LogTextLocalizationManager:Warning: Loaded localization resources contain conflicting entries for (Namespace:K2Node, Key:Target):
Localization Resource: (C:/Users/soco2/Desktop/UE4/UE4-Hairwroks/Engine/Content/Localization/EditorTutorials/zh-CN/EditorTutorials.locres) Source String Hash: (-1589014459) Localized String: (目标)
Localization Resource: (C:/Users/soco2/Desktop/UE4/UE4-Hairwroks/Engine/Content/Localization/Engine/zh-CN/Engine.locres) Source String Hash: (-1589014459) Localized String: (对象)
[2016.10.14-07.28.13:804][  0]LogTextLocalizationManager:Warning: Loaded localization resources contain conflicting entries for (Namespace:K2Node, Key:false):
Localization Resource: (C:/Users/soco2/Desktop/UE4/UE4-Hairwroks/Engine/Content/Localization/EditorTutorials/zh-CN/EditorTutorials.locres) Source String Hash: (816077464) Localized String: (假)
Localization Resource: (C:/Users/soco2/Desktop/UE4/UE4-Hairwroks/Engine/Content/Localization/Engine/zh-CN/Engine.locres) Source String Hash: (816077464) Localized String: (错误)
[2016.10.14-07.28.13:804][  0]LogTextLocalizationManager:Warning: Loaded localization resources contain conflicting entries for (Namespace:K2Node, Key:true):
Localization Resource: (C:/Users/soco2/Desktop/UE4/UE4-Hairwroks/Engine/Content/Localization/EditorTutorials/zh-CN/EditorTutorials.locres) Source String Hash: (-942328987) Localized String: (真)
Localization Resource: (C:/Users/soco2/Desktop/UE4/UE4-Hairwroks/Engine/Content/Localization/Engine/zh-CN/Engine.locres) Source String Hash: (-942328987) Localized String: (正确)
[2016.10.14-07.28.13:804][  0]LogTextLocalizationManager:Warning: Loaded localization resources contain conflicting entries for (Namespace:UObjectToolTips, Key:AnimNode_AssetPlayerBase:InternalTimeAccumulator):
Localization Resource: (C:/Users/soco2/Desktop/UE4/UE4-Hairwroks/Engine/Content/Localization/EditorTutorials/zh-CN/EditorTutorials.locres) Source String Hash: (502993589) Localized String: (用于引用此节点中的资源的累积时间)
Localization Resource: (C:/Users/soco2/Desktop/UE4/UE4-Hairwroks/Engine/Content/Localization/Engine/zh-CN/Engine.locres) Source String Hash: (502993589) Localized String: (引用该节点中资源所用的累计时间)
[2016.10.14-07.28.13:804][  0]LogTextLocalizationManager:Warning: Loaded localization resources contain conflicting entries for (Namespace:UObjectToolTips, Key:AnimNode_AssetPlayerBase:bIgnoreForRelevancyTest):
Localization Resource: (C:/Users/soco2/Desktop/UE4/UE4-Hairwroks/Engine/Content/Localization/EditorTutorials/zh-CN/EditorTutorials.locres) Source String Hash: (319969718) Localized String: (若为真，在状态中寻找最高权重动画的“相关动画”节点将忽视 此节点)
Localization Resource: (C:/Users/soco2/Desktop/UE4/UE4-Hairwroks/Engine/Content/Localization/Engine/zh-CN/Engine.locres) Source String Hash: (319969718) Localized String: (如果为真，那么将会忽略查找最高权重动画的"相关动画"节点。
这个节点)
[2016.10.14-07.28.13:804][  0]LogTextLocalizationManager:Warning: Loaded localization resources contain conflicting entries for (Namespace:UObjectToolTips, Key:AnimNode_AssetPlayerBase:BlendWeight):
Localization Resource: (C:/Users/soco2/Desktop/UE4/UE4-Hairwroks/Engine/Content/Localization/EditorTutorials/zh-CN/EditorTutorials.locres) Source String Hash: (-1232800293) Localized String: (此节点最后交会的混合权重)
Localization Resource: (C:/Users/soco2/Desktop/UE4/UE4-Hairwroks/Engine/Content/Localization/Engine/zh-CN/Engine.locres) Source String Hash: (-1232800293) Localized String: (该节点上一次遇到的混合权重)
[2016.10.14-07.28.13:933][  0]LogD3D11RHI: D3D11 adapters:
[2016.10.14-07.28.13:958][  0]LogD3D11RHI:    0. 'NVIDIA GeForce GTX 745' (Feature Level 11_0)
[2016.10.14-07.28.13:958][  0]LogD3D11RHI:       4062/0/4071 MB DedicatedVideo/DedicatedSystem/SharedSystem, Outputs:1, VendorId:0x10de
[2016.10.14-07.28.13:959][  0]LogD3D11RHI:    1. 'Microsoft Basic Render Driver' (Feature Level 11_0)
[2016.10.14-07.28.13:959][  0]LogD3D11RHI:       0/0/4071 MB DedicatedVideo/DedicatedSystem/SharedSystem, Outputs:0, VendorId:0x1414
[2016.10.14-07.28.13:959][  0]LogD3D11RHI: Chosen D3D11 Adapter: 0
[2016.10.14-07.28.13:965][  0]LogD3D11RHI: Creating new Direct3DDevice
[2016.10.14-07.28.13:965][  0]LogD3D11RHI:     GPU DeviceId: 0x1382 (for the marketing name, search the web for "GPU Device Id")
[2016.10.14-07.28.13:965][  0]LogWindows: EnumDisplayDevices:
[2016.10.14-07.28.13:965][  0]LogWindows:    0. 'NVIDIA GeForce GTX 745' (P:1 D:1)
[2016.10.14-07.28.13:965][  0]LogWindows:    1. 'NVIDIA GeForce GTX 745' (P:0 D:0)
[2016.10.14-07.28.13:965][  0]LogWindows:    2. 'NVIDIA GeForce GTX 745' (P:0 D:0)
[2016.10.14-07.28.13:965][  0]LogWindows: DebugString: FoundDriverCount:3 
[2016.10.14-07.28.13:965][  0]LogD3D11RHI:     Adapter Name: NVIDIA GeForce GTX 745
[2016.10.14-07.28.13:965][  0]LogD3D11RHI:   Driver Version: 369.09 (internal:21.21.13.6909, unified:369.09)
[2016.10.14-07.28.13:965][  0]LogD3D11RHI:      Driver Date: 8-1-2016
[2016.10.14-07.28.13:965][  0]LogRHI: Texture pool is 1361 MB (70% of 1945 MB)
[2016.10.14-07.28.13:978][  0]LogD3D11RHI: Async texture creation enabled
[2016.10.14-07.28.13:989][  0]LogD3D11RHI: GPU Timing Frequency: 1000.000000 (Debug: 2 1)
[2016.10.14-07.28.13:991][  0]LogHairWorks:Display: HairWorks SDK initialized OK
[2016.10.14-07.28.14:003][  0]LogShaderCompilers: Guid format shader working directory is 12 characters bigger than the processId version (../../../../JiangHuGit/JiangHuPro/Intermediate/Shaders/WorkingDirectory/19176/).
[2016.10.14-07.28.14:003][  0]LogShaderCompilers: Cleaned the shader compiler working directory 'C:/Users/soco2/AppData/Local/Temp/UnrealShaderWorkingDir/16086A684155A6C766727A80DF348CC9/'.
[2016.10.14-07.28.14:003][  0]LogShaderCompilers:Display: Using Local Shader Compiler.
[2016.10.14-07.28.14:878][  0]LogTemp:Display: Loaded TP WindowsTargetPlatform
[2016.10.14-07.28.14:887][  0]LogTemp:Display: Loaded TP WindowsNoEditorTargetPlatform
[2016.10.14-07.28.14:895][  0]LogTemp:Display: Loaded TP WindowsServerTargetPlatform
[2016.10.14-07.28.14:905][  0]LogTemp:Display: Loaded TP WindowsClientTargetPlatform
[2016.10.14-07.28.14:913][  0]LogTemp:Display: Loaded TP AllDesktopTargetPlatform
[2016.10.14-07.28.14:921][  0]LogTemp:Display: Loaded TP AndroidTargetPlatform
[2016.10.14-07.28.14:927][  0]LogTemp:Display: Loaded TP Android_PVRTCTargetPlatform
[2016.10.14-07.28.14:934][  0]LogTemp:Display: Loaded TP Android_ATCTargetPlatform
[2016.10.14-07.28.14:940][  0]LogTemp:Display: Loaded TP Android_DXTTargetPlatform
[2016.10.14-07.28.14:946][  0]LogTemp:Display: Loaded TP Android_ETC1TargetPlatform
[2016.10.14-07.28.14:953][  0]LogTemp:Display: Loaded TP Android_ETC2TargetPlatform
[2016.10.14-07.28.14:959][  0]LogTemp:Display: Loaded TP Android_ASTCTargetPlatform
[2016.10.14-07.28.14:966][  0]LogTemp:Display: Loaded TP Android_MultiTargetPlatform
[2016.10.14-07.28.14:967][  0]LogTemp:Display: Loaded TP HTML5TargetPlatform
[2016.10.14-07.28.14:987][  0]LogTemp:Display: Loaded TP IOSTargetPlatform
[2016.10.14-07.28.14:993][  0]LogTemp:Display: Loaded TP TVOSTargetPlatform
[2016.10.14-07.28.14:993][  0]LogTargetPlatformManager:Display: Building Assets For Windows
[2016.10.14-07.28.15:085][  0]LogDerivedDataCache:Display: Max Cache Size: 512 MB
[2016.10.14-07.28.15:537][  0]LogDerivedDataCache: Loaded boot cache 0.42s 48MB ../../../../JiangHuGit/JiangHuPro/DerivedDataCache/Boot.ddc.
[2016.10.14-07.28.15:537][  0]LogDerivedDataCache:Display: Loaded Boot cache: ../../../../JiangHuGit/JiangHuPro/DerivedDataCache/Boot.ddc
[2016.10.14-07.28.15:537][  0]LogDerivedDataCache: FDerivedDataBackendGraph:  Pak pak cache file ../../../../JiangHuGit/JiangHuPro/DerivedDataCache/DDC.ddp not found, will not use a pak cache.
[2016.10.14-07.28.15:537][  0]LogDerivedDataCache: Unable to find inner node Pak for hierarchical cache Hierarchy.
[2016.10.14-07.28.15:537][  0]LogDerivedDataCache: FDerivedDataBackendGraph:  EnginePak pak cache file ../../../Engine/DerivedDataCache/DDC.ddp not found, will not use a pak cache.
[2016.10.14-07.28.15:537][  0]LogDerivedDataCache: Unable to find inner node EnginePak for hierarchical cache Hierarchy.
[2016.10.14-07.28.15:549][  0]LogDerivedDataCache: Using Local data cache path ../../../Engine/DerivedDataCache: Writable
[2016.10.14-07.28.15:549][  0]LogDerivedDataCache: Shared data cache path not found in *engine.ini, will not use an Shared cache.
[2016.10.14-07.28.15:549][  0]LogDerivedDataCache: Unable to find inner node Shared for hierarchical cache Hierarchy.
[2016.10.14-07.28.15:730][  0]LogInit: Selected Device Profile: [Windows]
[2016.10.14-07.28.15:730][  0]LogContentStreaming: Texture pool size is 0.00 MB
[2016.10.14-07.28.15:896][  0]LogMeshUtilities: No automatic mesh reduction module available
[2016.10.14-07.28.15:896][  0]LogMeshUtilities: No automatic mesh merging module available
[2016.10.14-07.28.15:896][  0]LogMeshUtilities: No distributed automatic mesh merging module available
[2016.10.14-07.28.16:221][  0]LogAssetRegistry: FAssetRegistry took 0.0213 seconds to start up
[2016.10.14-07.28.16:293][  0]LogPackageLocalizationCache: Processed 3 localized package path(s) for 4 prioritized culture(s) in 0.069710 seconds
[2016.10.14-07.28.16:299][  0]LogUObjectArray: 28882 objects as part of root set at end of initial load.
[2016.10.14-07.28.16:299][  0]LogUObjectAllocator: 5878280 out of 0 bytes used by permanent object pool.
[2016.10.14-07.28.16:299][  0]LogUObjectArray: CloseDisregardForGC: 0/0 objects in disregard for GC pool
[2016.10.14-07.28.16:307][  0]LogInit: WinSock: version 1.1 (2.2), MaxSocks=32767, MaxUdp=65467
[2016.10.14-07.28.16:679][  0]LogSlate: SlateFontCache - WITH_FREETYPE: 1, WITH_HARFBUZZ: 1
[2016.10.14-07.28.16:680][  0]LogSlate: SlateFontCache - WITH_FREETYPE: 1, WITH_HARFBUZZ: 1
[2016.10.14-07.28.42:751][  0]LogUdpMessaging: Initializing bridge on interface 0.0.0.0:0 to multicast group 230.0.0.1:6666.
[2016.10.14-07.28.43:803][  0]SourceControl: 信息 源码控制已禁用
[2016.10.14-07.28.43:830][  0]SourceControl: 信息 源码控制已禁用
[2016.10.14-07.28.43:849][  0]SourceControl: 信息 源码控制已禁用
[2016.10.14-07.28.43:869][  0]SourceControl: 信息 源码控制已禁用
[2016.10.14-07.28.44:805][  0]LogEngine: Initializing Engine...
[2016.10.14-07.28.44:813][  0]LogHMD: SteamVR failed to initialize.  Err: 110
[2016.10.14-07.28.44:813][  0]LogHMD: SteamVR failed to initialize.  Err: 110
[2016.10.14-07.28.45:120][  0]LogAIModule: Creating AISystem for world NewWorld
[2016.10.14-07.28.45:126][  0]LogInit: XAudio2 using '扬声器 (Realtek High Definition Audio)' : 2 channels at 48 kHz using 32 bits per sample (channel mask 0x3)
[2016.10.14-07.28.45:179][  0]LogInit: FAudioDevice initialized.
[2016.10.14-07.28.45:221][  0]LogDerivedDataCache: Saved boot cache 0.04s 48MB ../../../../JiangHuGit/JiangHuPro/DerivedDataCache/Boot.ddc.
[2016.10.14-07.28.45:235][  0]LogInit: Texture streaming: Enabled
[2016.10.14-07.28.45:331][  0]LogInit: Transaction tracking system initialized
[2016.10.14-07.28.45:511][  0]BlueprintLog: New page: 编辑器加载
[2016.10.14-07.28.45:889][  0]LocalizationService: 信息 本地化服务已被禁用
[2016.10.14-07.28.46:834][  0]LogConsoleResponse:Display: 
[2016.10.14-07.28.47:900][  0]LogCook:Display: Max memory allowance for cook 8192mb
[2016.10.14-07.28.47:900][  0]LogCook:Display: Mobile HDR setting 1
[2016.10.14-07.28.48:549][  0]LogFileCache: Scanning file cache for directory 'C:/Users/soco2/Desktop/UE4/JiangHuGit/JiangHuPro/Content/' took 0.01s
[2016.10.14-07.28.49:142][  0]SourceControl: 信息 源码控制已禁用
[2016.10.14-07.28.49:142][  0]Cmd: MAP LOAD FILE="../../../../JiangHuGit/JiangHuPro/Content/MyCharacter/Minimal_Default.umap" TEMPLATE=0 SHOWPROGRESS=1 FEATURELEVEL=3
[2016.10.14-07.28.49:207][  0]LightingResults: New page: 光照构建
[2016.10.14-07.28.49:210][  0]MapCheck: New page: 地图检测
[2016.10.14-07.28.49:211][  0]LightingResults: New page: 光照构建
[2016.10.14-07.28.53:091][  0]LogAIModule: Creating AISystem for world Minimal_Default
[2016.10.14-07.28.53:146][  0]LogEditorServer: Finished looking for orphan Actors (0.000 secs)
[2016.10.14-07.28.53:147][  0]Cmd: MAP CHECKDEP NOCLEARLOG
[2016.10.14-07.28.53:207][  0]MapCheck: 信息 地图检测完成：0个错误，0 个警告，用时60.172毫秒完成。
[2016.10.14-07.28.53:207][  0]LogFileHelpers: Loading map 'Minimal_Default' took 4.066
[2016.10.14-07.28.53:347][  0]LogCollectionManager: Loaded 0 collections in 0.002043 seconds
[2016.10.14-07.28.53:388][  0]LogFileCache: Scanning file cache for directory 'C:/Users/soco2/Desktop/UE4/JiangHuGit/JiangHuPro/Saved/Collections/' took 0.01s
[2016.10.14-07.28.53:388][  0]LogFileCache: Scanning file cache for directory 'C:/Users/soco2/Desktop/UE4/JiangHuGit/JiangHuPro/Content/Developers/soco2/Collections/' took 0.01s
[2016.10.14-07.28.53:388][  0]LogFileCache: Scanning file cache for directory 'C:/Users/soco2/Desktop/UE4/JiangHuGit/JiangHuPro/Content/Collections/' took 0.01s
[2016.10.14-07.28.53:388][  0]LogCollectionManager: Rebuilt the GUID cache for 0 collections in 0.000003 seconds
[2016.10.14-07.28.53:396][  0]LogContentBrowser: Native class hierarchy populated in 0.0081 seconds. Added 2052 classes and 367 folders.
[2016.10.14-07.28.53:399][  0]LogStats: UGameplayTagsManager::ConstructGameplayTagTree: Construct from data asset -  0.000 s
[2016.10.14-07.28.53:400][  0]LogStats: UGameplayTagsManager::ConstructGameplayTagTree: GameplayTagTreeChangedEvent.Broadcast -  0.000 s
[2016.10.14-07.28.53:400][  0]LogContentBrowser: Native class hierarchy updated for 'GameplayTags' in 0.0005 seconds. Added 12 classes and 0 folders.
[2016.10.14-07.28.53:405][  0]LogContentBrowser: Native class hierarchy updated for 'WidgetCarousel' in 0.0004 seconds. Added 0 classes and 0 folders.
[2016.10.14-07.28.53:449][  0]LogContentBrowser: Native class hierarchy updated for 'AddContentDialog' in 0.0004 seconds. Added 0 classes and 0 folders.
[2016.10.14-07.28.53:453][  0]LogContentBrowser: Native class hierarchy updated for 'SceneOutliner' in 0.0004 seconds. Added 1 classes and 2 folders.
[2016.10.14-07.28.53:513][  0]LogCrashTracker: Crashtracker disabled due to settings.
[2016.10.14-07.28.53:522][  0]LogUObjectGlobals:Warning: 寻找对象'Class 无.'失败
[2016.10.14-07.28.53:548][  0]LogContentBrowser: Native class hierarchy updated for 'HierarchicalLODOutliner' in 0.0004 seconds. Added 1 classes and 2 folders.
[2016.10.14-07.28.53:548][  0]LogLoad: Full Startup: 40.94 seconds (BP compile: 0.44 seconds)
[2016.10.14-07.28.53:548][  0]LogExternalProfiler: No external profilers were discovered.  External profiling features will not be available.
[2016.10.14-07.28.53:557][  0]LogOcInput: OculusInput pre-init called
[2016.10.14-07.28.53:580][  0]LogContentStreaming: Texture pool size now 400 MB
[2016.10.14-07.28.53:737][  0]LogRenderer: Reallocating scene render targets to support 1176x720 (Frame:2).
[2016.10.14-07.28.53:808][  1]Cmd: UpdateLandscapeEditorData -warnings
[2016.10.14-07.28.53:950][  1]LogAssetRegistry: Asset discovery search completed in 37.7506 seconds
[2016.10.14-07.28.53:950][  1]LogCollectionManager: Rebuilt the object cache for 0 collections in 0.000001 seconds (found 0 objects)
[2016.10.14-07.28.53:950][  1]LogCollectionManager: Fixed up redirectors for 0 collections in 0.000039 seconds (updated 0 objects)
[2016.10.14-07.34.37:311][514]LogGameProjectGeneration: Created new project with 4 files (plus project files)
[2016.10.14-07.34.37:346][515]Cmd: CLOSE_SLATE_MAINFRAME
[2016.10.14-07.34.37:521][515]LogWindowsTextInputMethodSystem:Display: IME system now activated using TSF (微软拼音).
[2016.10.14-07.34.37:712][516]Cmd: QUIT_EDITOR
[2016.10.14-07.34.37:876][516]LogExit: Preparing to exit.
[2016.10.14-07.34.39:131][516]LogExit: Editor shut down
[2016.10.14-07.34.39:133][516]LogExit: Transaction tracking system shut down
[2016.10.14-07.34.39:277][516]LogObj: Freed 0b from 0 cluster array pools.
[2016.10.14-07.34.39:277][516]LogExit: Object subsystem successfully closed.
[2016.10.14-07.34.39:301][516]LogD3D11RHI: Shutdown
[2016.10.14-07.34.39:301][516]LogHairWorks:Display: HairWorks SDK released
[2016.10.14-07.34.39:301][516]LogD3D11RHI: CleanupD3DDevice
[2016.10.14-07.34.39:357][516]LogD3D11RHI: ~FD3D11DynamicRHI
[2016.10.14-07.34.39:371][516]LogModuleManager: Shutting down and abandoning module HierarchicalLODOutliner (208)
[2016.10.14-07.34.39:371][516]LogModuleManager: Shutting down and abandoning module CrashTracker (207)
[2016.10.14-07.34.39:371][516]LogModuleManager: Shutting down and abandoning module SceneOutliner (206)
[2016.10.14-07.34.39:371][516]LogModuleManager: Shutting down and abandoning module WidgetCarousel (205)
[2016.10.14-07.34.39:371][516]LogModuleManager: Shutting down and abandoning module AddContentDialog (204)
[2016.10.14-07.34.39:372][516]LogModuleManager: Shutting down and abandoning module GameplayTags (203)
[2016.10.14-07.34.39:372][516]LogModuleManager: Shutting down and abandoning module EditorWidgets (202)
[2016.10.14-07.34.39:372][516]LogModuleManager: Shutting down and abandoning module CollectionManager (201)
[2016.10.14-07.34.39:372][516]LogModuleManager: Shutting down and abandoning module StatsViewer (200)
[2016.10.14-07.34.39:372][516]LogModuleManager: Shutting down and abandoning module FoliageEdit (199)
[2016.10.14-07.34.39:372][516]LogModuleManager: Shutting down and abandoning module LandscapeEditor (198)
[2016.10.14-07.34.39:373][516]LogModuleManager: Shutting down and abandoning module SceneDepthPickerMode (197)
[2016.10.14-07.34.39:373][516]LogModuleManager: Shutting down and abandoning module ActorPickerMode (196)
[2016.10.14-07.34.39:373][516]LogModuleManager: Shutting down and abandoning module GeometryMode (195)
[2016.10.14-07.34.39:373][516]LogModuleManager: Shutting down and abandoning module TextureAlignMode (194)
[2016.10.14-07.34.39:373][516]LogModuleManager: Shutting down and abandoning module BspMode (193)
[2016.10.14-07.34.39:373][516]LogModuleManager: Shutting down and abandoning module HardwareSurvey (192)
[2016.10.14-07.34.39:373][516]LogModuleManager: Shutting down and abandoning module SequenceRecorderSections (191)
[2016.10.14-07.34.39:373][516]LogModuleManager: Shutting down and abandoning module SequenceRecorder (190)
[2016.10.14-07.34.39:373][516]LogModuleManager: Shutting down and abandoning module AutomationWorker (189)
[2016.10.14-07.34.39:373][516]LogModuleManager: Shutting down and abandoning module MatineeToLevelSequence (188)
[2016.10.14-07.34.39:373][516]LogModuleManager: Shutting down and abandoning module PlacementMode (187)
[2016.10.14-07.34.39:373][516]LogModuleManager: Shutting down and abandoning module LevelSequenceEditor (186)
[2016.10.14-07.34.39:373][516]LogModuleManager: Shutting down and abandoning module CharacterAI (185)
[2016.10.14-07.34.39:373][516]LogModuleManager: Shutting down and abandoning module SmartSnapping (184)
[2016.10.14-07.34.39:373][516]LogModuleManager: Shutting down and abandoning module SessionServices (183)
[2016.10.14-07.34.39:373][516]LogModuleManager: Shutting down and abandoning module ViewportSnapping (182)
[2016.10.14-07.34.39:373][516]LogModuleManager: Shutting down and abandoning module LogVisualizer (181)
[2016.10.14-07.34.39:374][516]LogModuleManager: Shutting down and abandoning module GameProjectGeneration (180)
[2016.10.14-07.34.39:374][516]LogModuleManager: Shutting down and abandoning module IntroTutorials (179)
[2016.10.14-07.34.39:374][516]LogModuleManager: Shutting down and abandoning module EditorLiveStreaming (178)
[2016.10.14-07.34.39:374][516]LogModuleManager: Shutting down and abandoning module IOSPlatformEditor (177)
[2016.10.14-07.34.39:374][516]LogModuleManager: Shutting down and abandoning module HTML5PlatformEditor (176)
[2016.10.14-07.34.39:374][516]LogModuleManager: Shutting down and abandoning module AndroidDeviceDetection (175)
[2016.10.14-07.34.39:432][516]LogModuleManager: Shutting down and abandoning module AndroidPlatformEditor (174)
[2016.10.14-07.34.39:432][516]LogModuleManager: Shutting down and abandoning module IOSRuntimeSettings (173)
[2016.10.14-07.34.39:432][516]LogModuleManager: Shutting down and abandoning module AndroidRuntimeSettings (172)
[2016.10.14-07.34.39:432][516]LogModuleManager: Shutting down and abandoning module MergeActors (171)
[2016.10.14-07.34.39:432][516]LogModuleManager: Shutting down and abandoning module SizeMap (170)
[2016.10.14-07.34.39:432][516]LogModuleManager: Shutting down and abandoning module TreeMap (169)
[2016.10.14-07.34.39:432][516]LogModuleManager: Shutting down and abandoning module ReferenceViewer (168)
[2016.10.14-07.34.39:432][516]LogModuleManager: Shutting down and abandoning module LocalizationService (167)
[2016.10.14-07.34.39:432][516]LogModuleManager: Shutting down and abandoning module LocalizationDashboard (166)
[2016.10.14-07.34.39:432][516]LogModuleManager: Shutting down and abandoning module HardwareTargeting (165)
[2016.10.14-07.34.39:432][516]LogModuleManager: Shutting down and abandoning module DeviceProfileEditor (164)
[2016.10.14-07.34.39:432][516]LogModuleManager: Shutting down and abandoning module UndoHistory (163)
[2016.10.14-07.34.39:432][516]LogModuleManager: Shutting down and abandoning module UserFeedback (162)
[2016.10.14-07.34.39:432][516]LogModuleManager: Shutting down and abandoning module XmlParser (161)
[2016.10.14-07.34.39:432][516]LogModuleManager: Shutting down and abandoning module Blutility (160)
[2016.10.14-07.34.39:432][516]LogModuleManager: Shutting down and abandoning module ProjectTargetPlatformEditor (159)
[2016.10.14-07.34.39:432][516]LogModuleManager: Shutting down and abandoning module ProjectSettingsViewer (158)
[2016.10.14-07.34.39:432][516]LogModuleManager: Shutting down and abandoning module InputBindingEditor (157)
[2016.10.14-07.34.39:432][516]LogModuleManager: Shutting down and abandoning module EditorSettingsViewer (156)
[2016.10.14-07.34.39:432][516]LogModuleManager: Shutting down and abandoning module SettingsEditor (155)
[2016.10.14-07.34.39:432][516]LogModuleManager: Shutting down and abandoning module ProjectLauncher (154)
[2016.10.14-07.34.39:432][516]LogModuleManager: Shutting down and abandoning module SessionFrontend (153)
[2016.10.14-07.34.39:432][516]LogModuleManager: Shutting down and abandoning module ProfilerClient (152)
[2016.10.14-07.34.39:432][516]LogModuleManager: Shutting down and abandoning module TargetDeviceServices (151)
[2016.10.14-07.34.39:433][516]LogModuleManager: Shutting down and abandoning module DeviceManager (150)
[2016.10.14-07.34.39:476][516]LogModuleManager: Shutting down and abandoning module AutomationController (149)
[2016.10.14-07.34.39:476][516]LogModuleManager: Shutting down and abandoning module AutomationWindow (148)
[2016.10.14-07.34.39:476][516]LogModuleManager: Shutting down and abandoning module Layers (147)
[2016.10.14-07.34.39:476][516]LogModuleManager: Shutting down and abandoning module ComponentVisualizers (146)
[2016.10.14-07.34.39:476][516]LogModuleManager: Shutting down and abandoning module DetailCustomizations (145)
[2016.10.14-07.34.39:476][516]LogModuleManager: Shutting down and abandoning module PackagesDialog (144)
[2016.10.14-07.34.39:476][516]LogModuleManager: Shutting down and abandoning module Persona (143)
[2016.10.14-07.34.39:476][516]LogModuleManager: Shutting down and abandoning module Kismet (142)
[2016.10.14-07.34.39:476][516]LogModuleManager: Shutting down and abandoning module GraphEditor (141)
[2016.10.14-07.34.39:476][516]LogModuleManager: Shutting down and abandoning module ClassViewer (140)
[2016.10.14-07.34.39:476][516]LogModuleManager: Shutting down and abandoning module Toolbox (139)
[2016.10.14-07.34.39:476][516]LogModuleManager: Shutting down and abandoning module ModuleUI (138)
[2016.10.14-07.34.39:476][516]LogModuleManager: Shutting down and abandoning module MovieSceneTools (137)
[2016.10.14-07.34.39:476][516]LogModuleManager: Shutting down and abandoning module OutputLog (136)
[2016.10.14-07.34.39:476][516]LogModuleManager: Shutting down and abandoning module GammaUI (135)
[2016.10.14-07.34.39:476][516]LogModuleManager: Shutting down and abandoning module Documentation (134)
[2016.10.14-07.34.39:476][516]LogModuleManager: Shutting down and abandoning module StreamingPauseRendering (133)
[2016.10.14-07.34.39:476][516]LogModuleManager: Shutting down and abandoning module AnalyticsET (132)
[2016.10.14-07.34.39:476][516]LogModuleManager: Shutting down and abandoning module Analytics (131)
[2016.10.14-07.34.39:476][516]LogModuleManager: Shutting down and abandoning module PortalServices (130)
[2016.10.14-07.34.39:476][516]LogModuleManager: Shutting down and abandoning module PortalRpc (129)
[2016.10.14-07.34.39:476][516]LogModuleManager: Shutting down and abandoning module MessagingRpc (128)
[2016.10.14-07.34.39:476][516]LogModuleManager: Shutting down and abandoning module GameplayDebugger (127)
[2016.10.14-07.34.39:476][516]LogModuleManager: Shutting down and abandoning module AITestSuite (126)
[2016.10.14-07.34.39:476][516]LogModuleManager: Shutting down and abandoning module AIModule (125)
[2016.10.14-07.34.39:476][516]LogModuleManager: Shutting down and abandoning module ProfilerService (124)
[2016.10.14-07.34.39:691][516]LogModuleManager: Shutting down and abandoning module TaskGraph (123)
[2016.10.14-07.34.39:691][516]LogModuleManager: Shutting down and abandoning module SlateRemote (122)
[2016.10.14-07.34.39:691][516]LogModuleManager: Shutting down and abandoning module SteamVRController (121)
[2016.10.14-07.34.39:691][516]LogModuleManager: Shutting down and abandoning module SteamVR (120)
[2016.10.14-07.34.39:691][516]LogModuleManager: Shutting down and abandoning module ProceduralMeshComponent (119)
[2016.10.14-07.34.39:691][516]LogModuleManager: Shutting down and abandoning module OculusLibrary (118)
[2016.10.14-07.34.39:691][516]LogModuleManager: Shutting down and abandoning module OculusInput (117)
[2016.10.14-07.34.39:691][516]LogModuleManager: Shutting down and abandoning module CustomMeshComponent (116)
[2016.10.14-07.34.39:691][516]LogModuleManager: Shutting down and abandoning module CableComponent (115)
[2016.10.14-07.34.39:691][516]LogModuleManager: Shutting down and abandoning module ArchVisCharacter (114)
[2016.10.14-07.34.39:691][516]LogModuleManager: Shutting down and abandoning module MediaPlayerEditor (113)
[2016.10.14-07.34.39:691][516]LogModuleManager: Shutting down and abandoning module HTML5Networking (112)
[2016.10.14-07.34.39:691][516]LogModuleManager: Shutting down and abandoning module SuperSearch (111)
[2016.10.14-07.34.39:691][516]LogModuleManager: Shutting down and abandoning module SuperSearchEditor (110)
[2016.10.14-07.34.39:691][516]LogModuleManager: Shutting down and abandoning module SpeedTreeImporter (109)
[2016.10.14-07.34.39:691][516]LogModuleManager: Shutting down and abandoning module PluginBrowser (108)
[2016.10.14-07.34.39:691][516]LogModuleManager: Shutting down and abandoning module EpicSurvey (107)
[2016.10.14-07.34.39:691][516]LogModuleManager: Shutting down and abandoning module DesktopPlatform (106)
[2016.10.14-07.34.39:691][516]LogModuleManager: Shutting down and abandoning module VisualStudioSourceCodeAccess (105)
[2016.10.14-07.34.39:691][516]LogModuleManager: Shutting down and abandoning module UObjectPlugin (104)
[2016.10.14-07.34.39:691][516]LogModuleManager: Shutting down and abandoning module SubversionSourceControl (103)
[2016.10.14-07.34.39:691][516]LogModuleManager: Shutting down and abandoning module PerforceSourceControl (102)
[2016.10.14-07.34.39:691][516]LogModuleManager: Shutting down and abandoning module SourceControl (101)
[2016.10.14-07.34.39:692][516]LogModuleManager: Shutting down and abandoning module GitSourceControl (100)
[2016.10.14-07.34.39:692][516]LogModuleManager: Shutting down and abandoning module LightPropagationVolumeEditor (99)
[2016.10.14-07.34.39:692][516]LogModuleManager: Shutting down and abandoning module PaperTiledImporter (98)
[2016.10.14-07.34.39:692][516]LogModuleManager: Shutting down and abandoning module PaperSpriteSheetImporter (97)
[2016.10.14-07.34.39:692][516]LogModuleManager: Shutting down and abandoning module MeshPaint (96)
[2016.10.14-07.34.39:692][516]LogModuleManager: Shutting down and abandoning module PixelInspectorModule (95)
[2016.10.14-07.34.39:692][516]LogModuleManager: Shutting down and abandoning module HotReload (94)
[2016.10.14-07.34.39:692][516]LogModuleManager: Shutting down and abandoning module MainFrame (93)
[2016.10.14-07.34.39:692][516]LogModuleManager: Shutting down and abandoning module LevelEditor (92)
[2016.10.14-07.34.39:693][516]LogModuleManager: Shutting down and abandoning module ContentBrowser (91)
[2016.10.14-07.34.39:694][516]LogModuleManager: Shutting down and abandoning module Paper2DEditor (90)
[2016.10.14-07.34.39:694][516]LogModuleManager: Shutting down and abandoning module UdpMessaging (89)
[2016.10.14-07.34.39:795][516]LogModuleManager: Shutting down and abandoning module LightPropagationVolumeRuntime (88)
[2016.10.14-07.34.39:795][516]LogModuleManager: Shutting down and abandoning module Paper2D (87)
[2016.10.14-07.34.39:795][516]LogModuleManager: Shutting down and abandoning module WindowsMoviePlayer (86)
[2016.10.14-07.34.39:795][516]LogModuleManager: Shutting down and abandoning module Media (85)
[2016.10.14-07.34.39:795][516]LogModuleManager: Shutting down and abandoning module WmfMedia (84)
[2016.10.14-07.34.39:795][516]LogModuleManager: Shutting down and abandoning module MediaAssets (83)
[2016.10.14-07.34.39:795][516]LogModuleManager: Shutting down and abandoning module GameLiveStreaming (82)
[2016.10.14-07.34.39:795][516]LogModuleManager: Shutting down and abandoning module GameplayTagsEditor (81)
[2016.10.14-07.34.39:795][516]LogModuleManager: Shutting down and abandoning module OnlineBlueprintSupport (80)
[2016.10.14-07.34.39:795][516]LogModuleManager: Shutting down and abandoning module VREditor (79)
[2016.10.14-07.34.39:795][516]LogModuleManager: Shutting down and abandoning module GameplayTasksEditor (78)
[2016.10.14-07.34.39:795][516]LogModuleManager: Shutting down and abandoning module PropertyEditor (77)
[2016.10.14-07.34.39:795][516]LogModuleManager: Shutting down and abandoning module BehaviorTreeEditor (76)
[2016.10.14-07.34.39:795][516]LogModuleManager: Shutting down and abandoning module FunctionalTesting (75)
[2016.10.14-07.34.39:795][516]LogModuleManager: Shutting down and abandoning module CollisionAnalyzer (74)
[2016.10.14-07.34.39:795][516]LogModuleManager: Shutting down and abandoning module Sequencer (73)
[2016.10.14-07.34.39:795][516]LogModuleManager: Shutting down and abandoning module WorkspaceMenuStructure (72)
[2016.10.14-07.34.39:795][516]LogModuleManager: Shutting down and abandoning module MessageLog (71)
[2016.10.14-07.34.39:795][516]LogModuleManager: Shutting down and abandoning module AssetTools (70)
[2016.10.14-07.34.39:795][516]LogModuleManager: Shutting down and abandoning module UMGEditor (69)
[2016.10.14-07.34.39:795][516]LogModuleManager: Shutting down and abandoning module UMG (68)
[2016.10.14-07.34.39:795][516]LogModuleManager: Shutting down and abandoning module SlateReflector (67)
[2016.10.14-07.34.39:795][516]LogModuleManager: Shutting down and abandoning module Slate (66)
[2016.10.14-07.34.39:795][516]LogModuleManager: Shutting down and abandoning module EditorStyle (65)
[2016.10.14-07.34.39:799][516]LogModuleManager: Shutting down and abandoning module SourceCodeAccess (64)
[2016.10.14-07.34.39:799][516]LogModuleManager: Shutting down and abandoning module HeadMountedDisplay (63)
[2016.10.14-07.34.39:799][516]LogModuleManager: Shutting down and abandoning module XAudio2 (62)
[2016.10.14-07.34.39:799][516]LogModuleManager: Shutting down and abandoning module Networking (60)
[2016.10.14-07.34.39:799][516]LogModuleManager: Shutting down and abandoning module Core (59)
[2016.10.14-07.34.39:799][516]LogModuleManager: Shutting down and abandoning module DirectoryWatcher (58)
[2016.10.14-07.34.39:801][516]LogModuleManager: Shutting down and abandoning module AssetRegistry (57)
[2016.10.14-07.34.39:988][516]LogModuleManager: Shutting down and abandoning module KismetCompiler (56)
[2016.10.14-07.34.39:988][516]LogModuleManager: Shutting down and abandoning module PhysXFormats (55)
[2016.10.14-07.34.39:988][516]LogModuleManager: Shutting down and abandoning module MeshUtilities (54)
[2016.10.14-07.34.39:988][516]LogModuleManager: Shutting down and abandoning module DerivedDataCache (53)
[2016.10.14-07.34.40:046][516]LogDerivedDataCache: Shutdown
[2016.10.14-07.34.40:046][516]LogModuleManager: Shutting down and abandoning module MetalShaderFormat (52)
[2016.10.14-07.34.40:046][516]LogModuleManager: Shutting down and abandoning module VulkanShaderFormat (51)
[2016.10.14-07.34.40:046][516]LogModuleManager: Shutting down and abandoning module ShaderFormatD3D (50)
[2016.10.14-07.34.40:046][516]LogModuleManager: Shutting down and abandoning module ShaderFormatOpenGL (49)
[2016.10.14-07.34.40:046][516]LogModuleManager: Shutting down and abandoning module TextureFormatUncompressed (48)
[2016.10.14-07.34.40:046][516]LogModuleManager: Shutting down and abandoning module ImageWrapper (47)
[2016.10.14-07.34.40:046][516]LogModuleManager: Shutting down and abandoning module TextureFormatASTC (46)
[2016.10.14-07.34.40:046][516]LogModuleManager: Shutting down and abandoning module TextureFormatPVR (45)
[2016.10.14-07.34.40:046][516]LogModuleManager: Shutting down and abandoning module TextureFormatDXT (44)
[2016.10.14-07.34.40:046][516]LogModuleManager: Shutting down and abandoning module TextureFormatIntelISPCTexComp (43)
[2016.10.14-07.34.40:046][516]LogModuleManager: Shutting down and abandoning module AudioFormatOpus (42)
[2016.10.14-07.34.40:046][516]LogModuleManager: Shutting down and abandoning module AudioFormatOgg (41)
[2016.10.14-07.34.40:046][516]LogModuleManager: Shutting down and abandoning module AudioFormatADPCM (40)
[2016.10.14-07.34.40:046][516]LogModuleManager: Shutting down and abandoning module TVOSTargetPlatform (39)
[2016.10.14-07.34.40:046][516]LogModuleManager: Shutting down and abandoning module Messaging (38)
[2016.10.14-07.34.40:046][516]LogModuleManager: Shutting down and abandoning module IOSTargetPlatform (37)
[2016.10.14-07.34.40:046][516]LogModuleManager: Shutting down and abandoning module HTML5TargetPlatform (36)
[2016.10.14-07.34.40:046][516]LogModuleManager: Shutting down and abandoning module Android_MultiTargetPlatform (35)
[2016.10.14-07.34.40:046][516]LogModuleManager: Shutting down and abandoning module Android_ASTCTargetPlatform (34)
[2016.10.14-07.34.40:046][516]LogModuleManager: Shutting down and abandoning module Android_ETC2TargetPlatform (33)
[2016.10.14-07.34.40:046][516]LogModuleManager: Shutting down and abandoning module Android_ETC1TargetPlatform (32)
[2016.10.14-07.34.40:046][516]LogModuleManager: Shutting down and abandoning module Android_DXTTargetPlatform (31)
[2016.10.14-07.34.40:046][516]LogModuleManager: Shutting down and abandoning module Android_ATCTargetPlatform (30)
[2016.10.14-07.34.40:046][516]LogModuleManager: Shutting down and abandoning module Android_PVRTCTargetPlatform (29)
[2016.10.14-07.34.40:046][516]LogModuleManager: Shutting down and abandoning module AndroidTargetPlatform (28)
[2016.10.14-07.34.40:046][516]LogModuleManager: Shutting down and abandoning module AllDesktopTargetPlatform (27)
[2016.10.14-07.34.40:046][516]LogModuleManager: Shutting down and abandoning module WindowsClientTargetPlatform (26)
[2016.10.14-07.34.40:046][516]LogModuleManager: Shutting down and abandoning module WindowsServerTargetPlatform (25)
[2016.10.14-07.34.40:046][516]LogModuleManager: Shutting down and abandoning module WindowsNoEditorTargetPlatform (24)
[2016.10.14-07.34.40:046][516]LogModuleManager: Shutting down and abandoning module WindowsTargetPlatform (23)
[2016.10.14-07.34.40:046][516]LogModuleManager: Shutting down and abandoning module TargetPlatform (22)
[2016.10.14-07.34.40:047][516]LogModuleManager: Shutting down and abandoning module InputCore (21)
[2016.10.14-07.34.40:047][516]LogModuleManager: Shutting down and abandoning module Settings (20)
[2016.10.14-07.34.40:047][516]LogModuleManager: Shutting down and abandoning module OnlineSubsystem (18)
[2016.10.14-07.34.40:047][516]LogModuleManager: Shutting down and abandoning module HTTP (17)
[2016.10.14-07.34.42:685][516]LogModuleManager: Shutting down and abandoning module OculusRift (16)
[2016.10.14-07.34.42:685][516]LogModuleManager: Shutting down and abandoning module ExampleDeviceProfileSelector (15)
[2016.10.14-07.34.42:685][516]LogModuleManager: Shutting down and abandoning module TextureCompressor (14)
[2016.10.14-07.34.42:685][516]LogModuleManager: Shutting down and abandoning module ShaderCore (13)
[2016.10.14-07.34.42:685][516]LogModuleManager: Shutting down and abandoning module Landscape (12)
[2016.10.14-07.34.42:685][516]LogModuleManager: Shutting down and abandoning module SlateRHIRenderer (11)
[2016.10.14-07.34.42:693][516]LogModuleManager: Shutting down and abandoning module OpenGLDrv (10)
[2016.10.14-07.34.42:693][516]LogModuleManager: Shutting down and abandoning module D3D11RHI (9)
[2016.10.14-07.34.42:693][516]LogModuleManager: Shutting down and abandoning module AnimGraphRuntime (8)
[2016.10.14-07.34.42:693][516]LogModuleManager: Shutting down and abandoning module Renderer (7)
[2016.10.14-07.34.42:693][516]LogModuleManager: Shutting down and abandoning module Engine (6)
[2016.10.14-07.34.42:693][516]LogModuleManager: Shutting down and abandoning module CoreUObject (5)
[2016.10.14-07.34.42:693][516]LogModuleManager: Shutting down and abandoning module NetworkFile (4)
[2016.10.14-07.34.42:693][516]LogModuleManager: Shutting down and abandoning module StreamingFile (3)
[2016.10.14-07.34.42:693][516]LogModuleManager: Shutting down and abandoning module SandboxFile (2)
[2016.10.14-07.34.42:693][516]LogModuleManager: Shutting down and abandoning module PakFile (1)
[2016.10.14-07.34.42:709][516]LogExit: Exiting.
[2016.10.14-07.34.43:091][516]Log file closed, 10/14/16 15:34:43
